#
# A fatal error has been detected by the Java Runtime Environment:
#
#  EXCEPTION_ACCESS_VIOLATION (0xc0000005) at pc=0x00007ff9fedd268d, pid=11104, tid=0x0000000000002630
#
# JRE version: Java(TM) SE Runtime Environment (8.0_144-b01) (build 1.8.0_144-b01)
# Java VM: Java HotSpot(TM) 64-Bit Server VM (25.144-b01 mixed mode windows-amd64 compressed oops)
# Problematic frame:
# C  [lwjgl_opengl.dll+0x1268d]
#
# Failed to write core dump. Minidumps are not enabled by default on client versions of Windows
#
# If you would like to submit a bug report, please visit:
#   http://bugreport.java.com/bugreport/crash.jsp
# The crash happened outside the Java Virtual Machine in native code.
# See problematic frame for where to report the bug.
#

---------------  T H R E A D  ---------------

Current thread (0x0000000017772000):  JavaThread "Finalizer" daemon [_thread_in_native, id=9776, stack(0x0000000019000000,0x0000000019100000)]

siginfo: ExceptionCode=0xc0000005, reading address 0x0000000000000948

Registers:
RAX=0x00000000559d1d50, RBX=0x0000000017340ef8, RCX=0x0000000000000001, RDX=0x000000001a07dfbc
RSP=0x00000000190feed8, RBP=0x00000000190fef58, RSI=0x0000000000000770, RDI=0x000000000297835d
R8 =0x0000000000000001, R9 =0x000000001a07dfbc, R10=0x0000000000000000, R11=0x000000005545bc50
R12=0x0000000000000000, R13=0x0000000017340ef8, R14=0x00000000190fef88, R15=0x0000000017772000
RIP=0x00007ff9fedd268d, EFLAGS=0x0000000000010206

Top of Stack: (sp=0x00000000190feed8)
0x00000000190feed8:   0000000002987934 000000000297835d
0x00000000190feee8:   00000000029876ab 0000000017772000
0x00000000190feef8:   0000000017340ef8 0000000000000770
0x00000000190fef08:   0000000017772000 0000000002987662
0x00000000190fef18:   00000000190fef18 0000000017340ef8
0x00000000190fef28:   00000000190fef88 0000000017346428
0x00000000190fef38:   0000000000000000 0000000017340ef8
0x00000000190fef48:   0000000000000000 00000000190fef78
0x00000000190fef58:   00000000190fefd0 000000000297835d
0x00000000190fef68:   00000000d7e2a570 00000000029819d8
0x00000000190fef78:   000000001a07dfbc 00000000d58a3760
0x00000000190fef88:   0000000000000001 00000000190fef90
0x00000000190fef98:   000000001734106c 00000000190ff000
0x00000000190fefa8:   0000000017346428 0000000000000000
0x00000000190fefb8:   00000000173410e0 00000000190fef78
0x00000000190fefc8:   00000000190ff000 00000000190ff048 

Instructions: (pc=0x00007ff9fedd268d)
0x00007ff9fedd266d:   49 ff a2 e8 00 00 00 cc cc cc cc cc cc cc cc cc
0x00007ff9fedd267d:   cc cc cc 48 8b 01 49 8b d1 41 8b c8 4c 8b 50 18
0x00007ff9fedd268d:   49 ff a2 48 09 00 00 cc cc cc cc cc cc cc cc cc
0x00007ff9fedd269d:   cc cc cc 48 8b 01 49 8b d1 41 8b c8 4c 8b 50 18 


Register to memory mapping:

RAX=0x00000000559d1d50 is an unknown value
RBX={method} {0x0000000017340f00} 'nglDeleteBuffers' '(IJ)V' in 'org/lwjgl/opengl/GL15'
RCX=0x0000000000000001 is an unknown value
RDX=0x000000001a07dfbc is an unknown value
RSP=0x00000000190feed8 is pointing into the stack for thread: 0x0000000017772000
RBP=0x00000000190fef58 is pointing into the stack for thread: 0x0000000017772000
RSI=0x0000000000000770 is an unknown value
RDI=0x000000000297835d is at code_begin+2301 in an Interpreter codelet
invoke return entry points  [0x0000000002977a60, 0x0000000002978440]  2528 bytes
R8 =0x0000000000000001 is an unknown value
R9 =0x000000001a07dfbc is an unknown value
R10=0x0000000000000000 is an unknown value
R11=0x000000005545bc50 is an unknown value
R12=0x0000000000000000 is an unknown value
R13={method} {0x0000000017340f00} 'nglDeleteBuffers' '(IJ)V' in 'org/lwjgl/opengl/GL15'
R14=0x00000000190fef88 is pointing into the stack for thread: 0x0000000017772000
R15=0x0000000017772000 is a thread


Stack: [0x0000000019000000,0x0000000019100000],  sp=0x00000000190feed8,  free space=1019k
Native frames: (J=compiled Java code, j=interpreted, Vv=VM code, C=native code)
C  [lwjgl_opengl.dll+0x1268d]

Java frames: (J=compiled Java code, j=interpreted, Vv=VM code)
j  org.lwjgl.opengl.GL15.nglDeleteBuffers(IJ)V+0
j  org.lwjgl.opengl.GL15.glDeleteBuffers(I)V+20
j  render.Model.finalize()V+4
J 779 C1 java.lang.ref.Finalizer.runFinalizer(Lsun/misc/JavaLangAccess;)V (62 bytes) @ 0x0000000002c9fd4c [0x0000000002c9f7c0+0x58c]
J 778 C1 java.lang.ref.Finalizer.access$100(Ljava/lang/ref/Finalizer;Lsun/misc/JavaLangAccess;)V (6 bytes) @ 0x0000000002ca049c [0x0000000002ca0440+0x5c]
j  java.lang.ref.Finalizer$FinalizerThread.run()V+45
v  ~StubRoutines::call_stub

---------------  P R O C E S S  ---------------

Java Threads: ( => current thread )
  0x0000000019fa9800 JavaThread "Java2D Disposer" daemon [_thread_blocked, id=13448, stack(0x0000000022440000,0x0000000022540000)]
  0x000000001779e800 JavaThread "Service Thread" daemon [_thread_blocked, id=3088, stack(0x0000000019a00000,0x0000000019b00000)]
  0x000000001778f800 JavaThread "C1 CompilerThread2" daemon [_thread_blocked, id=12032, stack(0x0000000019500000,0x0000000019600000)]
  0x000000001778e800 JavaThread "C2 CompilerThread1" daemon [_thread_blocked, id=11012, stack(0x0000000019400000,0x0000000019500000)]
  0x000000001778b000 JavaThread "C2 CompilerThread0" daemon [_thread_blocked, id=9904, stack(0x0000000019300000,0x0000000019400000)]
  0x0000000017784800 JavaThread "Attach Listener" daemon [_thread_blocked, id=14996, stack(0x0000000019200000,0x0000000019300000)]
  0x0000000017783000 JavaThread "Signal Dispatcher" daemon [_thread_blocked, id=10324, stack(0x0000000019100000,0x0000000019200000)]
=>0x0000000017772000 JavaThread "Finalizer" daemon [_thread_in_native, id=9776, stack(0x0000000019000000,0x0000000019100000)]
  0x0000000002968000 JavaThread "Reference Handler" daemon [_thread_blocked, id=3448, stack(0x0000000018f00000,0x0000000019000000)]
  0x0000000002874800 JavaThread "main" [_thread_in_native, id=11636, stack(0x0000000002770000,0x0000000002870000)]

Other Threads:
  0x0000000017748000 VMThread [stack: 0x0000000018e00000,0x0000000018f00000] [id=14024]
  0x00000000196c9800 WatcherThread [stack: 0x0000000019b00000,0x0000000019c00000] [id=12028]

VM state:not at safepoint (normal execution)

VM Mutex/Monitor currently owned by a thread: None

Heap:
 PSYoungGen      total 38400K, used 4904K [0x00000000d5800000, 0x00000000d8280000, 0x0000000100000000)
  eden space 33280K, 3% used [0x00000000d5800000,0x00000000d5949ce0,0x00000000d7880000)
  from space 5120K, 70% used [0x00000000d7d80000,0x00000000d81006d8,0x00000000d8280000)
  to   space 5120K, 0% used [0x00000000d7880000,0x00000000d7880000,0x00000000d7d80000)
 ParOldGen       total 87552K, used 8486K [0x0000000080800000, 0x0000000085d80000, 0x00000000d5800000)
  object space 87552K, 9% used [0x0000000080800000,0x00000000810499c8,0x0000000085d80000)
 Metaspace       used 11698K, capacity 11865K, committed 12160K, reserved 1060864K
  class space    used 985K, capacity 1069K, committed 1152K, reserved 1048576K

Card table byte_map: [0x0000000011d30000,0x0000000012130000] byte_map_base: 0x000000001192c000

Marking Bits: (ParMarkBitMap*) 0x0000000055a4d850
 Begin Bits: [0x00000000129e0000, 0x00000000149c0000)
 End Bits:   [0x00000000149c0000, 0x00000000169a0000)

Polling page: 0x0000000000bd0000

CodeCache: size=245760Kb used=3843Kb max_used=3855Kb free=241916Kb
 bounds [0x0000000002970000, 0x0000000002d40000, 0x0000000011970000]
 total_blobs=1919 nmethods=1007 adapters=826
 compilation: enabled

Compilation events (10 events):
Event: 5.440 Thread 0x000000001778f800  997       3       java.util.concurrent.atomic.AtomicLong::decrementAndGet (16 bytes)
Event: 5.440 Thread 0x000000001778f800 nmethod 997 0x0000000002d15e90 code [0x0000000002d15fe0, 0x0000000002d16150]
Event: 5.443 Thread 0x000000001778b000 1000   !   4       java.lang.ref.Reference::tryHandlePending (115 bytes)
Event: 5.443 Thread 0x000000001778e800 1001  s    4       sun.misc.Cleaner::remove (89 bytes)
Event: 5.445 Thread 0x000000001778e800 nmethod 1001 0x0000000002d30790 code [0x0000000002d308e0, 0x0000000002d30bd8]
Event: 5.445 Thread 0x000000001778e800 1002       4       java.nio.DirectByteBuffer$Deallocator::run (37 bytes)
Event: 5.446 Thread 0x000000001778e800 nmethod 1002 0x0000000002d15b50 code [0x0000000002d15ca0, 0x0000000002d15dc8]
Event: 5.446 Thread 0x000000001778e800 1003       4       java.nio.Bits::unreserveMemory (63 bytes)
Event: 5.447 Thread 0x000000001778e800 nmethod 1003 0x0000000002d0c810 code [0x0000000002d0c940, 0x0000000002d0c9b8]
Event: 5.451 Thread 0x000000001778b000 nmethod 1000 0x0000000002d2dd10 code [0x0000000002d2dee0, 0x0000000002d2ec30]

GC Heap History (4 events):
Event: 3.627 GC heap before
{Heap before GC invocations=1 (full 0):
 PSYoungGen      total 38400K, used 28801K [0x00000000d5800000, 0x00000000d8280000, 0x0000000100000000)
  eden space 33280K, 86% used [0x00000000d5800000,0x00000000d74205d0,0x00000000d7880000)
  from space 5120K, 0% used [0x00000000d7d80000,0x00000000d7d80000,0x00000000d8280000)
  to   space 5120K, 0% used [0x00000000d7880000,0x00000000d7880000,0x00000000d7d80000)
 ParOldGen       total 87552K, used 0K [0x0000000080800000, 0x0000000085d80000, 0x00000000d5800000)
  object space 87552K, 0% used [0x0000000080800000,0x0000000080800000,0x0000000085d80000)
 Metaspace       used 11480K, capacity 11735K, committed 11904K, reserved 1060864K
  class space    used 972K, capacity 1068K, committed 1152K, reserved 1048576K
Event: 3.638 GC heap after
Heap after GC invocations=1 (full 0):
 PSYoungGen      total 38400K, used 5104K [0x00000000d5800000, 0x00000000d8280000, 0x0000000100000000)
  eden space 33280K, 0% used [0x00000000d5800000,0x00000000d5800000,0x00000000d7880000)
  from space 5120K, 99% used [0x00000000d7880000,0x00000000d7d7c148,0x00000000d7d80000)
  to   space 5120K, 0% used [0x00000000d7d80000,0x00000000d7d80000,0x00000000d8280000)
 ParOldGen       total 87552K, used 8478K [0x0000000080800000, 0x0000000085d80000, 0x00000000d5800000)
  object space 87552K, 9% used [0x0000000080800000,0x00000000810479c8,0x0000000085d80000)
 Metaspace       used 11480K, capacity 11735K, committed 11904K, reserved 1060864K
  class space    used 972K, capacity 1068K, committed 1152K, reserved 1048576K
}
Event: 5.430 GC heap before
{Heap before GC invocations=2 (full 0):
 PSYoungGen      total 38400K, used 38384K [0x00000000d5800000, 0x00000000d8280000, 0x0000000100000000)
  eden space 33280K, 100% used [0x00000000d5800000,0x00000000d7880000,0x00000000d7880000)
  from space 5120K, 99% used [0x00000000d7880000,0x00000000d7d7c148,0x00000000d7d80000)
  to   space 5120K, 0% used [0x00000000d7d80000,0x00000000d7d80000,0x00000000d8280000)
 ParOldGen       total 87552K, used 8478K [0x0000000080800000, 0x0000000085d80000, 0x00000000d5800000)
  object space 87552K, 9% used [0x0000000080800000,0x00000000810479c8,0x0000000085d80000)
 Metaspace       used 11698K, capacity 11865K, committed 12160K, reserved 1060864K
  class space    used 985K, capacity 1069K, committed 1152K, reserved 1048576K
Event: 5.439 GC heap after
Heap after GC invocations=2 (full 0):
 PSYoungGen      total 38400K, used 3585K [0x00000000d5800000, 0x00000000d8280000, 0x0000000100000000)
  eden space 33280K, 0% used [0x00000000d5800000,0x00000000d5800000,0x00000000d7880000)
  from space 5120K, 70% used [0x00000000d7d80000,0x00000000d81006d8,0x00000000d8280000)
  to   space 5120K, 0% used [0x00000000d7880000,0x00000000d7880000,0x00000000d7d80000)
 ParOldGen       total 87552K, used 8486K [0x0000000080800000, 0x0000000085d80000, 0x00000000d5800000)
  object space 87552K, 9% used [0x0000000080800000,0x00000000810499c8,0x0000000085d80000)
 Metaspace       used 11698K, capacity 11865K, committed 12160K, reserved 1060864K
  class space    used 985K, capacity 1069K, committed 1152K, reserved 1048576K
}

Deoptimization events (8 events):
Event: 0.141 Thread 0x0000000002874800 Uncommon trap: reason=unstable_if action=reinterpret pc=0x0000000002a7bd78 method=java.lang.String.hashCode()I @ 14
Event: 0.246 Thread 0x0000000002874800 Uncommon trap: reason=unstable_if action=reinterpret pc=0x0000000002af9168 method=java.lang.String.indexOf([CII[CIII)I @ 134
Event: 3.722 Thread 0x0000000002874800 Uncommon trap: reason=unstable_if action=reinterpret pc=0x0000000002cab94c method=render.Texture.<init>(Ljava/lang/String;)V @ 206
Event: 3.774 Thread 0x0000000002874800 Uncommon trap: reason=unstable_if action=reinterpret pc=0x0000000002ca9340 method=java.awt.image.ComponentColorModel.getRGB(Ljava/lang/Object;)I @ 4
Event: 3.801 Thread 0x0000000002874800 Uncommon trap: reason=unstable_if action=reinterpret pc=0x0000000002cccb74 method=java.awt.image.BufferedImage.getRGB(IIII[III)[I @ 163
Event: 5.439 Thread 0x0000000002874800 Uncommon trap: reason=unstable_if action=reinterpret pc=0x0000000002d181f4 method=java.nio.Bits.tryReserveMemory(JI)Z @ 29
Event: 5.440 Thread 0x0000000002874800 Uncommon trap: reason=unstable_if action=reinterpret pc=0x0000000002d108c0 method=java.nio.Bits.tryReserveMemory(JI)Z @ 29
Event: 5.453 Thread 0x0000000017772000 Uncommon trap: reason=unstable_if action=reinterpret pc=0x0000000002d0a7ec method=java.lang.ThreadLocal.get()Ljava/lang/Object; @ 11

Internal exceptions (10 events):
Event: 0.216 Thread 0x0000000002874800 Exception <a 'java/lang/NoSuchFieldError': method resolution failed> (0x00000000d5b097e0) thrown at [C:\re\workspace\8-2-build-windows-amd64-cygwin\jdk8u144\9417\hotspot\src\share\vm\prims\methodHandles.cpp, line 1146]
Event: 0.218 Thread 0x0000000002874800 Exception <a 'java/lang/NoSuchFieldError': method resolution failed> (0x00000000d5b16be0) thrown at [C:\re\workspace\8-2-build-windows-amd64-cygwin\jdk8u144\9417\hotspot\src\share\vm\prims\methodHandles.cpp, line 1146]
Event: 0.272 Thread 0x0000000002874800 Exception <a 'java/security/PrivilegedActionException'> (0x00000000d5c95f80) thrown at [C:\re\workspace\8-2-build-windows-amd64-cygwin\jdk8u144\9417\hotspot\src\share\vm\prims\jvm.cpp, line 1390]
Event: 0.272 Thread 0x0000000002874800 Exception <a 'java/security/PrivilegedActionException'> (0x00000000d5c96190) thrown at [C:\re\workspace\8-2-build-windows-amd64-cygwin\jdk8u144\9417\hotspot\src\share\vm\prims\jvm.cpp, line 1390]
Event: 0.273 Thread 0x0000000002874800 Exception <a 'java/security/PrivilegedActionException'> (0x00000000d5c99fe8) thrown at [C:\re\workspace\8-2-build-windows-amd64-cygwin\jdk8u144\9417\hotspot\src\share\vm\prims\jvm.cpp, line 1390]
Event: 0.273 Thread 0x0000000002874800 Exception <a 'java/security/PrivilegedActionException'> (0x00000000d5c9a1f8) thrown at [C:\re\workspace\8-2-build-windows-amd64-cygwin\jdk8u144\9417\hotspot\src\share\vm\prims\jvm.cpp, line 1390]
Event: 3.133 Thread 0x0000000002874800 Exception <a 'sun/nio/fs/WindowsException'> (0x00000000d5f8e978) thrown at [C:\re\workspace\8-2-build-windows-amd64-cygwin\jdk8u144\9417\hotspot\src\share\vm\prims\jni.cpp, line 709]
Event: 3.134 Thread 0x0000000002874800 Exception <a 'sun/nio/fs/WindowsException'> (0x00000000d5f8f1b8) thrown at [C:\re\workspace\8-2-build-windows-amd64-cygwin\jdk8u144\9417\hotspot\src\share\vm\prims\jni.cpp, line 709]
Event: 3.528 Thread 0x0000000002874800 Exception <a 'java/io/FileNotFoundException'> (0x00000000d6c63ef8) thrown at [C:\re\workspace\8-2-build-windows-amd64-cygwin\jdk8u144\9417\hotspot\src\share\vm\prims\jni.cpp, line 709]
Event: 5.453 Thread 0x0000000017772000 Implicit null exception at 0x0000000002d0a71c to 0x0000000002d0a7d5

Events (10 events):
Event: 5.439 Executing VM operation: ParallelGCFailedAllocation done
Event: 5.439 Thread 0x0000000002874800 Uncommon trap: trap_request=0xffffff65 fr.pc=0x0000000002d181f4
Event: 5.439 Thread 0x0000000002874800 DEOPT PACKING pc=0x0000000002d181f4 sp=0x000000000286f3f0
Event: 5.439 Thread 0x0000000002874800 DEOPT UNPACKING pc=0x00000000029b582a sp=0x000000000286f120 mode 2
Event: 5.440 Thread 0x0000000002874800 Uncommon trap: trap_request=0xffffff65 fr.pc=0x0000000002d108c0
Event: 5.440 Thread 0x0000000002874800 DEOPT PACKING pc=0x0000000002d108c0 sp=0x000000000286f2c0
Event: 5.440 Thread 0x0000000002874800 DEOPT UNPACKING pc=0x00000000029b582a sp=0x000000000286f158 mode 2
Event: 5.453 Thread 0x0000000017772000 Uncommon trap: trap_request=0xffffff65 fr.pc=0x0000000002d0a7ec
Event: 5.453 Thread 0x0000000017772000 DEOPT PACKING pc=0x0000000002d0a7ec sp=0x00000000190feef0
Event: 5.453 Thread 0x0000000017772000 DEOPT UNPACKING pc=0x00000000029b582a sp=0x00000000190fee90 mode 2


Dynamic libraries:
0x00007ff7b5750000 - 0x00007ff7b5787000 	C:\Program Files\Java\jre1.8.0_144\bin\javaw.exe
0x00007ffa35290000 - 0x00007ffa35462000 	C:\WINDOWS\SYSTEM32\ntdll.dll
0x00007ffa34d00000 - 0x00007ffa34dac000 	C:\WINDOWS\System32\KERNEL32.DLL
0x00007ffa32230000 - 0x00007ffa3244d000 	C:\WINDOWS\System32\KERNELBASE.dll
0x0000000055b40000 - 0x0000000055bf3000 	C:\Program Files\Bitdefender\Bitdefender 2015\Active Virus Control\Avc3_00442_083\avcuf64.dll
0x00007ffa331a0000 - 0x00007ffa33242000 	C:\WINDOWS\System32\ADVAPI32.dll
0x00007ffa32960000 - 0x00007ffa329fe000 	C:\WINDOWS\System32\msvcrt.dll
0x00007ffa350c0000 - 0x00007ffa35119000 	C:\WINDOWS\System32\sechost.dll
0x00007ffa34900000 - 0x00007ffa34a21000 	C:\WINDOWS\System32\RPCRT4.dll
0x00007ffa34db0000 - 0x00007ffa34f15000 	C:\WINDOWS\System32\USER32.dll
0x00007ffa318e0000 - 0x00007ffa318fe000 	C:\WINDOWS\System32\win32u.dll
0x00007ffa32aa0000 - 0x00007ffa32ad4000 	C:\WINDOWS\System32\GDI32.dll
0x00007ffa32680000 - 0x00007ffa32800000 	C:\WINDOWS\System32\gdi32full.dll
0x00007ffa26740000 - 0x00007ffa269ba000 	C:\WINDOWS\WinSxS\amd64_microsoft.windows.common-controls_6595b64144ccf1df_6.0.14393.953_none_42151e83c686086b\COMCTL32.dll
0x00007ffa34a30000 - 0x00007ffa34cf8000 	C:\WINDOWS\System32\combase.dll
0x00007ffa31a50000 - 0x00007ffa31b45000 	C:\WINDOWS\System32\ucrtbase.dll
0x00007ffa31870000 - 0x00007ffa318da000 	C:\WINDOWS\System32\bcryptPrimitives.dll
0x00007ffa32c30000 - 0x00007ffa32c5e000 	C:\WINDOWS\System32\IMM32.DLL
0x0000000055060000 - 0x0000000055132000 	C:\Program Files\Java\jre1.8.0_144\bin\msvcr100.dll
0x0000000055230000 - 0x0000000055acd000 	C:\Program Files\Java\jre1.8.0_144\bin\server\jvm.dll
0x00007ffa348f0000 - 0x00007ffa348f8000 	C:\WINDOWS\System32\PSAPI.DLL
0x00007ffa22180000 - 0x00007ffa22189000 	C:\WINDOWS\SYSTEM32\WSOCK32.dll
0x00007ffa32bc0000 - 0x00007ffa32c2a000 	C:\WINDOWS\System32\WS2_32.dll
0x00007ffa2f5d0000 - 0x00007ffa2f5f3000 	C:\WINDOWS\SYSTEM32\WINMM.dll
0x00007ffa2dce0000 - 0x00007ffa2dcea000 	C:\WINDOWS\SYSTEM32\VERSION.dll
0x00007ffa2f5a0000 - 0x00007ffa2f5cb000 	C:\WINDOWS\SYSTEM32\WINMMBASE.dll
0x00007ffa31770000 - 0x00007ffa317b2000 	C:\WINDOWS\System32\cfgmgr32.dll
0x0000000055220000 - 0x000000005522f000 	C:\Program Files\Java\jre1.8.0_144\bin\verify.dll
0x00000000551f0000 - 0x0000000055219000 	C:\Program Files\Java\jre1.8.0_144\bin\java.dll
0x00000000551d0000 - 0x00000000551e6000 	C:\Program Files\Java\jre1.8.0_144\bin\zip.dll
0x00007ffa333e0000 - 0x00007ffa348e8000 	C:\WINDOWS\System32\SHELL32.dll
0x00007ffa31b50000 - 0x00007ffa32228000 	C:\WINDOWS\System32\windows.storage.dll
0x00007ffa316e0000 - 0x00007ffa3172c000 	C:\WINDOWS\System32\powrprof.dll
0x00007ffa32b60000 - 0x00007ffa32bb2000 	C:\WINDOWS\System32\shlwapi.dll
0x00007ffa31730000 - 0x00007ffa3173f000 	C:\WINDOWS\System32\kernel.appcore.dll
0x00007ffa317c0000 - 0x00007ffa31869000 	C:\WINDOWS\System32\shcore.dll
0x00007ffa31740000 - 0x00007ffa31754000 	C:\WINDOWS\System32\profapi.dll
0x00000000551b0000 - 0x00000000551ca000 	C:\Program Files\Java\jre1.8.0_144\bin\net.dll
0x00007ffa31010000 - 0x00007ffa3106c000 	C:\WINDOWS\system32\mswsock.dll
0x0000000055190000 - 0x00000000551a1000 	C:\Program Files\Java\jre1.8.0_144\bin\nio.dll
0x00007ffa061f0000 - 0x00007ffa06248000 	C:\Users\August's PC\AppData\Local\Temp\lwjglAugust's PC\3.1.4-SNAPSHOT\lwjgl.dll
0x00007ffa11600000 - 0x00007ffa1164d000 	C:\Users\AUGUST~1\AppData\Local\Temp\lwjglAugust's PC\3.1.4-SNAPSHOT\glfw.dll
0x00007ffa2ff00000 - 0x00007ffa2ff95000 	C:\WINDOWS\system32\uxtheme.dll
0x00007ffa0a470000 - 0x00007ffa0a4b0000 	C:\WINDOWS\SYSTEM32\dinput8.dll
0x00007ffa23c00000 - 0x00007ffa23c0e000 	C:\WINDOWS\SYSTEM32\xinput1_4.dll
0x00007ffa30440000 - 0x00007ffa30468000 	C:\WINDOWS\SYSTEM32\DEVOBJ.dll
0x00007ffa2f4e0000 - 0x00007ffa2f506000 	C:\WINDOWS\SYSTEM32\dwmapi.dll
0x00007ffa35120000 - 0x00007ffa3527a000 	C:\WINDOWS\System32\MSCTF.dll
0x00007ffa33250000 - 0x00007ffa3330f000 	C:\WINDOWS\System32\OLEAUT32.dll
0x00007ffa31900000 - 0x00007ffa3199c000 	C:\WINDOWS\System32\msvcp_win.dll
0x00007ffa306e0000 - 0x00007ffa306ec000 	C:\WINDOWS\SYSTEM32\HID.DLL
0x00007ffa32c60000 - 0x00007ffa33089000 	C:\WINDOWS\System32\SETUPAPI.DLL
0x00007ffa32620000 - 0x00007ffa32675000 	C:\WINDOWS\System32\WINTRUST.dll
0x00007ffa31760000 - 0x00007ffa31770000 	C:\WINDOWS\System32\MSASN1.dll
0x00007ffa32450000 - 0x00007ffa32619000 	C:\WINDOWS\System32\CRYPT32.dll
0x00007ff9fc8e0000 - 0x00007ff9fca03000 	C:\WINDOWS\SYSTEM32\opengl32.dll
0x00007ffa11c60000 - 0x00007ffa11c8d000 	C:\WINDOWS\SYSTEM32\GLU32.dll
0x00007ff9fcda0000 - 0x00007ff9fce97000 	C:\WINDOWS\SYSTEM32\DDRAW.dll
0x00007ffa21a90000 - 0x00007ffa21a98000 	C:\WINDOWS\SYSTEM32\DCIMAN32.dll
0x0000000052d90000 - 0x0000000054ff9000 	C:\WINDOWS\SYSTEM32\nvoglv64.DLL
0x00007ffa2f320000 - 0x00007ffa2f333000 	C:\WINDOWS\SYSTEM32\WTSAPI32.dll
0x00007ffa30470000 - 0x00007ffa304a2000 	C:\WINDOWS\SYSTEM32\ntmarta.dll
0x00007ffa24be0000 - 0x00007ffa24dbc000 	C:\WINDOWS\system32\nvspcap64.dll
0x00007ffa32820000 - 0x00007ffa32958000 	C:\WINDOWS\System32\ole32.dll
0x00007ffa2e810000 - 0x00007ffa2e8dd000 	C:\WINDOWS\SYSTEM32\WINHTTP.dll
0x00007ffa30960000 - 0x00007ffa309b6000 	C:\WINDOWS\SYSTEM32\WINSTA.dll
0x00007ff9fedc0000 - 0x00007ff9fee1f000 	C:\Users\August's PC\AppData\Local\Temp\lwjglAugust's PC\3.1.4-SNAPSHOT\lwjgl_opengl.dll
0x0000000052bf0000 - 0x0000000052d88000 	C:\Program Files\Java\jre1.8.0_144\bin\awt.dll
0x00007ffa2fd60000 - 0x00007ffa2fdda000 	C:\WINDOWS\SYSTEM32\apphelp.dll
0x0000000052bb0000 - 0x0000000052be1000 	C:\Program Files\Java\jre1.8.0_144\bin\jpeg.dll
0x00007ffa20200000 - 0x00007ffa20392000 	C:\WINDOWS\SYSTEM32\dbghelp.dll
0x00007ffa201d0000 - 0x00007ffa201f9000 	C:\WINDOWS\SYSTEM32\dbgcore.DLL

VM Arguments:
jvm_args: -Dfile.encoding=Cp1252 
java_command: src.GPlatform
java_class_path (initial): C:\Program Files\Java\jre1.8.0_144\lib\resources.jar;C:\Program Files\Java\jre1.8.0_144\lib\rt.jar;C:\Program Files\Java\jre1.8.0_144\lib\jsse.jar;C:\Program Files\Java\jre1.8.0_144\lib\jce.jar;C:\Program Files\Java\jre1.8.0_144\lib\charsets.jar;C:\Program Files\Java\jre1.8.0_144\lib\jfr.jar;C:\Program Files\Java\jre1.8.0_144\lib\ext\access-bridge-64.jar;C:\Program Files\Java\jre1.8.0_144\lib\ext\cldrdata.jar;C:\Program Files\Java\jre1.8.0_144\lib\ext\dnsns.jar;C:\Program Files\Java\jre1.8.0_144\lib\ext\jaccess.jar;C:\Program Files\Java\jre1.8.0_144\lib\ext\jfxrt.jar;C:\Program Files\Java\jre1.8.0_144\lib\ext\localedata.jar;C:\Program Files\Java\jre1.8.0_144\lib\ext\nashorn.jar;C:\Program Files\Java\jre1.8.0_144\lib\ext\sunec.jar;C:\Program Files\Java\jre1.8.0_144\lib\ext\sunjce_provider.jar;C:\Program Files\Java\jre1.8.0_144\lib\ext\sunmscapi.jar;C:\Program Files\Java\jre1.8.0_144\lib\ext\sunpkcs11.jar;C:\Program Files\Java\jre1.8.0_144\lib\ext\zipfs.jar;C:\Users\August's PC\Documents\GitHub\groupProject\ArcadeProject\bin;C:\Users\August's PC\Documents\LWJGL-3.1.4\joml-1.9.4.jar;C:\Users\August's PC\Documents\LWJGL-3.1.4\joml-1.9.4-javadoc.jar;C:\Users\August's PC\Documents\LWJGL-3.1.4\joml-1.9.4-sources.jar;C:\Users\August's PC\Documents\LWJGL-3.1.4\lwjgl.jar;C:\Users\August's PC\Documents\LWJGL-3.1.4\lwjgl-assimp.jar;C:\Users\August's PC\Documents\LWJGL-3.1.4\lwjgl-assimp-javadoc.jar;C:\Users\August's PC\Documents\LWJGL-3.1.4\lwjgl-assimp-natives-windows.jar;C:\Users\August's PC\Documents\LWJGL-3.1.4\lwjgl-assimp-sources.jar;C:\Users\August's PC\Documents\LWJGL-3.1.4\lwjgl-bgfx.jar;C:\Users\August's PC\Documents\LWJGL-3.1.4\lwjgl-bgfx-javadoc.jar;C:\Users\August's PC\Documents\LWJGL-3.1.4\lwjgl-bgfx-natives-windows.jar;C:\Users\August's PC\Documents\LWJGL-3.1.4\lwjgl-bgfx-sources.jar;C:\Users\August's PC\Documents\LWJGL-3.1.4\lwjgl-egl.jar;C:\Users\August's PC\Documents\LWJGL-3.1.4\lwjgl-egl-javadoc.jar;C:\Users\August's PC\Documents\
Launcher Type: SUN_STANDARD

Environment Variables:
PATH=C:/Program Files/Java/jre1.8.0_144/bin/server;C:/Program Files/Java/jre1.8.0_144/bin;C:/Program Files/Java/jre1.8.0_144/lib/amd64;C:\Program Files\Microsoft MPI\Bin\;C:\ProgramData\Oracle\Java\javapath;C:\Program Files\Common Files\Microsoft Shared\Windows Live;C:\Program Files (x86)\Common Files\Microsoft Shared\Windows Live;C:\windows\system32;C:\windows;C:\windows\System32\Wbem;C:\windows\System32\WindowsPowerShell\v1.0\;C:\Program Files (x86)\Intel\OpenCL SDK\2.0\bin\x86;C:\Program Files (x86)\Intel\OpenCL SDK\2.0\bin\x64;C:\Program Files (x86)\Windows Live\Shared;C:\Program Files\Microsoft SQL Server\110\Tools\Binn\;C:\Program Files (x86)\GtkSharp\2.12\bin;C:\WINDOWS\system32;C:\WINDOWS;C:\WINDOWS\System32\Wbem;C:\WINDOWS\System32\WindowsPowerShell\v1.0\;C:\Program Files (x86)\Skype\Phone\;C:\Program Files (x86)\NVIDIA Corporation\PhysX\Common;C:\Program Files\PuTTY\;%SystemRoot%\system32\WindowsPowerShell\v1.0\;C:\Program Files\Common Files\Microsoft Shared\Windows Live;C:\Program Files (x86)\Common Files\Microsoft Shared\Windows Live;C:\windows\system32;C:\windows;C:\windows\System32\Wbem;C:\windows\System32\WindowsPowerShell\v1.0\;C:\Program Files (x86)\Intel\OpenCL SDK\2.0\bin\x86;C:\Program Files (x86)\Intel\OpenCL SDK\2.0\bin\x64;C:\Program Files (x86)\Windows Live\Shared;C:Python27;C;\Python27;%USERPROFILE%\AppData\Local\Microsoft\WindowsApps;;C:\Users\August's PC\Documents\Eclipse IDE;
USERNAME=August's PC
OS=Windows_NT
PROCESSOR_IDENTIFIER=AMD64 Family 21 Model 2 Stepping 0, AuthenticAMD



---------------  S Y S T E M  ---------------

OS: Windows 10.0 , 64 bit Build 14393 (10.0.14393.1198)

CPU:total 6 (initial active 6) (6 cores per cpu, 1 threads per core) family 21 model 2 stepping 0, cmov, cx8, fxsr, mmx, sse, sse2, sse3, ssse3, sse4.1, sse4.2, popcnt, avx, aes, clmul, mmxext, 3dnowpref, lzcnt, sse4a, tsc, tscinvbit, tscinv, bmi1

Memory: 4k page, physical 8350800k(3260404k free), swap 10054212k(2089712k free)

vm_info: Java HotSpot(TM) 64-Bit Server VM (25.144-b01) for windows-amd64 JRE (1.8.0_144-b01), built on Jul 21 2017 21:57:33 by "java_re" with MS VC++ 10.0 (VS2010)

time: Sun Oct 22 21:07:45 2017
elapsed time: 5 seconds (0d 0h 0m 5s)

