#
# A fatal error has been detected by the Java Runtime Environment:
#
#  EXCEPTION_ACCESS_VIOLATION (0xc0000005) at pc=0x00007ff9fedd268d, pid=15308, tid=0x000000000000255c
#
# JRE version: Java(TM) SE Runtime Environment (8.0_144-b01) (build 1.8.0_144-b01)
# Java VM: Java HotSpot(TM) 64-Bit Server VM (25.144-b01 mixed mode windows-amd64 compressed oops)
# Problematic frame:
# C  [lwjgl_opengl.dll+0x1268d]
#
# Failed to write core dump. Minidumps are not enabled by default on client versions of Windows
#
# If you would like to submit a bug report, please visit:
#   http://bugreport.java.com/bugreport/crash.jsp
# The crash happened outside the Java Virtual Machine in native code.
# See problematic frame for where to report the bug.
#

---------------  T H R E A D  ---------------

Current thread (0x00000000178a2000):  JavaThread "Finalizer" daemon [_thread_in_native, id=9564, stack(0x0000000019120000,0x0000000019220000)]

siginfo: ExceptionCode=0xc0000005, reading address 0x0000000000000948

Registers:
RAX=0x00000000559d1d50, RBX=0x0000000017476518, RCX=0x0000000000000001, RDX=0x000000001a4fd93c
RSP=0x000000001921f438, RBP=0x000000001921f4b8, RSI=0x0000000000000128, RDI=0x0000000002aa83fd
R8 =0x0000000000000001, R9 =0x000000001a4fd93c, R10=0x0000000000000000, R11=0x000000005545bc50
R12=0x0000000000000000, R13=0x0000000017476518, R14=0x000000001921f4e8, R15=0x00000000178a2000
RIP=0x00007ff9fedd268d, EFLAGS=0x0000000000010206

Top of Stack: (sp=0x000000001921f438)
0x000000001921f438:   0000000002ac09cc 0000000002aa83fd
0x000000001921f448:   0000000002ac042b 00000000178a2000
0x000000001921f458:   0000000017476518 0000000000000128
0x000000001921f468:   00000000178a2000 0000000002ac03e2
0x000000001921f478:   000000001921f478 0000000017476518
0x000000001921f488:   000000001921f4e8 000000001747b9b8
0x000000001921f498:   0000000000000000 0000000017476518
0x000000001921f4a8:   0000000000000000 000000001921f4d8
0x000000001921f4b8:   000000001921f530 0000000002aa83fd
0x000000001921f4c8:   00000000d7e2d3b8 0000000002ab71b8
0x000000001921f4d8:   000000001a4fd93c 00000000d58a24a8
0x000000001921f4e8:   0000000000000001 000000001921f4f0
0x000000001921f4f8:   000000001747668c 000000001921f560
0x000000001921f508:   000000001747b9b8 0000000000000000
0x000000001921f518:   0000000017476700 000000001921f4d8
0x000000001921f528:   000000001921f560 000000001921f5a8 

Instructions: (pc=0x00007ff9fedd268d)
0x00007ff9fedd266d:   49 ff a2 e8 00 00 00 cc cc cc cc cc cc cc cc cc
0x00007ff9fedd267d:   cc cc cc 48 8b 01 49 8b d1 41 8b c8 4c 8b 50 18
0x00007ff9fedd268d:   49 ff a2 48 09 00 00 cc cc cc cc cc cc cc cc cc
0x00007ff9fedd269d:   cc cc cc 48 8b 01 49 8b d1 41 8b c8 4c 8b 50 18 


Register to memory mapping:

RAX=0x00000000559d1d50 is an unknown value
RBX={method} {0x0000000017476520} 'nglDeleteBuffers' '(IJ)V' in 'org/lwjgl/opengl/GL15'
RCX=0x0000000000000001 is an unknown value
RDX=0x000000001a4fd93c is an unknown value
RSP=0x000000001921f438 is pointing into the stack for thread: 0x00000000178a2000
RBP=0x000000001921f4b8 is pointing into the stack for thread: 0x00000000178a2000
RSI=0x0000000000000128 is an unknown value
RDI=0x0000000002aa83fd is at code_begin+2301 in an Interpreter codelet
invoke return entry points  [0x0000000002aa7b00, 0x0000000002aa84e0]  2528 bytes
R8 =0x0000000000000001 is an unknown value
R9 =0x000000001a4fd93c is an unknown value
R10=0x0000000000000000 is an unknown value
R11=0x000000005545bc50 is an unknown value
R12=0x0000000000000000 is an unknown value
R13={method} {0x0000000017476520} 'nglDeleteBuffers' '(IJ)V' in 'org/lwjgl/opengl/GL15'
R14=0x000000001921f4e8 is pointing into the stack for thread: 0x00000000178a2000
R15=0x00000000178a2000 is a thread


Stack: [0x0000000019120000,0x0000000019220000],  sp=0x000000001921f438,  free space=1021k
Native frames: (J=compiled Java code, j=interpreted, Vv=VM code, C=native code)
C  [lwjgl_opengl.dll+0x1268d]

Java frames: (J=compiled Java code, j=interpreted, Vv=VM code)
j  org.lwjgl.opengl.GL15.nglDeleteBuffers(IJ)V+0
j  org.lwjgl.opengl.GL15.glDeleteBuffers(I)V+20
j  render.Model.finalize()V+4
J 783 C1 java.lang.ref.Finalizer.runFinalizer(Lsun/misc/JavaLangAccess;)V (62 bytes) @ 0x0000000002dee5f4 [0x0000000002dee060+0x594]
J 782 C1 java.lang.ref.Finalizer.access$100(Ljava/lang/ref/Finalizer;Lsun/misc/JavaLangAccess;)V (6 bytes) @ 0x0000000002deccf4 [0x0000000002decc80+0x74]
j  java.lang.ref.Finalizer$FinalizerThread.run()V+45
v  ~StubRoutines::call_stub

---------------  P R O C E S S  ---------------

Java Threads: ( => current thread )
  0x000000001ac48000 JavaThread "Java2D Disposer" daemon [_thread_blocked, id=5644, stack(0x0000000022dd0000,0x0000000022ed0000)]
  0x00000000195b5000 JavaThread "Service Thread" daemon [_thread_blocked, id=11292, stack(0x000000001a250000,0x000000001a350000)]
  0x0000000019581800 JavaThread "C1 CompilerThread2" daemon [_thread_blocked, id=14808, stack(0x000000001a150000,0x000000001a250000)]
  0x0000000019572800 JavaThread "C2 CompilerThread1" daemon [_thread_blocked, id=14864, stack(0x000000001a050000,0x000000001a150000)]
  0x000000001951f000 JavaThread "C2 CompilerThread0" daemon [_thread_blocked, id=6232, stack(0x0000000019f50000,0x000000001a050000)]
  0x0000000019514000 JavaThread "JDWP Command Reader" daemon [_thread_in_native, id=2752, stack(0x0000000019e50000,0x0000000019f50000)]
  0x0000000019513000 JavaThread "JDWP Event Helper Thread" daemon [_thread_blocked, id=14816, stack(0x0000000019d50000,0x0000000019e50000)]
  0x00000000178c6000 JavaThread "JDWP Transport Listener: dt_socket" daemon [_thread_blocked, id=13020, stack(0x0000000019c50000,0x0000000019d50000)]
  0x00000000178ba000 JavaThread "Attach Listener" daemon [_thread_blocked, id=12344, stack(0x0000000019410000,0x0000000019510000)]
  0x00000000178b8000 JavaThread "Signal Dispatcher" daemon [_thread_blocked, id=14432, stack(0x0000000019310000,0x0000000019410000)]
=>0x00000000178a2000 JavaThread "Finalizer" daemon [_thread_in_native, id=9564, stack(0x0000000019120000,0x0000000019220000)]
  0x0000000002a9a000 JavaThread "Reference Handler" daemon [_thread_blocked, id=7724, stack(0x0000000019020000,0x0000000019120000)]
  0x00000000029a5800 JavaThread "main" [_thread_in_native, id=15124, stack(0x00000000028a0000,0x00000000029a0000)]

Other Threads:
  0x0000000017878800 VMThread [stack: 0x0000000018f20000,0x0000000019020000] [id=6296]
  0x00000000195d2800 WatcherThread [stack: 0x000000001a350000,0x000000001a450000] [id=14208]

VM state:not at safepoint (normal execution)

VM Mutex/Monitor currently owned by a thread: None

Heap:
 PSYoungGen      total 38400K, used 4500K [0x00000000d5800000, 0x00000000d8280000, 0x0000000100000000)
  eden space 33280K, 3% used [0x00000000d5800000,0x00000000d59489c8,0x00000000d7880000)
  from space 5120K, 62% used [0x00000000d7d80000,0x00000000d809c6c8,0x00000000d8280000)
  to   space 5120K, 0% used [0x00000000d7880000,0x00000000d7880000,0x00000000d7d80000)
 ParOldGen       total 87552K, used 8544K [0x0000000080800000, 0x0000000085d80000, 0x00000000d5800000)
  object space 87552K, 9% used [0x0000000080800000,0x0000000081058250,0x0000000085d80000)
 Metaspace       used 11820K, capacity 11997K, committed 12160K, reserved 1060864K
  class space    used 988K, capacity 1069K, committed 1152K, reserved 1048576K

Card table byte_map: [0x0000000011e60000,0x0000000012260000] byte_map_base: 0x0000000011a5c000

Marking Bits: (ParMarkBitMap*) 0x0000000055a4d850
 Begin Bits: [0x0000000012b10000, 0x0000000014af0000)
 End Bits:   [0x0000000014af0000, 0x0000000016ad0000)

Polling page: 0x0000000000e50000

CodeCache: size=245760Kb used=4058Kb max_used=4073Kb free=241701Kb
 bounds [0x0000000002aa0000, 0x0000000002ea0000, 0x0000000011aa0000]
 total_blobs=1916 nmethods=1012 adapters=826
 compilation: enabled

Compilation events (10 events):
Event: 13.722 Thread 0x000000001951f000 nmethod 1008 0x0000000002e88510 code [0x0000000002e88660, 0x0000000002e887a8]
Event: 13.722 Thread 0x000000001951f000 1006  s    4       sun.misc.Cleaner::remove (89 bytes)
Event: 13.723 Thread 0x0000000019581800 nmethod 1010 0x0000000002e94650 code [0x0000000002e94940, 0x0000000002e95b28]
Event: 13.723 Thread 0x0000000019581800 1012       2       org.joml.Matrix4f::mul (7 bytes)
Event: 13.723 Thread 0x0000000019581800 nmethod 1012 0x0000000002e83810 code [0x0000000002e83980, 0x0000000002e83b08]
Event: 13.724 Thread 0x000000001951f000 nmethod 1006 0x0000000002e94050 code [0x0000000002e941a0, 0x0000000002e944b8]
Event: 13.724 Thread 0x000000001951f000 1009       4       java.nio.Bits::unreserveMemory (63 bytes)
Event: 13.725 Thread 0x000000001951f000 nmethod 1009 0x0000000002e96990 code [0x0000000002e96ac0, 0x0000000002e96b38]
Event: 13.725 Thread 0x000000001951f000 1011       4       org.joml.Vector3f::<init> (20 bytes)
Event: 13.725 Thread 0x000000001951f000 nmethod 1011 0x0000000002e93e10 code [0x0000000002e93f40, 0x0000000002e93fb8]

GC Heap History (4 events):
Event: 3.043 GC heap before
{Heap before GC invocations=1 (full 0):
 PSYoungGen      total 38400K, used 29483K [0x00000000d5800000, 0x00000000d8280000, 0x0000000100000000)
  eden space 33280K, 88% used [0x00000000d5800000,0x00000000d74cacc8,0x00000000d7880000)
  from space 5120K, 0% used [0x00000000d7d80000,0x00000000d7d80000,0x00000000d8280000)
  to   space 5120K, 0% used [0x00000000d7880000,0x00000000d7880000,0x00000000d7d80000)
 ParOldGen       total 87552K, used 0K [0x0000000080800000, 0x0000000085d80000, 0x00000000d5800000)
  object space 87552K, 0% used [0x0000000080800000,0x0000000080800000,0x0000000085d80000)
 Metaspace       used 11605K, capacity 11867K, committed 12160K, reserved 1060864K
  class space    used 975K, capacity 1068K, committed 1152K, reserved 1048576K
Event: 3.051 GC heap after
Heap after GC invocations=1 (full 0):
 PSYoungGen      total 38400K, used 5089K [0x00000000d5800000, 0x00000000d8280000, 0x0000000100000000)
  eden space 33280K, 0% used [0x00000000d5800000,0x00000000d5800000,0x00000000d7880000)
  from space 5120K, 99% used [0x00000000d7880000,0x00000000d7d786c8,0x00000000d7d80000)
  to   space 5120K, 0% used [0x00000000d7d80000,0x00000000d7d80000,0x00000000d8280000)
 ParOldGen       total 87552K, used 8536K [0x0000000080800000, 0x0000000085d80000, 0x00000000d5800000)
  object space 87552K, 9% used [0x0000000080800000,0x0000000081056250,0x0000000085d80000)
 Metaspace       used 11605K, capacity 11867K, committed 12160K, reserved 1060864K
  class space    used 975K, capacity 1068K, committed 1152K, reserved 1048576K
}
Event: 13.707 GC heap before
{Heap before GC invocations=2 (full 0):
 PSYoungGen      total 38400K, used 38369K [0x00000000d5800000, 0x00000000d8280000, 0x0000000100000000)
  eden space 33280K, 100% used [0x00000000d5800000,0x00000000d7880000,0x00000000d7880000)
  from space 5120K, 99% used [0x00000000d7880000,0x00000000d7d786c8,0x00000000d7d80000)
  to   space 5120K, 0% used [0x00000000d7d80000,0x00000000d7d80000,0x00000000d8280000)
 ParOldGen       total 87552K, used 8536K [0x0000000080800000, 0x0000000085d80000, 0x00000000d5800000)
  object space 87552K, 9% used [0x0000000080800000,0x0000000081056250,0x0000000085d80000)
 Metaspace       used 11819K, capacity 11997K, committed 12160K, reserved 1060864K
  class space    used 988K, capacity 1069K, committed 1152K, reserved 1048576K
Event: 13.714 GC heap after
Heap after GC invocations=2 (full 0):
 PSYoungGen      total 38400K, used 3185K [0x00000000d5800000, 0x00000000d8280000, 0x0000000100000000)
  eden space 33280K, 0% used [0x00000000d5800000,0x00000000d5800000,0x00000000d7880000)
  from space 5120K, 62% used [0x00000000d7d80000,0x00000000d809c6c8,0x00000000d8280000)
  to   space 5120K, 0% used [0x00000000d7880000,0x00000000d7880000,0x00000000d7d80000)
 ParOldGen       total 87552K, used 8544K [0x0000000080800000, 0x0000000085d80000, 0x00000000d5800000)
  object space 87552K, 9% used [0x0000000080800000,0x0000000081058250,0x0000000085d80000)
 Metaspace       used 11819K, capacity 11997K, committed 12160K, reserved 1060864K
  class space    used 988K, capacity 1069K, committed 1152K, reserved 1048576K
}

Deoptimization events (9 events):
Event: 0.236 Thread 0x00000000029a5800 Uncommon trap: reason=unstable_if action=reinterpret pc=0x0000000002ba0548 method=java.lang.String.hashCode()I @ 14
Event: 0.392 Thread 0x00000000029a5800 Uncommon trap: reason=unstable_if action=reinterpret pc=0x0000000002c256e0 method=java.lang.String.indexOf([CII[CIII)I @ 134
Event: 8.171 Thread 0x00000000029a5800 Uncommon trap: reason=unstable_if action=reinterpret pc=0x0000000002dfca08 method=java.awt.image.ComponentColorModel.getRGB(Ljava/lang/Object;)I @ 4
Event: 10.565 Thread 0x00000000029a5800 Uncommon trap: reason=unstable_if action=reinterpret pc=0x0000000002e143dc method=java.awt.image.BufferedImage.getRGB(IIII[III)[I @ 163
Event: 12.542 Thread 0x00000000029a5800 Uncommon trap: reason=unstable_if action=reinterpret pc=0x0000000002e62cd4 method=src.GPlatform.main([Ljava/lang/String;)V @ 755
Event: 13.714 Thread 0x00000000029a5800 Uncommon trap: reason=unstable_if action=reinterpret pc=0x0000000002e8e930 method=java.nio.Bits.tryReserveMemory(JI)Z @ 29
Event: 13.716 Thread 0x00000000029a5800 Uncommon trap: reason=unstable_if action=reinterpret pc=0x0000000002e865f8 method=java.nio.Bits.tryReserveMemory(JI)Z @ 29
Event: 13.716 Thread 0x00000000029a5800 Uncommon trap: reason=unstable_if action=reinterpret pc=0x0000000002e82dfc method=java.nio.Bits.tryReserveMemory(JI)Z @ 29
Event: 13.728 Thread 0x00000000178a2000 Uncommon trap: reason=unstable_if action=reinterpret pc=0x0000000002e60d74 method=java.lang.ThreadLocal.get()Ljava/lang/Object; @ 11

Internal exceptions (10 events):
Event: 0.360 Thread 0x00000000029a5800 Exception <a 'java/lang/NoSuchFieldError': method resolution failed> (0x00000000d5bb0df8) thrown at [C:\re\workspace\8-2-build-windows-amd64-cygwin\jdk8u144\9417\hotspot\src\share\vm\prims\methodHandles.cpp, line 1146]
Event: 0.363 Thread 0x00000000029a5800 Exception <a 'java/lang/NoSuchFieldError': method resolution failed> (0x00000000d5bbe1f8) thrown at [C:\re\workspace\8-2-build-windows-amd64-cygwin\jdk8u144\9417\hotspot\src\share\vm\prims\methodHandles.cpp, line 1146]
Event: 0.423 Thread 0x00000000029a5800 Exception <a 'java/security/PrivilegedActionException'> (0x00000000d5d3c570) thrown at [C:\re\workspace\8-2-build-windows-amd64-cygwin\jdk8u144\9417\hotspot\src\share\vm\prims\jvm.cpp, line 1390]
Event: 0.423 Thread 0x00000000029a5800 Exception <a 'java/security/PrivilegedActionException'> (0x00000000d5d3c780) thrown at [C:\re\workspace\8-2-build-windows-amd64-cygwin\jdk8u144\9417\hotspot\src\share\vm\prims\jvm.cpp, line 1390]
Event: 0.424 Thread 0x00000000029a5800 Exception <a 'java/security/PrivilegedActionException'> (0x00000000d5d405d8) thrown at [C:\re\workspace\8-2-build-windows-amd64-cygwin\jdk8u144\9417\hotspot\src\share\vm\prims\jvm.cpp, line 1390]
Event: 0.424 Thread 0x00000000029a5800 Exception <a 'java/security/PrivilegedActionException'> (0x00000000d5d407e8) thrown at [C:\re\workspace\8-2-build-windows-amd64-cygwin\jdk8u144\9417\hotspot\src\share\vm\prims\jvm.cpp, line 1390]
Event: 2.370 Thread 0x00000000029a5800 Exception <a 'sun/nio/fs/WindowsException'> (0x00000000d60391b0) thrown at [C:\re\workspace\8-2-build-windows-amd64-cygwin\jdk8u144\9417\hotspot\src\share\vm\prims\jni.cpp, line 709]
Event: 2.370 Thread 0x00000000029a5800 Exception <a 'sun/nio/fs/WindowsException'> (0x00000000d60399f0) thrown at [C:\re\workspace\8-2-build-windows-amd64-cygwin\jdk8u144\9417\hotspot\src\share\vm\prims\jni.cpp, line 709]
Event: 2.932 Thread 0x00000000029a5800 Exception <a 'java/io/FileNotFoundException'> (0x00000000d6d0e5e0) thrown at [C:\re\workspace\8-2-build-windows-amd64-cygwin\jdk8u144\9417\hotspot\src\share\vm\prims\jni.cpp, line 709]
Event: 13.728 Thread 0x00000000178a2000 Implicit null exception at 0x0000000002e60c21 to 0x0000000002e60d55

Events (10 events):
Event: 13.728 Executing VM operation: RevokeBias done
Event: 13.728 Executing VM operation: RevokeBias
Event: 13.728 Executing VM operation: RevokeBias done
Event: 13.728 Executing VM operation: RevokeBias
Event: 13.728 Executing VM operation: RevokeBias done
Event: 13.728 Executing VM operation: RevokeBias
Event: 13.728 Thread 0x00000000178a2000 Uncommon trap: trap_request=0xffffff65 fr.pc=0x0000000002e60d74
Event: 13.728 Executing VM operation: RevokeBias done
Event: 13.728 Thread 0x00000000178a2000 DEOPT PACKING pc=0x0000000002e60d74 sp=0x000000001921f440
Event: 13.728 Thread 0x00000000178a2000 DEOPT UNPACKING pc=0x0000000002ae582a sp=0x000000001921f3f0 mode 2


Dynamic libraries:
0x00007ff7b5750000 - 0x00007ff7b5787000 	C:\Program Files\Java\jre1.8.0_144\bin\javaw.exe
0x00007ffa35290000 - 0x00007ffa35462000 	C:\WINDOWS\SYSTEM32\ntdll.dll
0x00007ffa34d00000 - 0x00007ffa34dac000 	C:\WINDOWS\System32\KERNEL32.DLL
0x00007ffa32230000 - 0x00007ffa3244d000 	C:\WINDOWS\System32\KERNELBASE.dll
0x0000000055b40000 - 0x0000000055bf3000 	C:\Program Files\Bitdefender\Bitdefender 2015\Active Virus Control\Avc3_00442_083\avcuf64.dll
0x00007ffa331a0000 - 0x00007ffa33242000 	C:\WINDOWS\System32\ADVAPI32.dll
0x00007ffa32960000 - 0x00007ffa329fe000 	C:\WINDOWS\System32\msvcrt.dll
0x00007ffa350c0000 - 0x00007ffa35119000 	C:\WINDOWS\System32\sechost.dll
0x00007ffa34900000 - 0x00007ffa34a21000 	C:\WINDOWS\System32\RPCRT4.dll
0x00007ffa34db0000 - 0x00007ffa34f15000 	C:\WINDOWS\System32\USER32.dll
0x00007ffa318e0000 - 0x00007ffa318fe000 	C:\WINDOWS\System32\win32u.dll
0x00007ffa32aa0000 - 0x00007ffa32ad4000 	C:\WINDOWS\System32\GDI32.dll
0x00007ffa32680000 - 0x00007ffa32800000 	C:\WINDOWS\System32\gdi32full.dll
0x00007ffa26740000 - 0x00007ffa269ba000 	C:\WINDOWS\WinSxS\amd64_microsoft.windows.common-controls_6595b64144ccf1df_6.0.14393.953_none_42151e83c686086b\COMCTL32.dll
0x00007ffa34a30000 - 0x00007ffa34cf8000 	C:\WINDOWS\System32\combase.dll
0x00007ffa31a50000 - 0x00007ffa31b45000 	C:\WINDOWS\System32\ucrtbase.dll
0x00007ffa31870000 - 0x00007ffa318da000 	C:\WINDOWS\System32\bcryptPrimitives.dll
0x00007ffa32c30000 - 0x00007ffa32c5e000 	C:\WINDOWS\System32\IMM32.DLL
0x0000000055060000 - 0x0000000055132000 	C:\Program Files\Java\jre1.8.0_144\bin\msvcr100.dll
0x0000000055230000 - 0x0000000055acd000 	C:\Program Files\Java\jre1.8.0_144\bin\server\jvm.dll
0x00007ffa348f0000 - 0x00007ffa348f8000 	C:\WINDOWS\System32\PSAPI.DLL
0x00007ffa22180000 - 0x00007ffa22189000 	C:\WINDOWS\SYSTEM32\WSOCK32.dll
0x00007ffa32bc0000 - 0x00007ffa32c2a000 	C:\WINDOWS\System32\WS2_32.dll
0x00007ffa2f5d0000 - 0x00007ffa2f5f3000 	C:\WINDOWS\SYSTEM32\WINMM.dll
0x00007ffa2dce0000 - 0x00007ffa2dcea000 	C:\WINDOWS\SYSTEM32\VERSION.dll
0x00007ffa2f5a0000 - 0x00007ffa2f5cb000 	C:\WINDOWS\SYSTEM32\WINMMBASE.dll
0x00007ffa31770000 - 0x00007ffa317b2000 	C:\WINDOWS\System32\cfgmgr32.dll
0x0000000055220000 - 0x000000005522f000 	C:\Program Files\Java\jre1.8.0_144\bin\verify.dll
0x00000000551f0000 - 0x0000000055219000 	C:\Program Files\Java\jre1.8.0_144\bin\java.dll
0x0000000055020000 - 0x0000000055055000 	C:\Program Files\Java\jre1.8.0_144\bin\jdwp.dll
0x0000000055010000 - 0x0000000055018000 	C:\Program Files\Java\jre1.8.0_144\bin\npt.dll
0x00000000551d0000 - 0x00000000551e6000 	C:\Program Files\Java\jre1.8.0_144\bin\zip.dll
0x00007ffa333e0000 - 0x00007ffa348e8000 	C:\WINDOWS\System32\SHELL32.dll
0x00007ffa31b50000 - 0x00007ffa32228000 	C:\WINDOWS\System32\windows.storage.dll
0x00007ffa316e0000 - 0x00007ffa3172c000 	C:\WINDOWS\System32\powrprof.dll
0x00007ffa32b60000 - 0x00007ffa32bb2000 	C:\WINDOWS\System32\shlwapi.dll
0x00007ffa31730000 - 0x00007ffa3173f000 	C:\WINDOWS\System32\kernel.appcore.dll
0x00007ffa317c0000 - 0x00007ffa31869000 	C:\WINDOWS\System32\shcore.dll
0x00007ffa31740000 - 0x00007ffa31754000 	C:\WINDOWS\System32\profapi.dll
0x0000000055000000 - 0x0000000055009000 	C:\Program Files\Java\jre1.8.0_144\bin\dt_socket.dll
0x00007ffa2eff0000 - 0x00007ffa2f008000 	C:\WINDOWS\system32\NLAapi.dll
0x00007ffa16460000 - 0x00007ffa16476000 	C:\WINDOWS\system32\napinsp.dll
0x00007ffa16480000 - 0x00007ffa1649a000 	C:\WINDOWS\system32\pnrpnsp.dll
0x00007ffa31010000 - 0x00007ffa3106c000 	C:\WINDOWS\System32\mswsock.dll
0x00007ffa30dd0000 - 0x00007ffa30e71000 	C:\WINDOWS\SYSTEM32\DNSAPI.dll
0x00007ffa33090000 - 0x00007ffa33098000 	C:\WINDOWS\System32\NSI.dll
0x00007ffa30d90000 - 0x00007ffa30dc8000 	C:\WINDOWS\SYSTEM32\IPHLPAPI.DLL
0x00007ffa164a0000 - 0x00007ffa164ae000 	C:\WINDOWS\System32\winrnr.dll
0x0000000000f50000 - 0x0000000000f76000 	C:\Program Files\Bonjour\mdnsNSP.dll
0x00007ffa164b0000 - 0x00007ffa164c5000 	C:\WINDOWS\System32\wshbth.dll
0x00007ffa295f0000 - 0x00007ffa2965a000 	C:\WINDOWS\System32\fwpuclnt.dll
0x00007ffa312c0000 - 0x00007ffa312eb000 	C:\WINDOWS\SYSTEM32\bcrypt.dll
0x00007ffa23750000 - 0x00007ffa2375a000 	C:\Windows\System32\rasadhlp.dll
0x00000000551b0000 - 0x00000000551ca000 	C:\Program Files\Java\jre1.8.0_144\bin\net.dll
0x0000000055190000 - 0x00000000551a1000 	C:\Program Files\Java\jre1.8.0_144\bin\nio.dll
0x00007ffa061f0000 - 0x00007ffa06248000 	C:\Users\August's PC\AppData\Local\Temp\lwjglAugust's PC\3.1.4-SNAPSHOT\lwjgl.dll
0x00007ffa11600000 - 0x00007ffa1164d000 	C:\Users\AUGUST~1\AppData\Local\Temp\lwjglAugust's PC\3.1.4-SNAPSHOT\glfw.dll
0x00007ffa2ff00000 - 0x00007ffa2ff95000 	C:\WINDOWS\system32\uxtheme.dll
0x00007ffa0a470000 - 0x00007ffa0a4b0000 	C:\WINDOWS\SYSTEM32\dinput8.dll
0x00007ffa23c00000 - 0x00007ffa23c0e000 	C:\WINDOWS\SYSTEM32\xinput1_4.dll
0x00007ffa30440000 - 0x00007ffa30468000 	C:\WINDOWS\SYSTEM32\DEVOBJ.dll
0x00007ffa2f4e0000 - 0x00007ffa2f506000 	C:\WINDOWS\SYSTEM32\dwmapi.dll
0x00007ffa35120000 - 0x00007ffa3527a000 	C:\WINDOWS\System32\MSCTF.dll
0x00007ffa33250000 - 0x00007ffa3330f000 	C:\WINDOWS\System32\OLEAUT32.dll
0x00007ffa31900000 - 0x00007ffa3199c000 	C:\WINDOWS\System32\msvcp_win.dll
0x00007ffa306e0000 - 0x00007ffa306ec000 	C:\WINDOWS\SYSTEM32\HID.DLL
0x00007ffa32c60000 - 0x00007ffa33089000 	C:\WINDOWS\System32\SETUPAPI.DLL
0x00007ffa32620000 - 0x00007ffa32675000 	C:\WINDOWS\System32\WINTRUST.dll
0x00007ffa31760000 - 0x00007ffa31770000 	C:\WINDOWS\System32\MSASN1.dll
0x00007ffa32450000 - 0x00007ffa32619000 	C:\WINDOWS\System32\CRYPT32.dll
0x00007ff9fc8e0000 - 0x00007ff9fca03000 	C:\WINDOWS\SYSTEM32\opengl32.dll
0x00007ffa11c60000 - 0x00007ffa11c8d000 	C:\WINDOWS\SYSTEM32\GLU32.dll
0x00007ff9fcda0000 - 0x00007ff9fce97000 	C:\WINDOWS\SYSTEM32\DDRAW.dll
0x00007ffa21a90000 - 0x00007ffa21a98000 	C:\WINDOWS\SYSTEM32\DCIMAN32.dll
0x0000000052d90000 - 0x0000000054ff9000 	C:\WINDOWS\SYSTEM32\nvoglv64.DLL
0x00007ffa2f320000 - 0x00007ffa2f333000 	C:\WINDOWS\SYSTEM32\WTSAPI32.dll
0x00007ffa30470000 - 0x00007ffa304a2000 	C:\WINDOWS\SYSTEM32\ntmarta.dll
0x00007ffa24be0000 - 0x00007ffa24dbc000 	C:\WINDOWS\system32\nvspcap64.dll
0x00007ffa32820000 - 0x00007ffa32958000 	C:\WINDOWS\System32\ole32.dll
0x00007ffa2e810000 - 0x00007ffa2e8dd000 	C:\WINDOWS\SYSTEM32\WINHTTP.dll
0x00007ffa30960000 - 0x00007ffa309b6000 	C:\WINDOWS\SYSTEM32\WINSTA.dll
0x00007ff9fedc0000 - 0x00007ff9fee1f000 	C:\Users\August's PC\AppData\Local\Temp\lwjglAugust's PC\3.1.4-SNAPSHOT\lwjgl_opengl.dll
0x0000000052bf0000 - 0x0000000052d88000 	C:\Program Files\Java\jre1.8.0_144\bin\awt.dll
0x00007ffa2fd60000 - 0x00007ffa2fdda000 	C:\WINDOWS\SYSTEM32\apphelp.dll
0x0000000052bb0000 - 0x0000000052be1000 	C:\Program Files\Java\jre1.8.0_144\bin\jpeg.dll
0x00007ffa20200000 - 0x00007ffa20392000 	C:\WINDOWS\SYSTEM32\dbghelp.dll
0x00007ffa201d0000 - 0x00007ffa201f9000 	C:\WINDOWS\SYSTEM32\dbgcore.DLL

VM Arguments:
jvm_args: -agentlib:jdwp=transport=dt_socket,suspend=y,address=localhost:55352 -Dfile.encoding=Cp1252 
java_command: src.GPlatform
java_class_path (initial): C:\Program Files\Java\jre1.8.0_144\lib\resources.jar;C:\Program Files\Java\jre1.8.0_144\lib\rt.jar;C:\Program Files\Java\jre1.8.0_144\lib\jsse.jar;C:\Program Files\Java\jre1.8.0_144\lib\jce.jar;C:\Program Files\Java\jre1.8.0_144\lib\charsets.jar;C:\Program Files\Java\jre1.8.0_144\lib\jfr.jar;C:\Program Files\Java\jre1.8.0_144\lib\ext\access-bridge-64.jar;C:\Program Files\Java\jre1.8.0_144\lib\ext\cldrdata.jar;C:\Program Files\Java\jre1.8.0_144\lib\ext\dnsns.jar;C:\Program Files\Java\jre1.8.0_144\lib\ext\jaccess.jar;C:\Program Files\Java\jre1.8.0_144\lib\ext\jfxrt.jar;C:\Program Files\Java\jre1.8.0_144\lib\ext\localedata.jar;C:\Program Files\Java\jre1.8.0_144\lib\ext\nashorn.jar;C:\Program Files\Java\jre1.8.0_144\lib\ext\sunec.jar;C:\Program Files\Java\jre1.8.0_144\lib\ext\sunjce_provider.jar;C:\Program Files\Java\jre1.8.0_144\lib\ext\sunmscapi.jar;C:\Program Files\Java\jre1.8.0_144\lib\ext\sunpkcs11.jar;C:\Program Files\Java\jre1.8.0_144\lib\ext\zipfs.jar;C:\Users\August's PC\Documents\GitHub\groupProject\ArcadeProject\bin;C:\Users\August's PC\Documents\LWJGL-3.1.4\joml-1.9.4.jar;C:\Users\August's PC\Documents\LWJGL-3.1.4\joml-1.9.4-javadoc.jar;C:\Users\August's PC\Documents\LWJGL-3.1.4\joml-1.9.4-sources.jar;C:\Users\August's PC\Documents\LWJGL-3.1.4\lwjgl.jar;C:\Users\August's PC\Documents\LWJGL-3.1.4\lwjgl-assimp.jar;C:\Users\August's PC\Documents\LWJGL-3.1.4\lwjgl-assimp-javadoc.jar;C:\Users\August's PC\Documents\LWJGL-3.1.4\lwjgl-assimp-natives-windows.jar;C:\Users\August's PC\Documents\LWJGL-3.1.4\lwjgl-assimp-sources.jar;C:\Users\August's PC\Documents\LWJGL-3.1.4\lwjgl-bgfx.jar;C:\Users\August's PC\Documents\LWJGL-3.1.4\lwjgl-bgfx-javadoc.jar;C:\Users\August's PC\Documents\LWJGL-3.1.4\lwjgl-bgfx-natives-windows.jar;C:\Users\August's PC\Documents\LWJGL-3.1.4\lwjgl-bgfx-sources.jar;C:\Users\August's PC\Documents\LWJGL-3.1.4\lwjgl-egl.jar;C:\Users\August's PC\Documents\LWJGL-3.1.4\lwjgl-egl-javadoc.jar;C:\Users\August's PC\Documents\
Launcher Type: SUN_STANDARD

Environment Variables:
PATH=C:/Program Files/Java/jre1.8.0_144/bin/server;C:/Program Files/Java/jre1.8.0_144/bin;C:/Program Files/Java/jre1.8.0_144/lib/amd64;C:\Program Files\Microsoft MPI\Bin\;C:\ProgramData\Oracle\Java\javapath;C:\Program Files\Common Files\Microsoft Shared\Windows Live;C:\Program Files (x86)\Common Files\Microsoft Shared\Windows Live;C:\windows\system32;C:\windows;C:\windows\System32\Wbem;C:\windows\System32\WindowsPowerShell\v1.0\;C:\Program Files (x86)\Intel\OpenCL SDK\2.0\bin\x86;C:\Program Files (x86)\Intel\OpenCL SDK\2.0\bin\x64;C:\Program Files (x86)\Windows Live\Shared;C:\Program Files\Microsoft SQL Server\110\Tools\Binn\;C:\Program Files (x86)\GtkSharp\2.12\bin;C:\WINDOWS\system32;C:\WINDOWS;C:\WINDOWS\System32\Wbem;C:\WINDOWS\System32\WindowsPowerShell\v1.0\;C:\Program Files (x86)\Skype\Phone\;C:\Program Files (x86)\NVIDIA Corporation\PhysX\Common;C:\Program Files\PuTTY\;%SystemRoot%\system32\WindowsPowerShell\v1.0\;C:\Program Files\Common Files\Microsoft Shared\Windows Live;C:\Program Files (x86)\Common Files\Microsoft Shared\Windows Live;C:\windows\system32;C:\windows;C:\windows\System32\Wbem;C:\windows\System32\WindowsPowerShell\v1.0\;C:\Program Files (x86)\Intel\OpenCL SDK\2.0\bin\x86;C:\Program Files (x86)\Intel\OpenCL SDK\2.0\bin\x64;C:\Program Files (x86)\Windows Live\Shared;C:Python27;C;\Python27;%USERPROFILE%\AppData\Local\Microsoft\WindowsApps;;C:\Users\August's PC\Documents\Eclipse IDE;
USERNAME=August's PC
OS=Windows_NT
PROCESSOR_IDENTIFIER=AMD64 Family 21 Model 2 Stepping 0, AuthenticAMD



---------------  S Y S T E M  ---------------

OS: Windows 10.0 , 64 bit Build 14393 (10.0.14393.1198)

CPU:total 6 (initial active 6) (6 cores per cpu, 1 threads per core) family 21 model 2 stepping 0, cmov, cx8, fxsr, mmx, sse, sse2, sse3, ssse3, sse4.1, sse4.2, popcnt, avx, aes, clmul, mmxext, 3dnowpref, lzcnt, sse4a, tsc, tscinvbit, tscinv, bmi1

Memory: 4k page, physical 8350800k(3325068k free), swap 10054212k(2375132k free)

vm_info: Java HotSpot(TM) 64-Bit Server VM (25.144-b01) for windows-amd64 JRE (1.8.0_144-b01), built on Jul 21 2017 21:57:33 by "java_re" with MS VC++ 10.0 (VS2010)

time: Sun Oct 22 21:09:08 2017
elapsed time: 13 seconds (0d 0h 0m 13s)

