#
# A fatal error has been detected by the Java Runtime Environment:
#
#  EXCEPTION_ACCESS_VIOLATION (0xc0000005) at pc=0x00007ffa05d7268d, pid=14372, tid=0x0000000000001340
#
# JRE version: Java(TM) SE Runtime Environment (8.0_144-b01) (build 1.8.0_144-b01)
# Java VM: Java HotSpot(TM) 64-Bit Server VM (25.144-b01 mixed mode windows-amd64 compressed oops)
# Problematic frame:
# C  [lwjgl_opengl.dll+0x1268d]
#
# Failed to write core dump. Minidumps are not enabled by default on client versions of Windows
#
# If you would like to submit a bug report, please visit:
#   http://bugreport.java.com/bugreport/crash.jsp
# The crash happened outside the Java Virtual Machine in native code.
# See problematic frame for where to report the bug.
#

---------------  T H R E A D  ---------------

Current thread (0x0000000017852000):  JavaThread "Finalizer" daemon [_thread_in_native, id=4928, stack(0x00000000190f0000,0x00000000191f0000)]

siginfo: ExceptionCode=0xc0000005, reading address 0x0000000000000948

Registers:
RAX=0x00000000559d1d50, RBX=0x0000000017420ef8, RCX=0x0000000000000001, RDX=0x00000000215a8a5c
RSP=0x00000000191eefb8, RBP=0x00000000191ef038, RSI=0x0000000000000491, RDI=0x0000000002a5835d
R8 =0x0000000000000001, R9 =0x00000000215a8a5c, R10=0x0000000000000000, R11=0x000000005545bc50
R12=0x0000000000000000, R13=0x0000000017420ef8, R14=0x00000000191ef068, R15=0x0000000017852000
RIP=0x00007ffa05d7268d, EFLAGS=0x0000000000010206

Top of Stack: (sp=0x00000000191eefb8)
0x00000000191eefb8:   0000000002a67934 0000000002a5835d
0x00000000191eefc8:   0000000002a676ab 0000000017852000
0x00000000191eefd8:   0000000017420ef8 0000000000000491
0x00000000191eefe8:   0000000017852000 0000000002a67662
0x00000000191eeff8:   00000000191eeff8 0000000017420ef8
0x00000000191ef008:   00000000191ef068 0000000017426428
0x00000000191ef018:   0000000000000000 0000000017420ef8
0x00000000191ef028:   0000000000000000 00000000191ef058
0x00000000191ef038:   00000000191ef0b0 0000000002a5835d
0x00000000191ef048:   000000008104a7c8 0000000002a619d8
0x00000000191ef058:   00000000215a8a5c 00000000d58a3dd0
0x00000000191ef068:   0000000000000001 00000000191ef070
0x00000000191ef078:   000000001742106c 00000000191ef0e0
0x00000000191ef088:   0000000017426428 0000000000000000
0x00000000191ef098:   00000000174210e0 00000000191ef058
0x00000000191ef0a8:   00000000191ef0e0 00000000191ef128 

Instructions: (pc=0x00007ffa05d7268d)
0x00007ffa05d7266d:   49 ff a2 e8 00 00 00 cc cc cc cc cc cc cc cc cc
0x00007ffa05d7267d:   cc cc cc 48 8b 01 49 8b d1 41 8b c8 4c 8b 50 18
0x00007ffa05d7268d:   49 ff a2 48 09 00 00 cc cc cc cc cc cc cc cc cc
0x00007ffa05d7269d:   cc cc cc 48 8b 01 49 8b d1 41 8b c8 4c 8b 50 18 


Register to memory mapping:

RAX=0x00000000559d1d50 is an unknown value
RBX={method} {0x0000000017420f00} 'nglDeleteBuffers' '(IJ)V' in 'org/lwjgl/opengl/GL15'
RCX=0x0000000000000001 is an unknown value
RDX=0x00000000215a8a5c is an unknown value
RSP=0x00000000191eefb8 is pointing into the stack for thread: 0x0000000017852000
RBP=0x00000000191ef038 is pointing into the stack for thread: 0x0000000017852000
RSI=0x0000000000000491 is an unknown value
RDI=0x0000000002a5835d is at code_begin+2301 in an Interpreter codelet
invoke return entry points  [0x0000000002a57a60, 0x0000000002a58440]  2528 bytes
R8 =0x0000000000000001 is an unknown value
R9 =0x00000000215a8a5c is an unknown value
R10=0x0000000000000000 is an unknown value
R11=0x000000005545bc50 is an unknown value
R12=0x0000000000000000 is an unknown value
R13={method} {0x0000000017420f00} 'nglDeleteBuffers' '(IJ)V' in 'org/lwjgl/opengl/GL15'
R14=0x00000000191ef068 is pointing into the stack for thread: 0x0000000017852000
R15=0x0000000017852000 is a thread


Stack: [0x00000000190f0000,0x00000000191f0000],  sp=0x00000000191eefb8,  free space=1019k
Native frames: (J=compiled Java code, j=interpreted, Vv=VM code, C=native code)
C  [lwjgl_opengl.dll+0x1268d]

Java frames: (J=compiled Java code, j=interpreted, Vv=VM code)
j  org.lwjgl.opengl.GL15.nglDeleteBuffers(IJ)V+0
j  org.lwjgl.opengl.GL15.glDeleteBuffers(I)V+20
j  render.Model.finalize()V+4
J 774 C1 java.lang.ref.Finalizer.runFinalizer(Lsun/misc/JavaLangAccess;)V (62 bytes) @ 0x0000000002d7eb8c [0x0000000002d7e600+0x58c]
J 773 C1 java.lang.ref.Finalizer.access$100(Ljava/lang/ref/Finalizer;Lsun/misc/JavaLangAccess;)V (6 bytes) @ 0x0000000002d7e29c [0x0000000002d7e240+0x5c]
j  java.lang.ref.Finalizer$FinalizerThread.run()V+45
v  ~StubRoutines::call_stub

---------------  P R O C E S S  ---------------

Java Threads: ( => current thread )
  0x000000001a169000 JavaThread "Java2D Disposer" daemon [_thread_blocked, id=9048, stack(0x0000000022830000,0x0000000022930000)]
  0x000000001984d000 JavaThread "Service Thread" daemon [_thread_blocked, id=11688, stack(0x0000000019be0000,0x0000000019ce0000)]
  0x000000001786f000 JavaThread "C1 CompilerThread2" daemon [_thread_blocked, id=14612, stack(0x00000000196e0000,0x00000000197e0000)]
  0x000000001786e800 JavaThread "C2 CompilerThread1" daemon [_thread_blocked, id=6560, stack(0x00000000195e0000,0x00000000196e0000)]
  0x000000001786b000 JavaThread "C2 CompilerThread0" daemon [_thread_blocked, id=15032, stack(0x00000000194e0000,0x00000000195e0000)]
  0x0000000017864800 JavaThread "Attach Listener" daemon [_thread_blocked, id=10976, stack(0x00000000193e0000,0x00000000194e0000)]
  0x0000000017863800 JavaThread "Signal Dispatcher" daemon [_thread_blocked, id=6704, stack(0x00000000192e0000,0x00000000193e0000)]
=>0x0000000017852000 JavaThread "Finalizer" daemon [_thread_in_native, id=4928, stack(0x00000000190f0000,0x00000000191f0000)]
  0x000000001782a800 JavaThread "Reference Handler" daemon [_thread_blocked, id=5464, stack(0x0000000018ff0000,0x00000000190f0000)]
  0x0000000002954800 JavaThread "main" [_thread_in_native_trans, id=12704, stack(0x0000000002850000,0x0000000002950000)]

Other Threads:
  0x0000000017827800 VMThread [stack: 0x0000000018ef0000,0x0000000018ff0000] [id=8108]
  0x00000000198b6000 WatcherThread [stack: 0x0000000019ce0000,0x0000000019de0000] [id=2292]

VM state:not at safepoint (normal execution)

VM Mutex/Monitor currently owned by a thread: None

Heap:
 PSYoungGen      total 38400K, used 4938K [0x00000000d5800000, 0x00000000d8280000, 0x0000000100000000)
  eden space 33280K, 3% used [0x00000000d5800000,0x00000000d594a2f0,0x00000000d7880000)
  from space 5120K, 70% used [0x00000000d7d80000,0x00000000d81085b0,0x00000000d8280000)
  to   space 5120K, 0% used [0x00000000d7880000,0x00000000d7880000,0x00000000d7d80000)
 ParOldGen       total 87552K, used 8494K [0x0000000080800000, 0x0000000085d80000, 0x00000000d5800000)
  object space 87552K, 9% used [0x0000000080800000,0x000000008104b9c8,0x0000000085d80000)
 Metaspace       used 11711K, capacity 11929K, committed 12160K, reserved 1060864K
  class space    used 985K, capacity 1069K, committed 1152K, reserved 1048576K

Card table byte_map: [0x0000000011e10000,0x0000000012210000] byte_map_base: 0x0000000011a0c000

Marking Bits: (ParMarkBitMap*) 0x0000000055a4d850
 Begin Bits: [0x0000000012ac0000, 0x0000000014aa0000)
 End Bits:   [0x0000000014aa0000, 0x0000000016a80000)

Polling page: 0x0000000000d90000

CodeCache: size=245760Kb used=3901Kb max_used=3914Kb free=241858Kb
 bounds [0x0000000002a50000, 0x0000000002e30000, 0x0000000011a50000]
 total_blobs=1925 nmethods=1013 adapters=826
 compilation: enabled

Compilation events (10 events):
Event: 4.133 Thread 0x000000001786f000 1006       2       org.lwjgl.opengl.GL20::glUniformMatrix4fv (16 bytes)
Event: 4.133 Thread 0x000000001786f000 nmethod 1006 0x0000000002e0f3d0 code [0x0000000002e0f540, 0x0000000002e0f6e8]
Event: 4.133 Thread 0x000000001786f000 1005       2       org.joml.Matrix4f::get (11 bytes)
Event: 4.133 Thread 0x000000001786f000 nmethod 1005 0x0000000002e0f010 code [0x0000000002e0f180, 0x0000000002e0f328]
Event: 4.133 Thread 0x000000001786f000 1009       3       sun.misc.Unsafe::setMemory (10 bytes)
Event: 4.133 Thread 0x000000001786f000 nmethod 1009 0x0000000002e0ebd0 code [0x0000000002e0ed40, 0x0000000002e0ef68]
Event: 4.133 Thread 0x000000001786f000 1010       3       java.nio.Bits::pageSize (20 bytes)
Event: 4.134 Thread 0x000000001786f000 nmethod 1010 0x0000000002e0e710 code [0x0000000002e0e880, 0x0000000002e0eb28]
Event: 4.134 Thread 0x000000001786f000 1011       3       java.lang.Math::max (12 bytes)
Event: 4.134 Thread 0x000000001786f000 nmethod 1011 0x0000000002e0e350 code [0x0000000002e0e4a0, 0x0000000002e0e630]

GC Heap History (4 events):
Event: 2.478 GC heap before
{Heap before GC invocations=1 (full 0):
 PSYoungGen      total 38400K, used 28225K [0x00000000d5800000, 0x00000000d8280000, 0x0000000100000000)
  eden space 33280K, 84% used [0x00000000d5800000,0x00000000d7390618,0x00000000d7880000)
  from space 5120K, 0% used [0x00000000d7d80000,0x00000000d7d80000,0x00000000d8280000)
  to   space 5120K, 0% used [0x00000000d7880000,0x00000000d7880000,0x00000000d7d80000)
 ParOldGen       total 87552K, used 0K [0x0000000080800000, 0x0000000085d80000, 0x00000000d5800000)
  object space 87552K, 0% used [0x0000000080800000,0x0000000080800000,0x0000000085d80000)
 Metaspace       used 11496K, capacity 11735K, committed 11904K, reserved 1060864K
  class space    used 972K, capacity 1068K, committed 1152K, reserved 1048576K
Event: 2.487 GC heap after
Heap after GC invocations=1 (full 0):
 PSYoungGen      total 38400K, used 5088K [0x00000000d5800000, 0x00000000d8280000, 0x0000000100000000)
  eden space 33280K, 0% used [0x00000000d5800000,0x00000000d5800000,0x00000000d7880000)
  from space 5120K, 99% used [0x00000000d7880000,0x00000000d7d78030,0x00000000d7d80000)
  to   space 5120K, 0% used [0x00000000d7d80000,0x00000000d7d80000,0x00000000d8280000)
 ParOldGen       total 87552K, used 8486K [0x0000000080800000, 0x0000000085d80000, 0x00000000d5800000)
  object space 87552K, 9% used [0x0000000080800000,0x00000000810499c8,0x0000000085d80000)
 Metaspace       used 11496K, capacity 11735K, committed 11904K, reserved 1060864K
  class space    used 972K, capacity 1068K, committed 1152K, reserved 1048576K
}
Event: 4.112 GC heap before
{Heap before GC invocations=2 (full 0):
 PSYoungGen      total 38400K, used 38368K [0x00000000d5800000, 0x00000000d8280000, 0x0000000100000000)
  eden space 33280K, 100% used [0x00000000d5800000,0x00000000d7880000,0x00000000d7880000)
  from space 5120K, 99% used [0x00000000d7880000,0x00000000d7d78030,0x00000000d7d80000)
  to   space 5120K, 0% used [0x00000000d7d80000,0x00000000d7d80000,0x00000000d8280000)
 ParOldGen       total 87552K, used 8486K [0x0000000080800000, 0x0000000085d80000, 0x00000000d5800000)
  object space 87552K, 9% used [0x0000000080800000,0x00000000810499c8,0x0000000085d80000)
 Metaspace       used 11710K, capacity 11865K, committed 12160K, reserved 1060864K
  class space    used 985K, capacity 1069K, committed 1152K, reserved 1048576K
Event: 4.120 GC heap after
Heap after GC invocations=2 (full 0):
 PSYoungGen      total 38400K, used 3617K [0x00000000d5800000, 0x00000000d8280000, 0x0000000100000000)
  eden space 33280K, 0% used [0x00000000d5800000,0x00000000d5800000,0x00000000d7880000)
  from space 5120K, 70% used [0x00000000d7d80000,0x00000000d81085b0,0x00000000d8280000)
  to   space 5120K, 0% used [0x00000000d7880000,0x00000000d7880000,0x00000000d7d80000)
 ParOldGen       total 87552K, used 8494K [0x0000000080800000, 0x0000000085d80000, 0x00000000d5800000)
  object space 87552K, 9% used [0x0000000080800000,0x000000008104b9c8,0x0000000085d80000)
 Metaspace       used 11710K, capacity 11865K, committed 12160K, reserved 1060864K
  class space    used 985K, capacity 1069K, committed 1152K, reserved 1048576K
}

Deoptimization events (9 events):
Event: 0.131 Thread 0x0000000002954800 Uncommon trap: reason=unstable_if action=reinterpret pc=0x0000000002b52eb8 method=java.lang.String.hashCode()I @ 14
Event: 0.236 Thread 0x0000000002954800 Uncommon trap: reason=unstable_if action=reinterpret pc=0x0000000002bd9228 method=java.lang.String.indexOf([CII[CIII)I @ 134
Event: 2.567 Thread 0x0000000002954800 Uncommon trap: reason=unstable_if action=reinterpret pc=0x0000000002d8f98c method=render.Texture.<init>(Ljava/lang/String;)V @ 206
Event: 2.584 Thread 0x0000000002954800 Uncommon trap: reason=unstable_if action=reinterpret pc=0x0000000002d89340 method=java.awt.image.ComponentColorModel.getRGB(Ljava/lang/Object;)I @ 4
Event: 2.827 Thread 0x0000000002954800 Uncommon trap: reason=unstable_if action=reinterpret pc=0x0000000002de5a14 method=src.GPlatform.main([Ljava/lang/String;)V @ 745
Event: 4.122 Thread 0x0000000002954800 Uncommon trap: reason=unstable_if action=reinterpret pc=0x0000000002e19678 method=java.nio.Bits.tryReserveMemory(JI)Z @ 29
Event: 4.127 Thread 0x0000000002954800 Uncommon trap: reason=unstable_if action=reinterpret pc=0x0000000002e12174 method=java.nio.Bits.tryReserveMemory(JI)Z @ 29
Event: 4.128 Thread 0x0000000002954800 Uncommon trap: reason=unstable_if action=reinterpret pc=0x0000000002e0d040 method=java.nio.Bits.tryReserveMemory(JI)Z @ 29
Event: 4.134 Thread 0x0000000017852000 Uncommon trap: reason=unstable_if action=reinterpret pc=0x0000000002de69ac method=java.lang.ThreadLocal.get()Ljava/lang/Object; @ 11

Internal exceptions (10 events):
Event: 0.206 Thread 0x0000000002954800 Exception <a 'java/lang/NoSuchFieldError': method resolution failed> (0x00000000d5b097e0) thrown at [C:\re\workspace\8-2-build-windows-amd64-cygwin\jdk8u144\9417\hotspot\src\share\vm\prims\methodHandles.cpp, line 1146]
Event: 0.208 Thread 0x0000000002954800 Exception <a 'java/lang/NoSuchFieldError': method resolution failed> (0x00000000d5b16be0) thrown at [C:\re\workspace\8-2-build-windows-amd64-cygwin\jdk8u144\9417\hotspot\src\share\vm\prims\methodHandles.cpp, line 1146]
Event: 0.263 Thread 0x0000000002954800 Exception <a 'java/security/PrivilegedActionException'> (0x00000000d5c95f80) thrown at [C:\re\workspace\8-2-build-windows-amd64-cygwin\jdk8u144\9417\hotspot\src\share\vm\prims\jvm.cpp, line 1390]
Event: 0.263 Thread 0x0000000002954800 Exception <a 'java/security/PrivilegedActionException'> (0x00000000d5c96190) thrown at [C:\re\workspace\8-2-build-windows-amd64-cygwin\jdk8u144\9417\hotspot\src\share\vm\prims\jvm.cpp, line 1390]
Event: 0.263 Thread 0x0000000002954800 Exception <a 'java/security/PrivilegedActionException'> (0x00000000d5c99fe8) thrown at [C:\re\workspace\8-2-build-windows-amd64-cygwin\jdk8u144\9417\hotspot\src\share\vm\prims\jvm.cpp, line 1390]
Event: 0.263 Thread 0x0000000002954800 Exception <a 'java/security/PrivilegedActionException'> (0x00000000d5c9a1f8) thrown at [C:\re\workspace\8-2-build-windows-amd64-cygwin\jdk8u144\9417\hotspot\src\share\vm\prims\jvm.cpp, line 1390]
Event: 1.981 Thread 0x0000000002954800 Exception <a 'sun/nio/fs/WindowsException'> (0x00000000d5f8f6c0) thrown at [C:\re\workspace\8-2-build-windows-amd64-cygwin\jdk8u144\9417\hotspot\src\share\vm\prims\jni.cpp, line 709]
Event: 1.981 Thread 0x0000000002954800 Exception <a 'sun/nio/fs/WindowsException'> (0x00000000d5f8ff00) thrown at [C:\re\workspace\8-2-build-windows-amd64-cygwin\jdk8u144\9417\hotspot\src\share\vm\prims\jni.cpp, line 709]
Event: 2.384 Thread 0x0000000002954800 Exception <a 'java/io/FileNotFoundException'> (0x00000000d6c64ad8) thrown at [C:\re\workspace\8-2-build-windows-amd64-cygwin\jdk8u144\9417\hotspot\src\share\vm\prims\jni.cpp, line 709]
Event: 4.134 Thread 0x0000000017852000 Implicit null exception at 0x0000000002de68dc to 0x0000000002de6995

Events (10 events):
Event: 4.122 Thread 0x0000000002954800 DEOPT UNPACKING pc=0x0000000002a9582a sp=0x000000000294ee00 mode 2
Event: 4.127 Thread 0x0000000002954800 Uncommon trap: trap_request=0xffffff65 fr.pc=0x0000000002e12174
Event: 4.127 Thread 0x0000000002954800 DEOPT PACKING pc=0x0000000002e12174 sp=0x000000000294f0c0
Event: 4.127 Thread 0x0000000002954800 DEOPT UNPACKING pc=0x0000000002a9582a sp=0x000000000294ee08 mode 2
Event: 4.128 Thread 0x0000000002954800 Uncommon trap: trap_request=0xffffff65 fr.pc=0x0000000002e0d040
Event: 4.128 Thread 0x0000000002954800 DEOPT PACKING pc=0x0000000002e0d040 sp=0x000000000294efc0
Event: 4.128 Thread 0x0000000002954800 DEOPT UNPACKING pc=0x0000000002a9582a sp=0x000000000294ee58 mode 2
Event: 4.134 Thread 0x0000000017852000 Uncommon trap: trap_request=0xffffff65 fr.pc=0x0000000002de69ac
Event: 4.134 Thread 0x0000000017852000 DEOPT PACKING pc=0x0000000002de69ac sp=0x00000000191eefd0
Event: 4.134 Thread 0x0000000017852000 DEOPT UNPACKING pc=0x0000000002a9582a sp=0x00000000191eef70 mode 2


Dynamic libraries:
0x00007ff725690000 - 0x00007ff7256c7000 	C:\Program Files\Java\jre1.8.0_144\bin\javaw.exe
0x00007ffa35290000 - 0x00007ffa35462000 	C:\WINDOWS\SYSTEM32\ntdll.dll
0x00007ffa34d00000 - 0x00007ffa34dac000 	C:\WINDOWS\System32\KERNEL32.DLL
0x00007ffa32230000 - 0x00007ffa3244d000 	C:\WINDOWS\System32\KERNELBASE.dll
0x0000000055b40000 - 0x0000000055bf3000 	C:\Program Files\Bitdefender\Bitdefender 2015\Active Virus Control\Avc3_00442_083\avcuf64.dll
0x00007ffa331a0000 - 0x00007ffa33242000 	C:\WINDOWS\System32\ADVAPI32.dll
0x00007ffa32960000 - 0x00007ffa329fe000 	C:\WINDOWS\System32\msvcrt.dll
0x00007ffa350c0000 - 0x00007ffa35119000 	C:\WINDOWS\System32\sechost.dll
0x00007ffa34900000 - 0x00007ffa34a21000 	C:\WINDOWS\System32\RPCRT4.dll
0x00007ffa34db0000 - 0x00007ffa34f15000 	C:\WINDOWS\System32\USER32.dll
0x00007ffa318e0000 - 0x00007ffa318fe000 	C:\WINDOWS\System32\win32u.dll
0x00007ffa32aa0000 - 0x00007ffa32ad4000 	C:\WINDOWS\System32\GDI32.dll
0x00007ffa32680000 - 0x00007ffa32800000 	C:\WINDOWS\System32\gdi32full.dll
0x00007ffa26740000 - 0x00007ffa269ba000 	C:\WINDOWS\WinSxS\amd64_microsoft.windows.common-controls_6595b64144ccf1df_6.0.14393.953_none_42151e83c686086b\COMCTL32.dll
0x00007ffa34a30000 - 0x00007ffa34cf8000 	C:\WINDOWS\System32\combase.dll
0x00007ffa31a50000 - 0x00007ffa31b45000 	C:\WINDOWS\System32\ucrtbase.dll
0x00007ffa31870000 - 0x00007ffa318da000 	C:\WINDOWS\System32\bcryptPrimitives.dll
0x00007ffa32c30000 - 0x00007ffa32c5e000 	C:\WINDOWS\System32\IMM32.DLL
0x0000000055060000 - 0x0000000055132000 	C:\Program Files\Java\jre1.8.0_144\bin\msvcr100.dll
0x0000000055230000 - 0x0000000055acd000 	C:\Program Files\Java\jre1.8.0_144\bin\server\jvm.dll
0x00007ffa348f0000 - 0x00007ffa348f8000 	C:\WINDOWS\System32\PSAPI.DLL
0x00007ffa22180000 - 0x00007ffa22189000 	C:\WINDOWS\SYSTEM32\WSOCK32.dll
0x00007ffa32bc0000 - 0x00007ffa32c2a000 	C:\WINDOWS\System32\WS2_32.dll
0x00007ffa2f5d0000 - 0x00007ffa2f5f3000 	C:\WINDOWS\SYSTEM32\WINMM.dll
0x00007ffa2dce0000 - 0x00007ffa2dcea000 	C:\WINDOWS\SYSTEM32\VERSION.dll
0x00007ffa2f5a0000 - 0x00007ffa2f5cb000 	C:\WINDOWS\SYSTEM32\WINMMBASE.dll
0x00007ffa31770000 - 0x00007ffa317b2000 	C:\WINDOWS\System32\cfgmgr32.dll
0x0000000055220000 - 0x000000005522f000 	C:\Program Files\Java\jre1.8.0_144\bin\verify.dll
0x00000000551f0000 - 0x0000000055219000 	C:\Program Files\Java\jre1.8.0_144\bin\java.dll
0x00000000551d0000 - 0x00000000551e6000 	C:\Program Files\Java\jre1.8.0_144\bin\zip.dll
0x00007ffa333e0000 - 0x00007ffa348e8000 	C:\WINDOWS\System32\SHELL32.dll
0x00007ffa31b50000 - 0x00007ffa32228000 	C:\WINDOWS\System32\windows.storage.dll
0x00007ffa316e0000 - 0x00007ffa3172c000 	C:\WINDOWS\System32\powrprof.dll
0x00007ffa32b60000 - 0x00007ffa32bb2000 	C:\WINDOWS\System32\shlwapi.dll
0x00007ffa31730000 - 0x00007ffa3173f000 	C:\WINDOWS\System32\kernel.appcore.dll
0x00007ffa317c0000 - 0x00007ffa31869000 	C:\WINDOWS\System32\shcore.dll
0x00007ffa31740000 - 0x00007ffa31754000 	C:\WINDOWS\System32\profapi.dll
0x00000000551b0000 - 0x00000000551ca000 	C:\Program Files\Java\jre1.8.0_144\bin\net.dll
0x00007ffa31010000 - 0x00007ffa3106c000 	C:\WINDOWS\system32\mswsock.dll
0x0000000055190000 - 0x00000000551a1000 	C:\Program Files\Java\jre1.8.0_144\bin\nio.dll
0x00007ffa16360000 - 0x00007ffa163b8000 	C:\Users\August's PC\AppData\Local\Temp\lwjglAugust's PC\3.1.4-SNAPSHOT\lwjgl.dll
0x00007ffa08e20000 - 0x00007ffa08e6d000 	C:\Users\AUGUST~1\AppData\Local\Temp\lwjglAugust's PC\3.1.4-SNAPSHOT\glfw.dll
0x00007ffa2ff00000 - 0x00007ffa2ff95000 	C:\WINDOWS\system32\uxtheme.dll
0x00007ffa08cf0000 - 0x00007ffa08d30000 	C:\WINDOWS\SYSTEM32\dinput8.dll
0x00007ffa288b0000 - 0x00007ffa288be000 	C:\WINDOWS\SYSTEM32\xinput1_4.dll
0x00007ffa30440000 - 0x00007ffa30468000 	C:\WINDOWS\SYSTEM32\DEVOBJ.dll
0x00007ffa2f4e0000 - 0x00007ffa2f506000 	C:\WINDOWS\SYSTEM32\dwmapi.dll
0x00007ffa35120000 - 0x00007ffa3527a000 	C:\WINDOWS\System32\MSCTF.dll
0x00007ffa33250000 - 0x00007ffa3330f000 	C:\WINDOWS\System32\OLEAUT32.dll
0x00007ffa31900000 - 0x00007ffa3199c000 	C:\WINDOWS\System32\msvcp_win.dll
0x00007ffa306e0000 - 0x00007ffa306ec000 	C:\WINDOWS\SYSTEM32\HID.DLL
0x00007ffa32c60000 - 0x00007ffa33089000 	C:\WINDOWS\System32\SETUPAPI.DLL
0x00007ffa32620000 - 0x00007ffa32675000 	C:\WINDOWS\System32\WINTRUST.dll
0x00007ffa31760000 - 0x00007ffa31770000 	C:\WINDOWS\System32\MSASN1.dll
0x00007ffa32450000 - 0x00007ffa32619000 	C:\WINDOWS\System32\CRYPT32.dll
0x00007ff9ffbd0000 - 0x00007ff9ffcf3000 	C:\WINDOWS\SYSTEM32\opengl32.dll
0x00007ffa14ad0000 - 0x00007ffa14afd000 	C:\WINDOWS\SYSTEM32\GLU32.dll
0x00007ffa05f60000 - 0x00007ffa06057000 	C:\WINDOWS\SYSTEM32\DDRAW.dll
0x00007ffa282e0000 - 0x00007ffa282e8000 	C:\WINDOWS\SYSTEM32\DCIMAN32.dll
0x0000000052df0000 - 0x0000000055059000 	C:\WINDOWS\SYSTEM32\nvoglv64.DLL
0x00007ffa2f320000 - 0x00007ffa2f333000 	C:\WINDOWS\SYSTEM32\WTSAPI32.dll
0x00007ffa30470000 - 0x00007ffa304a2000 	C:\WINDOWS\SYSTEM32\ntmarta.dll
0x00007ffa24be0000 - 0x00007ffa24dbc000 	C:\WINDOWS\system32\nvspcap64.dll
0x00007ffa32820000 - 0x00007ffa32958000 	C:\WINDOWS\System32\ole32.dll
0x00007ffa2e810000 - 0x00007ffa2e8dd000 	C:\WINDOWS\SYSTEM32\WINHTTP.dll
0x00007ffa30960000 - 0x00007ffa309b6000 	C:\WINDOWS\SYSTEM32\WINSTA.dll
0x00007ffa05d60000 - 0x00007ffa05dbf000 	C:\Users\August's PC\AppData\Local\Temp\lwjglAugust's PC\3.1.4-SNAPSHOT\lwjgl_opengl.dll
0x0000000052c50000 - 0x0000000052de8000 	C:\Program Files\Java\jre1.8.0_144\bin\awt.dll
0x00007ffa2fd60000 - 0x00007ffa2fdda000 	C:\WINDOWS\SYSTEM32\apphelp.dll
0x0000000052c10000 - 0x0000000052c41000 	C:\Program Files\Java\jre1.8.0_144\bin\jpeg.dll
0x00007ffa20200000 - 0x00007ffa20392000 	C:\WINDOWS\SYSTEM32\dbghelp.dll
0x00007ffa201d0000 - 0x00007ffa201f9000 	C:\WINDOWS\SYSTEM32\dbgcore.DLL

VM Arguments:
jvm_args: -Dfile.encoding=Cp1252 
java_command: src.GPlatform
java_class_path (initial): C:\Program Files\Java\jre1.8.0_144\lib\resources.jar;C:\Program Files\Java\jre1.8.0_144\lib\rt.jar;C:\Program Files\Java\jre1.8.0_144\lib\jsse.jar;C:\Program Files\Java\jre1.8.0_144\lib\jce.jar;C:\Program Files\Java\jre1.8.0_144\lib\charsets.jar;C:\Program Files\Java\jre1.8.0_144\lib\jfr.jar;C:\Program Files\Java\jre1.8.0_144\lib\ext\access-bridge-64.jar;C:\Program Files\Java\jre1.8.0_144\lib\ext\cldrdata.jar;C:\Program Files\Java\jre1.8.0_144\lib\ext\dnsns.jar;C:\Program Files\Java\jre1.8.0_144\lib\ext\jaccess.jar;C:\Program Files\Java\jre1.8.0_144\lib\ext\jfxrt.jar;C:\Program Files\Java\jre1.8.0_144\lib\ext\localedata.jar;C:\Program Files\Java\jre1.8.0_144\lib\ext\nashorn.jar;C:\Program Files\Java\jre1.8.0_144\lib\ext\sunec.jar;C:\Program Files\Java\jre1.8.0_144\lib\ext\sunjce_provider.jar;C:\Program Files\Java\jre1.8.0_144\lib\ext\sunmscapi.jar;C:\Program Files\Java\jre1.8.0_144\lib\ext\sunpkcs11.jar;C:\Program Files\Java\jre1.8.0_144\lib\ext\zipfs.jar;C:\Users\August's PC\Documents\GitHub\groupProject\ArcadeProject\bin;C:\Users\August's PC\Documents\LWJGL-3.1.4\joml-1.9.4.jar;C:\Users\August's PC\Documents\LWJGL-3.1.4\joml-1.9.4-javadoc.jar;C:\Users\August's PC\Documents\LWJGL-3.1.4\joml-1.9.4-sources.jar;C:\Users\August's PC\Documents\LWJGL-3.1.4\lwjgl.jar;C:\Users\August's PC\Documents\LWJGL-3.1.4\lwjgl-assimp.jar;C:\Users\August's PC\Documents\LWJGL-3.1.4\lwjgl-assimp-javadoc.jar;C:\Users\August's PC\Documents\LWJGL-3.1.4\lwjgl-assimp-natives-windows.jar;C:\Users\August's PC\Documents\LWJGL-3.1.4\lwjgl-assimp-sources.jar;C:\Users\August's PC\Documents\LWJGL-3.1.4\lwjgl-bgfx.jar;C:\Users\August's PC\Documents\LWJGL-3.1.4\lwjgl-bgfx-javadoc.jar;C:\Users\August's PC\Documents\LWJGL-3.1.4\lwjgl-bgfx-natives-windows.jar;C:\Users\August's PC\Documents\LWJGL-3.1.4\lwjgl-bgfx-sources.jar;C:\Users\August's PC\Documents\LWJGL-3.1.4\lwjgl-egl.jar;C:\Users\August's PC\Documents\LWJGL-3.1.4\lwjgl-egl-javadoc.jar;C:\Users\August's PC\Documents\
Launcher Type: SUN_STANDARD

Environment Variables:
PATH=C:/Program Files/Java/jre1.8.0_144/bin/server;C:/Program Files/Java/jre1.8.0_144/bin;C:/Program Files/Java/jre1.8.0_144/lib/amd64;C:\Program Files\Microsoft MPI\Bin\;C:\ProgramData\Oracle\Java\javapath;C:\Program Files\Common Files\Microsoft Shared\Windows Live;C:\Program Files (x86)\Common Files\Microsoft Shared\Windows Live;C:\windows\system32;C:\windows;C:\windows\System32\Wbem;C:\windows\System32\WindowsPowerShell\v1.0\;C:\Program Files (x86)\Intel\OpenCL SDK\2.0\bin\x86;C:\Program Files (x86)\Intel\OpenCL SDK\2.0\bin\x64;C:\Program Files (x86)\Windows Live\Shared;C:\Program Files\Microsoft SQL Server\110\Tools\Binn\;C:\Program Files (x86)\GtkSharp\2.12\bin;C:\WINDOWS\system32;C:\WINDOWS;C:\WINDOWS\System32\Wbem;C:\WINDOWS\System32\WindowsPowerShell\v1.0\;C:\Program Files (x86)\Skype\Phone\;C:\Program Files (x86)\NVIDIA Corporation\PhysX\Common;C:\Program Files\PuTTY\;%SystemRoot%\system32\WindowsPowerShell\v1.0\;C:\Program Files\Common Files\Microsoft Shared\Windows Live;C:\Program Files (x86)\Common Files\Microsoft Shared\Windows Live;C:\windows\system32;C:\windows;C:\windows\System32\Wbem;C:\windows\System32\WindowsPowerShell\v1.0\;C:\Program Files (x86)\Intel\OpenCL SDK\2.0\bin\x86;C:\Program Files (x86)\Intel\OpenCL SDK\2.0\bin\x64;C:\Program Files (x86)\Windows Live\Shared;C:Python27;C;\Python27;%USERPROFILE%\AppData\Local\Microsoft\WindowsApps;;C:\Users\August's PC\Documents\Eclipse IDE;
USERNAME=August's PC
OS=Windows_NT
PROCESSOR_IDENTIFIER=AMD64 Family 21 Model 2 Stepping 0, AuthenticAMD



---------------  S Y S T E M  ---------------

OS: Windows 10.0 , 64 bit Build 14393 (10.0.14393.1198)

CPU:total 6 (initial active 6) (6 cores per cpu, 1 threads per core) family 21 model 2 stepping 0, cmov, cx8, fxsr, mmx, sse, sse2, sse3, ssse3, sse4.1, sse4.2, popcnt, avx, aes, clmul, mmxext, 3dnowpref, lzcnt, sse4a, tsc, tscinvbit, tscinv, bmi1

Memory: 4k page, physical 8350800k(3965368k free), swap 10053728k(4330380k free)

vm_info: Java HotSpot(TM) 64-Bit Server VM (25.144-b01) for windows-amd64 JRE (1.8.0_144-b01), built on Jul 21 2017 21:57:33 by "java_re" with MS VC++ 10.0 (VS2010)

time: Tue Oct 24 17:51:05 2017
elapsed time: 4 seconds (0d 0h 0m 4s)

