#
# A fatal error has been detected by the Java Runtime Environment:
#
#  EXCEPTION_ACCESS_VIOLATION (0xc0000005) at pc=0x00007ff856f7268d, pid=644, tid=0x0000000000002228
#
# JRE version: Java(TM) SE Runtime Environment (8.0_144-b01) (build 1.8.0_144-b01)
# Java VM: Java HotSpot(TM) 64-Bit Server VM (25.144-b01 mixed mode windows-amd64 compressed oops)
# Problematic frame:
# C  [lwjgl_opengl.dll+0x1268d]
#
# Failed to write core dump. Minidumps are not enabled by default on client versions of Windows
#
# If you would like to submit a bug report, please visit:
#   http://bugreport.java.com/bugreport/crash.jsp
# The crash happened outside the Java Virtual Machine in native code.
# See problematic frame for where to report the bug.
#

---------------  T H R E A D  ---------------

Current thread (0x0000000016a10000):  JavaThread "Finalizer" daemon [_thread_in_native, id=8744, stack(0x0000000017c90000,0x0000000017d90000)]

siginfo: ExceptionCode=0xc0000005, reading address 0x0000000000000948

Registers:
RAX=0x0000000076b41d50, RBX=0x0000000016610ef8, RCX=0x0000000000000001, RDX=0x000000001916a9dc
RSP=0x0000000017d8ef88, RBP=0x0000000017d8f008, RSI=0x000000000000a528, RDI=0x000000000319835d
R8 =0x0000000000000001, R9 =0x000000001916a9dc, R10=0x0000000000000000, R11=0x00000000765cbc50
R12=0x0000000000000000, R13=0x0000000016610ef8, R14=0x0000000017d8f038, R15=0x0000000016a10000
RIP=0x00007ff856f7268d, EFLAGS=0x0000000000010206

Top of Stack: (sp=0x0000000017d8ef88)
0x0000000017d8ef88:   00000000031a7f74 000000000319835d
0x0000000017d8ef98:   00000000031a7ceb 0000000016a10000
0x0000000017d8efa8:   0000000016610ef8 000000000000a528
0x0000000017d8efb8:   0000000016a10000 00000000031a7ca2
0x0000000017d8efc8:   0000000017d8efc8 0000000016610ef8
0x0000000017d8efd8:   0000000017d8f038 0000000016616428
0x0000000017d8efe8:   0000000000000000 0000000016610ef8
0x0000000017d8eff8:   0000000000000000 0000000017d8f028
0x0000000017d8f008:   0000000017d8f080 000000000319835d
0x0000000017d8f018:   00000000e254cd70 00000000031a19d8
0x0000000017d8f028:   000000001916a9dc 00000000e097a9f0
0x0000000017d8f038:   0000000000000001 0000000017d8f040
0x0000000017d8f048:   000000001661106c 0000000017d8f0b0
0x0000000017d8f058:   0000000016616428 0000000000000000
0x0000000017d8f068:   00000000166110e0 0000000017d8f028
0x0000000017d8f078:   0000000017d8f0b0 0000000017d8f0f8 

Instructions: (pc=0x00007ff856f7268d)
0x00007ff856f7266d:   49 ff a2 e8 00 00 00 cc cc cc cc cc cc cc cc cc
0x00007ff856f7267d:   cc cc cc 48 8b 01 49 8b d1 41 8b c8 4c 8b 50 18
0x00007ff856f7268d:   49 ff a2 48 09 00 00 cc cc cc cc cc cc cc cc cc
0x00007ff856f7269d:   cc cc cc 48 8b 01 49 8b d1 41 8b c8 4c 8b 50 18 


Register to memory mapping:

RAX=0x0000000076b41d50 is an unknown value
RBX={method} {0x0000000016610f00} 'nglDeleteBuffers' '(IJ)V' in 'org/lwjgl/opengl/GL15'
RCX=0x0000000000000001 is an unknown value
RDX=0x000000001916a9dc is an unknown value
RSP=0x0000000017d8ef88 is pointing into the stack for thread: 0x0000000016a10000
RBP=0x0000000017d8f008 is pointing into the stack for thread: 0x0000000016a10000
RSI=0x000000000000a528 is an unknown value
RDI=0x000000000319835d is at code_begin+2301 in an Interpreter codelet
invoke return entry points  [0x0000000003197a60, 0x0000000003198440]  2528 bytes
R8 =0x0000000000000001 is an unknown value
R9 =0x000000001916a9dc is an unknown value
R10=0x0000000000000000 is an unknown value
R11=0x00000000765cbc50 is an unknown value
R12=0x0000000000000000 is an unknown value
R13={method} {0x0000000016610f00} 'nglDeleteBuffers' '(IJ)V' in 'org/lwjgl/opengl/GL15'
R14=0x0000000017d8f038 is pointing into the stack for thread: 0x0000000016a10000
R15=0x0000000016a10000 is a thread


Stack: [0x0000000017c90000,0x0000000017d90000],  sp=0x0000000017d8ef88,  free space=1019k
Native frames: (J=compiled Java code, j=interpreted, Vv=VM code, C=native code)
C  [lwjgl_opengl.dll+0x1268d]

Java frames: (J=compiled Java code, j=interpreted, Vv=VM code)
j  org.lwjgl.opengl.GL15.nglDeleteBuffers(IJ)V+0
j  org.lwjgl.opengl.GL15.glDeleteBuffers(I)V+20
j  render.Model.finalize()V+4
J 729 C1 java.lang.ref.Finalizer.runFinalizer(Lsun/misc/JavaLangAccess;)V (62 bytes) @ 0x000000000349558c [0x0000000003495000+0x58c]
J 728 C1 java.lang.ref.Finalizer.access$100(Ljava/lang/ref/Finalizer;Lsun/misc/JavaLangAccess;)V (6 bytes) @ 0x000000000349335c [0x0000000003493300+0x5c]
j  java.lang.ref.Finalizer$FinalizerThread.run()V+45
v  ~StubRoutines::call_stub

---------------  P R O C E S S  ---------------

Java Threads: ( => current thread )
  0x0000000018d98800 JavaThread "Java2D Disposer" daemon [_thread_blocked, id=8644, stack(0x000000001f410000,0x000000001f510000)]
  0x00000000183a0800 JavaThread "Service Thread" daemon [_thread_blocked, id=6804, stack(0x0000000018780000,0x0000000018880000)]
  0x0000000016a2d800 JavaThread "C1 CompilerThread2" daemon [_thread_blocked, id=5516, stack(0x0000000018280000,0x0000000018380000)]
  0x0000000016a26800 JavaThread "C2 CompilerThread1" daemon [_thread_in_native, id=9456, stack(0x0000000018180000,0x0000000018280000)]
  0x0000000016a21800 JavaThread "C2 CompilerThread0" daemon [_thread_blocked, id=7380, stack(0x0000000018080000,0x0000000018180000)]
  0x0000000016a20000 JavaThread "Attach Listener" daemon [_thread_blocked, id=8160, stack(0x0000000017f80000,0x0000000018080000)]
  0x0000000016a1f000 JavaThread "Signal Dispatcher" daemon [_thread_blocked, id=10204, stack(0x0000000017e80000,0x0000000017f80000)]
=>0x0000000016a10000 JavaThread "Finalizer" daemon [_thread_in_native, id=8744, stack(0x0000000017c90000,0x0000000017d90000)]
  0x0000000003185000 JavaThread "Reference Handler" daemon [_thread_blocked, id=4196, stack(0x0000000017b90000,0x0000000017c90000)]
  0x0000000003095000 JavaThread "main" [_thread_in_vm, id=9144, stack(0x0000000002f90000,0x0000000003090000)]

Other Threads:
  0x00000000169e8000 VMThread [stack: 0x0000000017a90000,0x0000000017b90000] [id=9344]
  0x00000000183f6000 WatcherThread [stack: 0x0000000018880000,0x0000000018980000] [id=2816]

VM state:not at safepoint (normal execution)

VM Mutex/Monitor currently owned by a thread: None

Heap:
 PSYoungGen      total 28672K, used 5047K [0x00000000e0900000, 0x00000000e4100000, 0x0000000100000000)
  eden space 24576K, 3% used [0x00000000e0900000,0x00000000e09f56c0,0x00000000e2100000)
  from space 4096K, 99% used [0x00000000e2500000,0x00000000e28f8870,0x00000000e2900000)
  to   space 4096K, 0% used [0x00000000e2100000,0x00000000e2100000,0x00000000e2500000)
 ParOldGen       total 65536K, used 15447K [0x00000000a1a00000, 0x00000000a5a00000, 0x00000000e0900000)
  object space 65536K, 23% used [0x00000000a1a00000,0x00000000a2915f18,0x00000000a5a00000)
 Metaspace       used 10986K, capacity 11193K, committed 11392K, reserved 1058816K
  class space    used 955K, capacity 1037K, committed 1152K, reserved 1048576K

Card table byte_map: [0x0000000012550000,0x0000000012850000] byte_map_base: 0x0000000012043000

Marking Bits: (ParMarkBitMap*) 0x0000000076bbd850
 Begin Bits: [0x0000000012e50000, 0x00000000145e8000)
 End Bits:   [0x00000000145e8000, 0x0000000015d80000)

Polling page: 0x00000000012b0000

CodeCache: size=245760Kb used=3565Kb max_used=3574Kb free=242194Kb
 bounds [0x0000000003190000, 0x0000000003520000, 0x0000000012190000]
 total_blobs=1807 nmethods=935 adapters=785
 compilation: enabled

Compilation events (10 events):
Event: 1.370 Thread 0x0000000016a2d800  926       1       java.util.concurrent.atomic.AtomicLong::addAndGet (14 bytes)
Event: 1.370 Thread 0x0000000016a2d800 nmethod 926 0x0000000003506b90 code [0x0000000003506ce0, 0x0000000003506df0]
Event: 1.370 Thread 0x0000000016a2d800  928       3       java.nio.DirectByteBuffer$Deallocator::run (37 bytes)
Event: 1.371 Thread 0x0000000016a2d800 nmethod 928 0x0000000003506310 code [0x0000000003506480, 0x0000000003506758]
Event: 1.371 Thread 0x0000000016a2d800  930  s    3       sun.misc.Cleaner::remove (89 bytes)
Event: 1.371 Thread 0x0000000016a2d800 nmethod 930 0x0000000003505b90 code [0x0000000003505d00, 0x00000000035061f0]
Event: 1.371 Thread 0x0000000016a2d800  929       3       java.util.concurrent.atomic.AtomicLong::decrementAndGet (16 bytes)
Event: 1.372 Thread 0x0000000016a2d800 nmethod 929 0x0000000003505850 code [0x00000000035059a0, 0x0000000003505b10]
Event: 1.372 Thread 0x0000000016a2d800  931       3       java.nio.Bits::unreserveMemory (63 bytes)
Event: 1.372 Thread 0x0000000016a2d800 nmethod 931 0x0000000003505150 code [0x00000000035052c0, 0x0000000003505710]

GC Heap History (4 events):
Event: 1.093 GC heap before
{Heap before GC invocations=1 (full 0):
 PSYoungGen      total 28672K, used 24576K [0x00000000e0900000, 0x00000000e2900000, 0x0000000100000000)
  eden space 24576K, 100% used [0x00000000e0900000,0x00000000e2100000,0x00000000e2100000)
  from space 4096K, 0% used [0x00000000e2500000,0x00000000e2500000,0x00000000e2900000)
  to   space 4096K, 0% used [0x00000000e2100000,0x00000000e2100000,0x00000000e2500000)
 ParOldGen       total 65536K, used 0K [0x00000000a1a00000, 0x00000000a5a00000, 0x00000000e0900000)
  object space 65536K, 0% used [0x00000000a1a00000,0x00000000a1a00000,0x00000000a5a00000)
 Metaspace       used 10766K, capacity 10999K, committed 11136K, reserved 1058816K
  class space    used 942K, capacity 1036K, committed 1152K, reserved 1048576K
Event: 1.099 GC heap after
Heap after GC invocations=1 (full 0):
 PSYoungGen      total 28672K, used 4081K [0x00000000e0900000, 0x00000000e2900000, 0x0000000100000000)
  eden space 24576K, 0% used [0x00000000e0900000,0x00000000e0900000,0x00000000e2100000)
  from space 4096K, 99% used [0x00000000e2100000,0x00000000e24fc5b0,0x00000000e2500000)
  to   space 4096K, 0% used [0x00000000e2500000,0x00000000e2500000,0x00000000e2900000)
 ParOldGen       total 65536K, used 9159K [0x00000000a1a00000, 0x00000000a5a00000, 0x00000000e0900000)
  object space 65536K, 13% used [0x00000000a1a00000,0x00000000a22f1ef8,0x00000000a5a00000)
 Metaspace       used 10766K, capacity 10999K, committed 11136K, reserved 1058816K
  class space    used 942K, capacity 1036K, committed 1152K, reserved 1048576K
}
Event: 1.363 GC heap before
{Heap before GC invocations=2 (full 0):
 PSYoungGen      total 28672K, used 28657K [0x00000000e0900000, 0x00000000e2900000, 0x0000000100000000)
  eden space 24576K, 100% used [0x00000000e0900000,0x00000000e2100000,0x00000000e2100000)
  from space 4096K, 99% used [0x00000000e2100000,0x00000000e24fc5b0,0x00000000e2500000)
  to   space 4096K, 0% used [0x00000000e2500000,0x00000000e2500000,0x00000000e2900000)
 ParOldGen       total 65536K, used 9159K [0x00000000a1a00000, 0x00000000a5a00000, 0x00000000e0900000)
  object space 65536K, 13% used [0x00000000a1a00000,0x00000000a22f1ef8,0x00000000a5a00000)
 Metaspace       used 10985K, capacity 11193K, committed 11392K, reserved 1058816K
  class space    used 955K, capacity 1037K, committed 1152K, reserved 1048576K
Event: 1.370 GC heap after
Heap after GC invocations=2 (full 0):
 PSYoungGen      total 28672K, used 4066K [0x00000000e0900000, 0x00000000e4100000, 0x0000000100000000)
  eden space 24576K, 0% used [0x00000000e0900000,0x00000000e0900000,0x00000000e2100000)
  from space 4096K, 99% used [0x00000000e2500000,0x00000000e28f8870,0x00000000e2900000)
  to   space 4096K, 0% used [0x00000000e2100000,0x00000000e2100000,0x00000000e2500000)
 ParOldGen       total 65536K, used 15447K [0x00000000a1a00000, 0x00000000a5a00000, 0x00000000e0900000)
  object space 65536K, 23% used [0x00000000a1a00000,0x00000000a2915f18,0x00000000a5a00000)
 Metaspace       used 10985K, capacity 11193K, committed 11392K, reserved 1058816K
  class space    used 955K, capacity 1037K, committed 1152K, reserved 1048576K
}

Deoptimization events (5 events):
Event: 0.120 Thread 0x0000000003095000 Uncommon trap: reason=unstable_if action=reinterpret pc=0x0000000003292df8 method=java.lang.String.hashCode()I @ 14
Event: 0.227 Thread 0x0000000003095000 Uncommon trap: reason=unstable_if action=reinterpret pc=0x0000000003327adc method=java.lang.String.indexOf([CII[CIII)I @ 134
Event: 1.186 Thread 0x0000000003095000 Uncommon trap: reason=unstable_if action=reinterpret pc=0x00000000034a3180 method=render.Texture.<init>(Ljava/lang/String;)V @ 206
Event: 1.214 Thread 0x0000000003095000 Uncommon trap: reason=unstable_if action=reinterpret pc=0x000000000349cc7c method=java.awt.image.ComponentColorModel.getRGB(Ljava/lang/Object;)I @ 4
Event: 1.346 Thread 0x0000000003095000 Uncommon trap: reason=unstable_if action=reinterpret pc=0x00000000034c4014 method=src.GPlatform.main([Ljava/lang/String;)V @ 755

Internal exceptions (10 events):
Event: 0.176 Thread 0x0000000003095000 Exception <a 'java/lang/NoSuchMethodError': java.lang.Object.lambda$static$0(Ljava/lang/String;)Ljava/lang/Boolean;> (0x00000000e0b5d9b0) thrown at [C:\re\workspace\8-2-build-windows-amd64-cygwin\jdk8u144\9417\hotspot\src\share\vm\interpreter\linkResolver
Event: 0.191 Thread 0x0000000003095000 Exception <a 'java/lang/NoSuchFieldError': method resolution failed> (0x00000000e0bd57e8) thrown at [C:\re\workspace\8-2-build-windows-amd64-cygwin\jdk8u144\9417\hotspot\src\share\vm\prims\methodHandles.cpp, line 1146]
Event: 0.192 Thread 0x0000000003095000 Exception <a 'java/lang/NoSuchFieldError': method resolution failed> (0x00000000e0be2be8) thrown at [C:\re\workspace\8-2-build-windows-amd64-cygwin\jdk8u144\9417\hotspot\src\share\vm\prims\methodHandles.cpp, line 1146]
Event: 0.249 Thread 0x0000000003095000 Exception <a 'java/security/PrivilegedActionException'> (0x00000000e0d60af8) thrown at [C:\re\workspace\8-2-build-windows-amd64-cygwin\jdk8u144\9417\hotspot\src\share\vm\prims\jvm.cpp, line 1390]
Event: 0.250 Thread 0x0000000003095000 Exception <a 'java/security/PrivilegedActionException'> (0x00000000e0d60d08) thrown at [C:\re\workspace\8-2-build-windows-amd64-cygwin\jdk8u144\9417\hotspot\src\share\vm\prims\jvm.cpp, line 1390]
Event: 0.250 Thread 0x0000000003095000 Exception <a 'java/security/PrivilegedActionException'> (0x00000000e0d64b60) thrown at [C:\re\workspace\8-2-build-windows-amd64-cygwin\jdk8u144\9417\hotspot\src\share\vm\prims\jvm.cpp, line 1390]
Event: 0.250 Thread 0x0000000003095000 Exception <a 'java/security/PrivilegedActionException'> (0x00000000e0d64d70) thrown at [C:\re\workspace\8-2-build-windows-amd64-cygwin\jdk8u144\9417\hotspot\src\share\vm\prims\jvm.cpp, line 1390]
Event: 0.622 Thread 0x0000000003095000 Exception <a 'sun/nio/fs/WindowsException'> (0x00000000e102d8c0) thrown at [C:\re\workspace\8-2-build-windows-amd64-cygwin\jdk8u144\9417\hotspot\src\share\vm\prims\jni.cpp, line 709]
Event: 0.622 Thread 0x0000000003095000 Exception <a 'sun/nio/fs/WindowsException'> (0x00000000e102e0a8) thrown at [C:\re\workspace\8-2-build-windows-amd64-cygwin\jdk8u144\9417\hotspot\src\share\vm\prims\jni.cpp, line 709]
Event: 1.003 Thread 0x0000000003095000 Exception <a 'java/io/FileNotFoundException'> (0x00000000e1a49638) thrown at [C:\re\workspace\8-2-build-windows-amd64-cygwin\jdk8u144\9417\hotspot\src\share\vm\prims\jni.cpp, line 709]

Events (10 events):
Event: 1.224 Thread 0x0000000003095000 DEOPT UNPACKING pc=0x00000000031d787f sp=0x000000000308ee18 mode 0
Event: 1.228 loading class io/Timer
Event: 1.228 loading class io/Timer done
Event: 1.336 Thread 0x0000000003095000 DEOPT PACKING pc=0x00000000034cd0e5 sp=0x000000000308f1a0
Event: 1.336 Thread 0x0000000003095000 DEOPT UNPACKING pc=0x00000000031d787f sp=0x000000000308f148 mode 0
Event: 1.346 Thread 0x0000000003095000 Uncommon trap: trap_request=0xffffff65 fr.pc=0x00000000034c4014
Event: 1.346 Thread 0x0000000003095000 DEOPT PACKING pc=0x00000000034c4014 sp=0x000000000308f490
Event: 1.346 Thread 0x0000000003095000 DEOPT UNPACKING pc=0x00000000031d582a sp=0x000000000308f3d8 mode 2
Event: 1.363 Executing VM operation: ParallelGCFailedAllocation
Event: 1.370 Executing VM operation: ParallelGCFailedAllocation done


Dynamic libraries:
0x00007ff6e4670000 - 0x00007ff6e46a7000 	C:\Program Files\Java\jre1.8.0_144\bin\javaw.exe
0x00007ff8734f0000 - 0x00007ff8736c2000 	C:\windows\SYSTEM32\ntdll.dll
0x00007ff871470000 - 0x00007ff87151c000 	C:\windows\System32\KERNEL32.DLL
0x00007ff870470000 - 0x00007ff87068d000 	C:\windows\System32\KERNELBASE.dll
0x0000000077430000 - 0x00000000774e3000 	C:\Program Files\Bitdefender\Bitdefender 2017\Active Virus Control\Avc3_00162_026\avcuf64.dll
0x00007ff8716f0000 - 0x00007ff871792000 	C:\windows\System32\ADVAPI32.dll
0x00007ff873420000 - 0x00007ff8734be000 	C:\windows\System32\msvcrt.dll
0x00007ff870a80000 - 0x00007ff870ad9000 	C:\windows\System32\sechost.dll
0x00007ff871820000 - 0x00007ff871941000 	C:\windows\System32\RPCRT4.dll
0x00007ff871580000 - 0x00007ff8716e5000 	C:\windows\System32\USER32.dll
0x00007ff86f9f0000 - 0x00007ff86fa0e000 	C:\windows\System32\win32u.dll
0x00007ff8732a0000 - 0x00007ff8732d4000 	C:\windows\System32\GDI32.dll
0x00007ff8702a0000 - 0x00007ff870420000 	C:\windows\System32\gdi32full.dll
0x00007ff862b80000 - 0x00007ff862dfa000 	C:\windows\WinSxS\amd64_microsoft.windows.common-controls_6595b64144ccf1df_6.0.14393.953_none_42151e83c686086b\COMCTL32.dll
0x00007ff870ae0000 - 0x00007ff870da8000 	C:\windows\System32\combase.dll
0x00007ff8701a0000 - 0x00007ff870295000 	C:\windows\System32\ucrtbase.dll
0x00007ff870840000 - 0x00007ff8708aa000 	C:\windows\System32\bcryptPrimitives.dll
0x00007ff8734c0000 - 0x00007ff8734ee000 	C:\windows\System32\IMM32.DLL
0x0000000075f40000 - 0x0000000076012000 	C:\Program Files\Java\jre1.8.0_144\bin\msvcr100.dll
0x00000000763a0000 - 0x0000000076c3d000 	C:\Program Files\Java\jre1.8.0_144\bin\server\jvm.dll
0x00007ff871260000 - 0x00007ff871268000 	C:\windows\System32\PSAPI.DLL
0x00007ff86d700000 - 0x00007ff86d709000 	C:\windows\SYSTEM32\WSOCK32.dll
0x00007ff871400000 - 0x00007ff87146a000 	C:\windows\System32\WS2_32.dll
0x00007ff86dcc0000 - 0x00007ff86dce3000 	C:\windows\SYSTEM32\WINMM.dll
0x00007ff86a1f0000 - 0x00007ff86a1fa000 	C:\windows\SYSTEM32\VERSION.dll
0x00007ff86dc90000 - 0x00007ff86dcbb000 	C:\windows\SYSTEM32\WINMMBASE.dll
0x00007ff870420000 - 0x00007ff870462000 	C:\windows\System32\cfgmgr32.dll
0x00000000762b0000 - 0x00000000762bf000 	C:\Program Files\Java\jre1.8.0_144\bin\verify.dll
0x0000000076280000 - 0x00000000762a9000 	C:\Program Files\Java\jre1.8.0_144\bin\java.dll
0x0000000076260000 - 0x0000000076276000 	C:\Program Files\Java\jre1.8.0_144\bin\zip.dll
0x00007ff871960000 - 0x00007ff872e68000 	C:\windows\System32\SHELL32.dll
0x00007ff86fac0000 - 0x00007ff870198000 	C:\windows\System32\windows.storage.dll
0x00007ff86f990000 - 0x00007ff86f9dc000 	C:\windows\System32\powrprof.dll
0x00007ff8713a0000 - 0x00007ff8713f2000 	C:\windows\System32\shlwapi.dll
0x00007ff86f9e0000 - 0x00007ff86f9ef000 	C:\windows\System32\kernel.appcore.dll
0x00007ff86fa10000 - 0x00007ff86fab9000 	C:\windows\System32\shcore.dll
0x00007ff86f960000 - 0x00007ff86f974000 	C:\windows\System32\profapi.dll
0x0000000076240000 - 0x000000007625a000 	C:\Program Files\Java\jre1.8.0_144\bin\net.dll
0x00007ff86f230000 - 0x00007ff86f28c000 	C:\windows\system32\mswsock.dll
0x0000000076220000 - 0x0000000076231000 	C:\Program Files\Java\jre1.8.0_144\bin\nio.dll
0x00007ff857d70000 - 0x00007ff857dc8000 	C:\Users\augus\AppData\Local\Temp\lwjglaugus\3.1.4-SNAPSHOT\lwjgl.dll
0x00007ff86ae30000 - 0x00007ff86ae7d000 	C:\Users\augus\AppData\Local\Temp\lwjglaugus\3.1.4-SNAPSHOT\glfw.dll
0x00007ff86e1c0000 - 0x00007ff86e255000 	C:\windows\system32\uxtheme.dll
0x00007ff857ca0000 - 0x00007ff857ce0000 	C:\windows\SYSTEM32\dinput8.dll
0x00007ff86c4d0000 - 0x00007ff86c4de000 	C:\windows\SYSTEM32\xinput1_4.dll
0x00007ff86e700000 - 0x00007ff86e728000 	C:\windows\SYSTEM32\DEVOBJ.dll
0x00007ff86dbd0000 - 0x00007ff86dbf6000 	C:\windows\SYSTEM32\dwmapi.dll
0x00007ff8710f0000 - 0x00007ff87124a000 	C:\windows\System32\MSCTF.dll
0x00007ff871270000 - 0x00007ff87132f000 	C:\windows\System32\OLEAUT32.dll
0x00007ff870690000 - 0x00007ff87072c000 	C:\windows\System32\msvcp_win.dll
0x00007ff8575e0000 - 0x00007ff857678000 	C:\Program Files\Common Files\microsoft shared\ink\tiptsf.dll
0x00007ff86e960000 - 0x00007ff86e96c000 	C:\windows\SYSTEM32\HID.DLL
0x00007ff872e70000 - 0x00007ff873299000 	C:\windows\System32\SETUPAPI.DLL
0x00007ff8707e0000 - 0x00007ff870835000 	C:\windows\System32\WINTRUST.dll
0x00007ff86f980000 - 0x00007ff86f990000 	C:\windows\System32\MSASN1.dll
0x00007ff8708b0000 - 0x00007ff870a79000 	C:\windows\System32\CRYPT32.dll
0x00007ff854d10000 - 0x00007ff854e33000 	C:\windows\SYSTEM32\opengl32.dll
0x00007ff854ce0000 - 0x00007ff854d0d000 	C:\windows\SYSTEM32\GLU32.dll
0x00007ff8512a0000 - 0x00007ff851397000 	C:\windows\SYSTEM32\DDRAW.dll
0x00007ff8550c0000 - 0x00007ff8550c8000 	C:\windows\SYSTEM32\DCIMAN32.dll
0x00007ff840af0000 - 0x00007ff84183a000 	C:\windows\System32\DriverStore\FileRepository\119748.inf_amd64_8e3972f5c88264c0\ig9icd64.dll
0x00007ff86d9b0000 - 0x00007ff86d9c3000 	C:\windows\SYSTEM32\WTSAPI32.dll
0x00007ff866ec0000 - 0x00007ff86801d000 	C:\windows\System32\DriverStore\FileRepository\119748.inf_amd64_8e3972f5c88264c0\igc64.dll
0x00007ff856f60000 - 0x00007ff856fbf000 	C:\Users\augus\AppData\Local\Temp\lwjglaugus\3.1.4-SNAPSHOT\lwjgl_opengl.dll
0x0000000075da0000 - 0x0000000075f38000 	C:\Program Files\Java\jre1.8.0_144\bin\awt.dll
0x00007ff86dfe0000 - 0x00007ff86e05a000 	C:\windows\SYSTEM32\apphelp.dll
0x0000000075d60000 - 0x0000000075d91000 	C:\Program Files\Java\jre1.8.0_144\bin\jpeg.dll
0x00007ff870db0000 - 0x00007ff870e4f000 	C:\windows\System32\clbcatq.dll
0x00007ff842600000 - 0x00007ff8427aa000 	C:\Windows\System32\uiautomationcore.dll
0x00007ff86f0b0000 - 0x00007ff86f0cf000 	C:\Windows\System32\USERENV.dll
0x00007ff86f7a0000 - 0x00007ff86f838000 	C:\windows\SYSTEM32\sxs.dll
0x00007ff8613b0000 - 0x00007ff861415000 	C:\Windows\System32\OLEACC.dll
0x00007ff8732e0000 - 0x00007ff873418000 	C:\windows\System32\ole32.dll
0x00007ff86a320000 - 0x00007ff86a4b2000 	C:\windows\SYSTEM32\dbghelp.dll
0x00007ff864c20000 - 0x00007ff864c49000 	C:\windows\SYSTEM32\dbgcore.DLL

VM Arguments:
jvm_args: -Dfile.encoding=Cp1252 
java_command: src.GPlatform
java_class_path (initial): C:\Program Files\Java\jre1.8.0_144\lib\resources.jar;C:\Program Files\Java\jre1.8.0_144\lib\rt.jar;C:\Program Files\Java\jre1.8.0_144\lib\jsse.jar;C:\Program Files\Java\jre1.8.0_144\lib\jce.jar;C:\Program Files\Java\jre1.8.0_144\lib\charsets.jar;C:\Program Files\Java\jre1.8.0_144\lib\jfr.jar;C:\Program Files\Java\jre1.8.0_144\lib\ext\access-bridge-64.jar;C:\Program Files\Java\jre1.8.0_144\lib\ext\cldrdata.jar;C:\Program Files\Java\jre1.8.0_144\lib\ext\dnsns.jar;C:\Program Files\Java\jre1.8.0_144\lib\ext\jaccess.jar;C:\Program Files\Java\jre1.8.0_144\lib\ext\jfxrt.jar;C:\Program Files\Java\jre1.8.0_144\lib\ext\localedata.jar;C:\Program Files\Java\jre1.8.0_144\lib\ext\nashorn.jar;C:\Program Files\Java\jre1.8.0_144\lib\ext\sunec.jar;C:\Program Files\Java\jre1.8.0_144\lib\ext\sunjce_provider.jar;C:\Program Files\Java\jre1.8.0_144\lib\ext\sunmscapi.jar;C:\Program Files\Java\jre1.8.0_144\lib\ext\sunpkcs11.jar;C:\Program Files\Java\jre1.8.0_144\lib\ext\zipfs.jar;C:\Users\augus\Documents\GitHub\groupProject\ArcadeProject\bin;C:\Users\augus\Documents\LWJGL-3.1.4_built_1\joml-1.9.4.jar;C:\Users\augus\Documents\LWJGL-3.1.4_built_1\joml-1.9.4-javadoc.jar;C:\Users\augus\Documents\LWJGL-3.1.4_built_1\joml-1.9.4-sources.jar;C:\Users\augus\Documents\LWJGL-3.1.4_built_1\lwjgl.jar;C:\Users\augus\Documents\LWJGL-3.1.4_built_1\lwjgl-assimp.jar;C:\Users\augus\Documents\LWJGL-3.1.4_built_1\lwjgl-assimp-javadoc.jar;C:\Users\augus\Documents\LWJGL-3.1.4_built_1\lwjgl-assimp-natives-windows.jar;C:\Users\augus\Documents\LWJGL-3.1.4_built_1\lwjgl-assimp-sources.jar;C:\Users\augus\Documents\LWJGL-3.1.4_built_1\lwjgl-bgfx.jar;C:\Users\augus\Documents\LWJGL-3.1.4_built_1\lwjgl-bgfx-javadoc.jar;C:\Users\augus\Documents\LWJGL-3.1.4_built_1\lwjgl-bgfx-natives-windows.jar;C:\Users\augus\Documents\LWJGL-3.1.4_built_1\lwjgl-bgfx-sources.jar;C:\Users\augus\Documents\LWJGL-3.1.4_built_1\lwjgl-egl.jar;C:\Users\augus\Documents\LWJGL-3.1.4_built_1\lwjgl-egl-javadoc.jar;C:\Users\
Launcher Type: SUN_STANDARD

Environment Variables:
PATH=C:/Program Files/Java/jre1.8.0_144/bin/server;C:/Program Files/Java/jre1.8.0_144/bin;C:/Program Files/Java/jre1.8.0_144/lib/amd64;C:\Program Files\Microsoft MPI\Bin\;C:\ProgramData\Oracle\Java\javapath;C:\Program Files (x86)\Intel\iCLS Client\;C:\Program Files\Intel\iCLS Client\;C:\windows\system32;C:\windows;C:\windows\System32\Wbem;C:\windows\System32\WindowsPowerShell\v1.0\;C:\Program Files (x86)\Intel\Intel(R) Management Engine Components\DAL;C:\Program Files\Intel\Intel(R) Management Engine Components\DAL;C:\Program Files (x86)\Intel\Intel(R) Management Engine Components\IPT;C:\Program Files\Intel\Intel(R) Management Engine Components\IPT;C:\Program Files (x86)\Skype\Phone\;C:\Program Files\PuTTY\;C:\Program Files (x86)\GtkSharp\2.12\bin;C:\Program Files\Microsoft SQL Server\130\Tools\Binn\;C:\Users\augus\AppData\Local\Microsoft\WindowsApps;C:\Users\augus\AppData\Local\GitHubDesktop\bin;C:\Users\augus\AppData\Local\Programs\Git\cmd;C:\Users\augus\Documents\eclipse;
USERNAME=augus
OS=Windows_NT
PROCESSOR_IDENTIFIER=Intel64 Family 6 Model 78 Stepping 3, GenuineIntel



---------------  S Y S T E M  ---------------

OS: Windows 10.0 , 64 bit Build 14393 (10.0.14393.1198)

CPU:total 4 (initial active 4) (2 cores per cpu, 2 threads per core) family 6 model 78 stepping 3, cmov, cx8, fxsr, mmx, sse, sse2, sse3, ssse3, sse4.1, sse4.2, popcnt, avx, avx2, aes, clmul, erms, rtm, 3dnowpref, lzcnt, ht, tsc, tscinvbit, bmi1, bmi2, adx

Memory: 4k page, physical 6179744k(1930700k free), swap 7162784k(2180992k free)

vm_info: Java HotSpot(TM) 64-Bit Server VM (25.144-b01) for windows-amd64 JRE (1.8.0_144-b01), built on Jul 21 2017 21:57:33 by "java_re" with MS VC++ 10.0 (VS2010)

time: Tue Oct 24 14:03:20 2017
elapsed time: 1 seconds (0d 0h 0m 1s)

