#
# A fatal error has been detected by the Java Runtime Environment:
#
#  EXCEPTION_ACCESS_VIOLATION (0xc0000005) at pc=0x00007ffa05d7268d, pid=12176, tid=0x0000000000002c04
#
# JRE version: Java(TM) SE Runtime Environment (8.0_144-b01) (build 1.8.0_144-b01)
# Java VM: Java HotSpot(TM) 64-Bit Server VM (25.144-b01 mixed mode windows-amd64 compressed oops)
# Problematic frame:
# C  [lwjgl_opengl.dll+0x1268d]
#
# Failed to write core dump. Minidumps are not enabled by default on client versions of Windows
#
# If you would like to submit a bug report, please visit:
#   http://bugreport.java.com/bugreport/crash.jsp
# The crash happened outside the Java Virtual Machine in native code.
# See problematic frame for where to report the bug.
#

---------------  T H R E A D  ---------------

Current thread (0x0000000017ae2000):  JavaThread "Finalizer" daemon [_thread_in_native, id=11268, stack(0x0000000019370000,0x0000000019470000)]

siginfo: ExceptionCode=0xc0000005, reading address 0x0000000000000948

Registers:
RAX=0x00000000559d1d50, RBX=0x00000000176b0ef8, RCX=0x0000000000000001, RDX=0x000000001a358e6c
RSP=0x000000001946f638, RBP=0x000000001946f6b8, RSI=0x00000000000005d6, RDI=0x0000000002ce835d
R8 =0x0000000000000001, R9 =0x000000001a358e6c, R10=0x0000000000000000, R11=0x000000005545bc50
R12=0x0000000000000000, R13=0x00000000176b0ef8, R14=0x000000001946f6e8, R15=0x0000000017ae2000
RIP=0x00007ffa05d7268d, EFLAGS=0x0000000000010206

Top of Stack: (sp=0x000000001946f638)
0x000000001946f638:   0000000002cf7934 0000000002ce835d
0x000000001946f648:   0000000002cf76ab 0000000017ae2000
0x000000001946f658:   00000000176b0ef8 00000000000005d6
0x000000001946f668:   0000000017ae2000 0000000002cf7662
0x000000001946f678:   000000001946f678 00000000176b0ef8
0x000000001946f688:   000000001946f6e8 00000000176b6428
0x000000001946f698:   0000000000000000 00000000176b0ef8
0x000000001946f6a8:   0000000000000000 000000001946f6d8
0x000000001946f6b8:   000000001946f730 0000000002ce835d
0x000000001946f6c8:   00000000810427c8 0000000002cf19d8
0x000000001946f6d8:   000000001a358e6c 00000000d58a3e30
0x000000001946f6e8:   0000000000000001 000000001946f6f0
0x000000001946f6f8:   00000000176b106c 000000001946f760
0x000000001946f708:   00000000176b6428 0000000000000000
0x000000001946f718:   00000000176b10e0 000000001946f6d8
0x000000001946f728:   000000001946f760 000000001946f7a8 

Instructions: (pc=0x00007ffa05d7268d)
0x00007ffa05d7266d:   49 ff a2 e8 00 00 00 cc cc cc cc cc cc cc cc cc
0x00007ffa05d7267d:   cc cc cc 48 8b 01 49 8b d1 41 8b c8 4c 8b 50 18
0x00007ffa05d7268d:   49 ff a2 48 09 00 00 cc cc cc cc cc cc cc cc cc
0x00007ffa05d7269d:   cc cc cc 48 8b 01 49 8b d1 41 8b c8 4c 8b 50 18 


Register to memory mapping:

RAX=0x00000000559d1d50 is an unknown value
RBX={method} {0x00000000176b0f00} 'nglDeleteBuffers' '(IJ)V' in 'org/lwjgl/opengl/GL15'
RCX=0x0000000000000001 is an unknown value
RDX=0x000000001a358e6c is an unknown value
RSP=0x000000001946f638 is pointing into the stack for thread: 0x0000000017ae2000
RBP=0x000000001946f6b8 is pointing into the stack for thread: 0x0000000017ae2000
RSI=0x00000000000005d6 is an unknown value
RDI=0x0000000002ce835d is at code_begin+2301 in an Interpreter codelet
invoke return entry points  [0x0000000002ce7a60, 0x0000000002ce8440]  2528 bytes
R8 =0x0000000000000001 is an unknown value
R9 =0x000000001a358e6c is an unknown value
R10=0x0000000000000000 is an unknown value
R11=0x000000005545bc50 is an unknown value
R12=0x0000000000000000 is an unknown value
R13={method} {0x00000000176b0f00} 'nglDeleteBuffers' '(IJ)V' in 'org/lwjgl/opengl/GL15'
R14=0x000000001946f6e8 is pointing into the stack for thread: 0x0000000017ae2000
R15=0x0000000017ae2000 is a thread


Stack: [0x0000000019370000,0x0000000019470000],  sp=0x000000001946f638,  free space=1021k
Native frames: (J=compiled Java code, j=interpreted, Vv=VM code, C=native code)
C  [lwjgl_opengl.dll+0x1268d]

Java frames: (J=compiled Java code, j=interpreted, Vv=VM code)
j  org.lwjgl.opengl.GL15.nglDeleteBuffers(IJ)V+0
j  org.lwjgl.opengl.GL15.glDeleteBuffers(I)V+20
j  render.Model.finalize()V+4
J 768 C1 java.lang.ref.Finalizer.runFinalizer(Lsun/misc/JavaLangAccess;)V (62 bytes) @ 0x000000000300b64c [0x000000000300b0c0+0x58c]
J 767 C1 java.lang.ref.Finalizer.access$100(Ljava/lang/ref/Finalizer;Lsun/misc/JavaLangAccess;)V (6 bytes) @ 0x00000000030082dc [0x0000000003008280+0x5c]
j  java.lang.ref.Finalizer$FinalizerThread.run()V+45
v  ~StubRoutines::call_stub

---------------  P R O C E S S  ---------------

Java Threads: ( => current thread )
  0x000000001a73e800 JavaThread "Java2D Disposer" daemon [_thread_blocked, id=8100, stack(0x0000000022a80000,0x0000000022b80000)]
  0x00000000199e2800 JavaThread "Service Thread" daemon [_thread_blocked, id=11628, stack(0x0000000019d70000,0x0000000019e70000)]
  0x0000000017b02000 JavaThread "C1 CompilerThread2" daemon [_thread_blocked, id=11152, stack(0x0000000019870000,0x0000000019970000)]
  0x0000000017afe800 JavaThread "C2 CompilerThread1" daemon [_thread_blocked, id=7468, stack(0x0000000019770000,0x0000000019870000)]
  0x0000000017afa800 JavaThread "C2 CompilerThread0" daemon [_thread_blocked, id=9544, stack(0x0000000019670000,0x0000000019770000)]
  0x0000000017af4000 JavaThread "Attach Listener" daemon [_thread_blocked, id=10612, stack(0x0000000019570000,0x0000000019670000)]
  0x0000000017af3000 JavaThread "Signal Dispatcher" daemon [_thread_blocked, id=6580, stack(0x0000000019470000,0x0000000019570000)]
=>0x0000000017ae2000 JavaThread "Finalizer" daemon [_thread_in_native, id=11268, stack(0x0000000019370000,0x0000000019470000)]
  0x0000000017abb000 JavaThread "Reference Handler" daemon [_thread_blocked, id=9100, stack(0x0000000019270000,0x0000000019370000)]
  0x0000000002be4800 JavaThread "main" [_thread_in_native, id=11620, stack(0x0000000002ae0000,0x0000000002be0000)]

Other Threads:
  0x0000000017ab7800 VMThread [stack: 0x0000000019170000,0x0000000019270000] [id=12256]
  0x0000000019a3c000 WatcherThread [stack: 0x0000000019e70000,0x0000000019f70000] [id=4932]

VM state:not at safepoint (normal execution)

VM Mutex/Monitor currently owned by a thread: None

Heap:
 PSYoungGen      total 38400K, used 4954K [0x00000000d5800000, 0x00000000d8280000, 0x0000000100000000)
  eden space 33280K, 3% used [0x00000000d5800000,0x00000000d594a350,0x00000000d7880000)
  from space 5120K, 70% used [0x00000000d7d80000,0x00000000d810c5a0,0x00000000d8280000)
  to   space 5120K, 0% used [0x00000000d7880000,0x00000000d7880000,0x00000000d7d80000)
 ParOldGen       total 87552K, used 8462K [0x0000000080800000, 0x0000000085d80000, 0x00000000d5800000)
  object space 87552K, 9% used [0x0000000080800000,0x00000000810439c8,0x0000000085d80000)
 Metaspace       used 11697K, capacity 11865K, committed 12160K, reserved 1060864K
  class space    used 985K, capacity 1069K, committed 1152K, reserved 1048576K

Card table byte_map: [0x00000000120a0000,0x00000000124a0000] byte_map_base: 0x0000000011c9c000

Marking Bits: (ParMarkBitMap*) 0x0000000055a4d850
 Begin Bits: [0x0000000012d50000, 0x0000000014d30000)
 End Bits:   [0x0000000014d30000, 0x0000000016d10000)

Polling page: 0x00000000010d0000

CodeCache: size=245760Kb used=3827Kb max_used=3842Kb free=241932Kb
 bounds [0x0000000002ce0000, 0x00000000030b0000, 0x0000000011ce0000]
 total_blobs=1912 nmethods=1000 adapters=826
 compilation: enabled

Compilation events (10 events):
Event: 4.054 Thread 0x0000000017afa800  997   !   4       java.lang.ref.Reference::tryHandlePending (115 bytes)
Event: 4.054 Thread 0x0000000017b02000  996   !   3       java.nio.DirectByteBuffer::<init> (146 bytes)
Event: 4.055 Thread 0x0000000017afe800  998  s    4       sun.misc.Cleaner::remove (89 bytes)
Event: 4.055 Thread 0x0000000017b02000 nmethod 996 0x000000000309ca90 code [0x000000000309cd00, 0x000000000309dd58]
Event: 4.056 Thread 0x0000000017afe800 nmethod 998 0x000000000309a010 code [0x000000000309a160, 0x000000000309a458]
Event: 4.056 Thread 0x0000000017afe800  999       4       java.nio.DirectByteBuffer$Deallocator::run (37 bytes)
Event: 4.058 Thread 0x0000000017afe800 nmethod 999 0x0000000003099cd0 code [0x0000000003099e20, 0x0000000003099f48]
Event: 4.058 Thread 0x0000000017afe800 1000       4       java.nio.Bits::unreserveMemory (63 bytes)
Event: 4.058 Thread 0x0000000017afe800 nmethod 1000 0x000000000309e550 code [0x000000000309e680, 0x000000000309e6f8]
Event: 4.063 Thread 0x0000000017afa800 nmethod 997 0x000000000309e9d0 code [0x000000000309eba0, 0x000000000309f8f0]

GC Heap History (4 events):
Event: 2.415 GC heap before
{Heap before GC invocations=1 (full 0):
 PSYoungGen      total 38400K, used 28329K [0x00000000d5800000, 0x00000000d8280000, 0x0000000100000000)
  eden space 33280K, 85% used [0x00000000d5800000,0x00000000d73aa6a8,0x00000000d7880000)
  from space 5120K, 0% used [0x00000000d7d80000,0x00000000d7d80000,0x00000000d8280000)
  to   space 5120K, 0% used [0x00000000d7880000,0x00000000d7880000,0x00000000d7d80000)
 ParOldGen       total 87552K, used 0K [0x0000000080800000, 0x0000000085d80000, 0x00000000d5800000)
  object space 87552K, 0% used [0x0000000080800000,0x0000000080800000,0x0000000085d80000)
 Metaspace       used 11480K, capacity 11735K, committed 11904K, reserved 1060864K
  class space    used 972K, capacity 1068K, committed 1152K, reserved 1048576K
Event: 2.424 GC heap after
Heap after GC invocations=1 (full 0):
 PSYoungGen      total 38400K, used 5105K [0x00000000d5800000, 0x00000000d8280000, 0x0000000100000000)
  eden space 33280K, 0% used [0x00000000d5800000,0x00000000d5800000,0x00000000d7880000)
  from space 5120K, 99% used [0x00000000d7880000,0x00000000d7d7c5d0,0x00000000d7d80000)
  to   space 5120K, 0% used [0x00000000d7d80000,0x00000000d7d80000,0x00000000d8280000)
 ParOldGen       total 87552K, used 8454K [0x0000000080800000, 0x0000000085d80000, 0x00000000d5800000)
  object space 87552K, 9% used [0x0000000080800000,0x00000000810419c8,0x0000000085d80000)
 Metaspace       used 11480K, capacity 11735K, committed 11904K, reserved 1060864K
  class space    used 972K, capacity 1068K, committed 1152K, reserved 1048576K
}
Event: 4.042 GC heap before
{Heap before GC invocations=2 (full 0):
 PSYoungGen      total 38400K, used 38385K [0x00000000d5800000, 0x00000000d8280000, 0x0000000100000000)
  eden space 33280K, 100% used [0x00000000d5800000,0x00000000d7880000,0x00000000d7880000)
  from space 5120K, 99% used [0x00000000d7880000,0x00000000d7d7c5d0,0x00000000d7d80000)
  to   space 5120K, 0% used [0x00000000d7d80000,0x00000000d7d80000,0x00000000d8280000)
 ParOldGen       total 87552K, used 8454K [0x0000000080800000, 0x0000000085d80000, 0x00000000d5800000)
  object space 87552K, 9% used [0x0000000080800000,0x00000000810419c8,0x0000000085d80000)
 Metaspace       used 11697K, capacity 11865K, committed 12160K, reserved 1060864K
  class space    used 985K, capacity 1069K, committed 1152K, reserved 1048576K
Event: 4.050 GC heap after
Heap after GC invocations=2 (full 0):
 PSYoungGen      total 38400K, used 3633K [0x00000000d5800000, 0x00000000d8280000, 0x0000000100000000)
  eden space 33280K, 0% used [0x00000000d5800000,0x00000000d5800000,0x00000000d7880000)
  from space 5120K, 70% used [0x00000000d7d80000,0x00000000d810c5a0,0x00000000d8280000)
  to   space 5120K, 0% used [0x00000000d7880000,0x00000000d7880000,0x00000000d7d80000)
 ParOldGen       total 87552K, used 8462K [0x0000000080800000, 0x0000000085d80000, 0x00000000d5800000)
  object space 87552K, 9% used [0x0000000080800000,0x00000000810439c8,0x0000000085d80000)
 Metaspace       used 11697K, capacity 11865K, committed 12160K, reserved 1060864K
  class space    used 985K, capacity 1069K, committed 1152K, reserved 1048576K
}

Deoptimization events (8 events):
Event: 0.116 Thread 0x0000000002be4800 Uncommon trap: reason=unstable_if action=reinterpret pc=0x0000000002df1138 method=java.lang.String.hashCode()I @ 14
Event: 0.207 Thread 0x0000000002be4800 Uncommon trap: reason=unstable_if action=reinterpret pc=0x0000000002e652e8 method=java.lang.String.indexOf([CII[CIII)I @ 134
Event: 2.504 Thread 0x0000000002be4800 Uncommon trap: reason=unstable_if action=reinterpret pc=0x000000000302854c method=render.Texture.<init>(Ljava/lang/String;)V @ 206
Event: 2.521 Thread 0x0000000002be4800 Uncommon trap: reason=unstable_if action=reinterpret pc=0x0000000003014c00 method=java.awt.image.ComponentColorModel.getRGB(Ljava/lang/Object;)I @ 4
Event: 4.050 Thread 0x0000000002be4800 Uncommon trap: reason=unstable_if action=reinterpret pc=0x0000000003095bb8 method=java.nio.Bits.tryReserveMemory(JI)Z @ 29
Event: 4.050 Thread 0x0000000002be4800 Uncommon trap: reason=unstable_if action=reinterpret pc=0x000000000308fcf4 method=java.nio.Bits.tryReserveMemory(JI)Z @ 29
Event: 4.051 Thread 0x0000000002be4800 Uncommon trap: reason=unstable_if action=reinterpret pc=0x000000000308c440 method=java.nio.Bits.tryReserveMemory(JI)Z @ 29
Event: 4.065 Thread 0x0000000017ae2000 Uncommon trap: reason=unstable_if action=reinterpret pc=0x000000000307746c method=java.lang.ThreadLocal.get()Ljava/lang/Object; @ 11

Internal exceptions (10 events):
Event: 0.183 Thread 0x0000000002be4800 Exception <a 'java/lang/NoSuchFieldError': method resolution failed> (0x00000000d5b097e0) thrown at [C:\re\workspace\8-2-build-windows-amd64-cygwin\jdk8u144\9417\hotspot\src\share\vm\prims\methodHandles.cpp, line 1146]
Event: 0.185 Thread 0x0000000002be4800 Exception <a 'java/lang/NoSuchFieldError': method resolution failed> (0x00000000d5b16be0) thrown at [C:\re\workspace\8-2-build-windows-amd64-cygwin\jdk8u144\9417\hotspot\src\share\vm\prims\methodHandles.cpp, line 1146]
Event: 0.231 Thread 0x0000000002be4800 Exception <a 'java/security/PrivilegedActionException'> (0x00000000d5c95f80) thrown at [C:\re\workspace\8-2-build-windows-amd64-cygwin\jdk8u144\9417\hotspot\src\share\vm\prims\jvm.cpp, line 1390]
Event: 0.231 Thread 0x0000000002be4800 Exception <a 'java/security/PrivilegedActionException'> (0x00000000d5c96190) thrown at [C:\re\workspace\8-2-build-windows-amd64-cygwin\jdk8u144\9417\hotspot\src\share\vm\prims\jvm.cpp, line 1390]
Event: 0.231 Thread 0x0000000002be4800 Exception <a 'java/security/PrivilegedActionException'> (0x00000000d5c99fe8) thrown at [C:\re\workspace\8-2-build-windows-amd64-cygwin\jdk8u144\9417\hotspot\src\share\vm\prims\jvm.cpp, line 1390]
Event: 0.231 Thread 0x0000000002be4800 Exception <a 'java/security/PrivilegedActionException'> (0x00000000d5c9a1f8) thrown at [C:\re\workspace\8-2-build-windows-amd64-cygwin\jdk8u144\9417\hotspot\src\share\vm\prims\jvm.cpp, line 1390]
Event: 1.928 Thread 0x0000000002be4800 Exception <a 'sun/nio/fs/WindowsException'> (0x00000000d5f8f6c0) thrown at [C:\re\workspace\8-2-build-windows-amd64-cygwin\jdk8u144\9417\hotspot\src\share\vm\prims\jni.cpp, line 709]
Event: 1.929 Thread 0x0000000002be4800 Exception <a 'sun/nio/fs/WindowsException'> (0x00000000d5f8ff00) thrown at [C:\re\workspace\8-2-build-windows-amd64-cygwin\jdk8u144\9417\hotspot\src\share\vm\prims\jni.cpp, line 709]
Event: 2.322 Thread 0x0000000002be4800 Exception <a 'java/io/FileNotFoundException'> (0x00000000d6c62dc8) thrown at [C:\re\workspace\8-2-build-windows-amd64-cygwin\jdk8u144\9417\hotspot\src\share\vm\prims\jni.cpp, line 709]
Event: 4.065 Thread 0x0000000017ae2000 Implicit null exception at 0x000000000307739c to 0x0000000003077455

Events (10 events):
Event: 4.050 Thread 0x0000000002be4800 DEOPT UNPACKING pc=0x0000000002d2582a sp=0x0000000002bded00 mode 2
Event: 4.050 Thread 0x0000000002be4800 Uncommon trap: trap_request=0xffffff65 fr.pc=0x000000000308fcf4
Event: 4.050 Thread 0x0000000002be4800 DEOPT PACKING pc=0x000000000308fcf4 sp=0x0000000002bdefc0
Event: 4.050 Thread 0x0000000002be4800 DEOPT UNPACKING pc=0x0000000002d2582a sp=0x0000000002bded08 mode 2
Event: 4.051 Thread 0x0000000002be4800 Uncommon trap: trap_request=0xffffff65 fr.pc=0x000000000308c440
Event: 4.051 Thread 0x0000000002be4800 DEOPT PACKING pc=0x000000000308c440 sp=0x0000000002bdeec0
Event: 4.051 Thread 0x0000000002be4800 DEOPT UNPACKING pc=0x0000000002d2582a sp=0x0000000002bded58 mode 2
Event: 4.065 Thread 0x0000000017ae2000 Uncommon trap: trap_request=0xffffff65 fr.pc=0x000000000307746c
Event: 4.065 Thread 0x0000000017ae2000 DEOPT PACKING pc=0x000000000307746c sp=0x000000001946f650
Event: 4.065 Thread 0x0000000017ae2000 DEOPT UNPACKING pc=0x0000000002d2582a sp=0x000000001946f5f0 mode 2


Dynamic libraries:
0x00007ff725690000 - 0x00007ff7256c7000 	C:\Program Files\Java\jre1.8.0_144\bin\javaw.exe
0x00007ffa35290000 - 0x00007ffa35462000 	C:\WINDOWS\SYSTEM32\ntdll.dll
0x00007ffa34d00000 - 0x00007ffa34dac000 	C:\WINDOWS\System32\KERNEL32.DLL
0x00007ffa32230000 - 0x00007ffa3244d000 	C:\WINDOWS\System32\KERNELBASE.dll
0x0000000055b40000 - 0x0000000055bf3000 	C:\Program Files\Bitdefender\Bitdefender 2015\Active Virus Control\Avc3_00442_083\avcuf64.dll
0x00007ffa331a0000 - 0x00007ffa33242000 	C:\WINDOWS\System32\ADVAPI32.dll
0x00007ffa32960000 - 0x00007ffa329fe000 	C:\WINDOWS\System32\msvcrt.dll
0x00007ffa350c0000 - 0x00007ffa35119000 	C:\WINDOWS\System32\sechost.dll
0x00007ffa34900000 - 0x00007ffa34a21000 	C:\WINDOWS\System32\RPCRT4.dll
0x00007ffa34db0000 - 0x00007ffa34f15000 	C:\WINDOWS\System32\USER32.dll
0x00007ffa318e0000 - 0x00007ffa318fe000 	C:\WINDOWS\System32\win32u.dll
0x00007ffa32aa0000 - 0x00007ffa32ad4000 	C:\WINDOWS\System32\GDI32.dll
0x00007ffa32680000 - 0x00007ffa32800000 	C:\WINDOWS\System32\gdi32full.dll
0x00007ffa26740000 - 0x00007ffa269ba000 	C:\WINDOWS\WinSxS\amd64_microsoft.windows.common-controls_6595b64144ccf1df_6.0.14393.953_none_42151e83c686086b\COMCTL32.dll
0x00007ffa34a30000 - 0x00007ffa34cf8000 	C:\WINDOWS\System32\combase.dll
0x00007ffa31a50000 - 0x00007ffa31b45000 	C:\WINDOWS\System32\ucrtbase.dll
0x00007ffa31870000 - 0x00007ffa318da000 	C:\WINDOWS\System32\bcryptPrimitives.dll
0x00007ffa32c30000 - 0x00007ffa32c5e000 	C:\WINDOWS\System32\IMM32.DLL
0x0000000055060000 - 0x0000000055132000 	C:\Program Files\Java\jre1.8.0_144\bin\msvcr100.dll
0x0000000055230000 - 0x0000000055acd000 	C:\Program Files\Java\jre1.8.0_144\bin\server\jvm.dll
0x00007ffa348f0000 - 0x00007ffa348f8000 	C:\WINDOWS\System32\PSAPI.DLL
0x00007ffa22180000 - 0x00007ffa22189000 	C:\WINDOWS\SYSTEM32\WSOCK32.dll
0x00007ffa32bc0000 - 0x00007ffa32c2a000 	C:\WINDOWS\System32\WS2_32.dll
0x00007ffa2f5d0000 - 0x00007ffa2f5f3000 	C:\WINDOWS\SYSTEM32\WINMM.dll
0x00007ffa2dce0000 - 0x00007ffa2dcea000 	C:\WINDOWS\SYSTEM32\VERSION.dll
0x00007ffa2f5a0000 - 0x00007ffa2f5cb000 	C:\WINDOWS\SYSTEM32\WINMMBASE.dll
0x00007ffa31770000 - 0x00007ffa317b2000 	C:\WINDOWS\System32\cfgmgr32.dll
0x0000000055220000 - 0x000000005522f000 	C:\Program Files\Java\jre1.8.0_144\bin\verify.dll
0x00000000551f0000 - 0x0000000055219000 	C:\Program Files\Java\jre1.8.0_144\bin\java.dll
0x00000000551d0000 - 0x00000000551e6000 	C:\Program Files\Java\jre1.8.0_144\bin\zip.dll
0x00007ffa333e0000 - 0x00007ffa348e8000 	C:\WINDOWS\System32\SHELL32.dll
0x00007ffa31b50000 - 0x00007ffa32228000 	C:\WINDOWS\System32\windows.storage.dll
0x00007ffa316e0000 - 0x00007ffa3172c000 	C:\WINDOWS\System32\powrprof.dll
0x00007ffa32b60000 - 0x00007ffa32bb2000 	C:\WINDOWS\System32\shlwapi.dll
0x00007ffa31730000 - 0x00007ffa3173f000 	C:\WINDOWS\System32\kernel.appcore.dll
0x00007ffa317c0000 - 0x00007ffa31869000 	C:\WINDOWS\System32\shcore.dll
0x00007ffa31740000 - 0x00007ffa31754000 	C:\WINDOWS\System32\profapi.dll
0x00000000551b0000 - 0x00000000551ca000 	C:\Program Files\Java\jre1.8.0_144\bin\net.dll
0x00007ffa31010000 - 0x00007ffa3106c000 	C:\WINDOWS\system32\mswsock.dll
0x0000000055190000 - 0x00000000551a1000 	C:\Program Files\Java\jre1.8.0_144\bin\nio.dll
0x00007ffa16360000 - 0x00007ffa163b8000 	C:\Users\August's PC\AppData\Local\Temp\lwjglAugust's PC\3.1.4-SNAPSHOT\lwjgl.dll
0x00007ffa08e20000 - 0x00007ffa08e6d000 	C:\Users\AUGUST~1\AppData\Local\Temp\lwjglAugust's PC\3.1.4-SNAPSHOT\glfw.dll
0x00007ffa2ff00000 - 0x00007ffa2ff95000 	C:\WINDOWS\system32\uxtheme.dll
0x00007ffa08cf0000 - 0x00007ffa08d30000 	C:\WINDOWS\SYSTEM32\dinput8.dll
0x00007ffa288b0000 - 0x00007ffa288be000 	C:\WINDOWS\SYSTEM32\xinput1_4.dll
0x00007ffa30440000 - 0x00007ffa30468000 	C:\WINDOWS\SYSTEM32\DEVOBJ.dll
0x00007ffa2f4e0000 - 0x00007ffa2f506000 	C:\WINDOWS\SYSTEM32\dwmapi.dll
0x00007ffa35120000 - 0x00007ffa3527a000 	C:\WINDOWS\System32\MSCTF.dll
0x00007ffa33250000 - 0x00007ffa3330f000 	C:\WINDOWS\System32\OLEAUT32.dll
0x00007ffa31900000 - 0x00007ffa3199c000 	C:\WINDOWS\System32\msvcp_win.dll
0x00007ffa306e0000 - 0x00007ffa306ec000 	C:\WINDOWS\SYSTEM32\HID.DLL
0x00007ffa32c60000 - 0x00007ffa33089000 	C:\WINDOWS\System32\SETUPAPI.DLL
0x00007ffa32620000 - 0x00007ffa32675000 	C:\WINDOWS\System32\WINTRUST.dll
0x00007ffa31760000 - 0x00007ffa31770000 	C:\WINDOWS\System32\MSASN1.dll
0x00007ffa32450000 - 0x00007ffa32619000 	C:\WINDOWS\System32\CRYPT32.dll
0x00007ff9ffbd0000 - 0x00007ff9ffcf3000 	C:\WINDOWS\SYSTEM32\opengl32.dll
0x00007ffa14ad0000 - 0x00007ffa14afd000 	C:\WINDOWS\SYSTEM32\GLU32.dll
0x00007ffa05f60000 - 0x00007ffa06057000 	C:\WINDOWS\SYSTEM32\DDRAW.dll
0x00007ffa282e0000 - 0x00007ffa282e8000 	C:\WINDOWS\SYSTEM32\DCIMAN32.dll
0x0000000052df0000 - 0x0000000055059000 	C:\WINDOWS\SYSTEM32\nvoglv64.DLL
0x00007ffa2f320000 - 0x00007ffa2f333000 	C:\WINDOWS\SYSTEM32\WTSAPI32.dll
0x00007ffa30470000 - 0x00007ffa304a2000 	C:\WINDOWS\SYSTEM32\ntmarta.dll
0x00007ffa24be0000 - 0x00007ffa24dbc000 	C:\WINDOWS\system32\nvspcap64.dll
0x00007ffa32820000 - 0x00007ffa32958000 	C:\WINDOWS\System32\ole32.dll
0x00007ffa2e810000 - 0x00007ffa2e8dd000 	C:\WINDOWS\SYSTEM32\WINHTTP.dll
0x00007ffa30960000 - 0x00007ffa309b6000 	C:\WINDOWS\SYSTEM32\WINSTA.dll
0x00007ffa05d60000 - 0x00007ffa05dbf000 	C:\Users\August's PC\AppData\Local\Temp\lwjglAugust's PC\3.1.4-SNAPSHOT\lwjgl_opengl.dll
0x0000000052c50000 - 0x0000000052de8000 	C:\Program Files\Java\jre1.8.0_144\bin\awt.dll
0x00007ffa2fd60000 - 0x00007ffa2fdda000 	C:\WINDOWS\SYSTEM32\apphelp.dll
0x0000000052c10000 - 0x0000000052c41000 	C:\Program Files\Java\jre1.8.0_144\bin\jpeg.dll
0x00007ffa20200000 - 0x00007ffa20392000 	C:\WINDOWS\SYSTEM32\dbghelp.dll
0x00007ffa201d0000 - 0x00007ffa201f9000 	C:\WINDOWS\SYSTEM32\dbgcore.DLL

VM Arguments:
jvm_args: -Dfile.encoding=Cp1252 
java_command: src.GPlatform
java_class_path (initial): C:\Program Files\Java\jre1.8.0_144\lib\resources.jar;C:\Program Files\Java\jre1.8.0_144\lib\rt.jar;C:\Program Files\Java\jre1.8.0_144\lib\jsse.jar;C:\Program Files\Java\jre1.8.0_144\lib\jce.jar;C:\Program Files\Java\jre1.8.0_144\lib\charsets.jar;C:\Program Files\Java\jre1.8.0_144\lib\jfr.jar;C:\Program Files\Java\jre1.8.0_144\lib\ext\access-bridge-64.jar;C:\Program Files\Java\jre1.8.0_144\lib\ext\cldrdata.jar;C:\Program Files\Java\jre1.8.0_144\lib\ext\dnsns.jar;C:\Program Files\Java\jre1.8.0_144\lib\ext\jaccess.jar;C:\Program Files\Java\jre1.8.0_144\lib\ext\jfxrt.jar;C:\Program Files\Java\jre1.8.0_144\lib\ext\localedata.jar;C:\Program Files\Java\jre1.8.0_144\lib\ext\nashorn.jar;C:\Program Files\Java\jre1.8.0_144\lib\ext\sunec.jar;C:\Program Files\Java\jre1.8.0_144\lib\ext\sunjce_provider.jar;C:\Program Files\Java\jre1.8.0_144\lib\ext\sunmscapi.jar;C:\Program Files\Java\jre1.8.0_144\lib\ext\sunpkcs11.jar;C:\Program Files\Java\jre1.8.0_144\lib\ext\zipfs.jar;C:\Users\August's PC\Documents\GitHub\groupProject\ArcadeProject\bin;C:\Users\August's PC\Documents\LWJGL-3.1.4\joml-1.9.4.jar;C:\Users\August's PC\Documents\LWJGL-3.1.4\joml-1.9.4-javadoc.jar;C:\Users\August's PC\Documents\LWJGL-3.1.4\joml-1.9.4-sources.jar;C:\Users\August's PC\Documents\LWJGL-3.1.4\lwjgl.jar;C:\Users\August's PC\Documents\LWJGL-3.1.4\lwjgl-assimp.jar;C:\Users\August's PC\Documents\LWJGL-3.1.4\lwjgl-assimp-javadoc.jar;C:\Users\August's PC\Documents\LWJGL-3.1.4\lwjgl-assimp-natives-windows.jar;C:\Users\August's PC\Documents\LWJGL-3.1.4\lwjgl-assimp-sources.jar;C:\Users\August's PC\Documents\LWJGL-3.1.4\lwjgl-bgfx.jar;C:\Users\August's PC\Documents\LWJGL-3.1.4\lwjgl-bgfx-javadoc.jar;C:\Users\August's PC\Documents\LWJGL-3.1.4\lwjgl-bgfx-natives-windows.jar;C:\Users\August's PC\Documents\LWJGL-3.1.4\lwjgl-bgfx-sources.jar;C:\Users\August's PC\Documents\LWJGL-3.1.4\lwjgl-egl.jar;C:\Users\August's PC\Documents\LWJGL-3.1.4\lwjgl-egl-javadoc.jar;C:\Users\August's PC\Documents\
Launcher Type: SUN_STANDARD

Environment Variables:
PATH=C:/Program Files/Java/jre1.8.0_144/bin/server;C:/Program Files/Java/jre1.8.0_144/bin;C:/Program Files/Java/jre1.8.0_144/lib/amd64;C:\Program Files\Microsoft MPI\Bin\;C:\ProgramData\Oracle\Java\javapath;C:\Program Files\Common Files\Microsoft Shared\Windows Live;C:\Program Files (x86)\Common Files\Microsoft Shared\Windows Live;C:\windows\system32;C:\windows;C:\windows\System32\Wbem;C:\windows\System32\WindowsPowerShell\v1.0\;C:\Program Files (x86)\Intel\OpenCL SDK\2.0\bin\x86;C:\Program Files (x86)\Intel\OpenCL SDK\2.0\bin\x64;C:\Program Files (x86)\Windows Live\Shared;C:\Program Files\Microsoft SQL Server\110\Tools\Binn\;C:\Program Files (x86)\GtkSharp\2.12\bin;C:\WINDOWS\system32;C:\WINDOWS;C:\WINDOWS\System32\Wbem;C:\WINDOWS\System32\WindowsPowerShell\v1.0\;C:\Program Files (x86)\Skype\Phone\;C:\Program Files (x86)\NVIDIA Corporation\PhysX\Common;C:\Program Files\PuTTY\;%SystemRoot%\system32\WindowsPowerShell\v1.0\;C:\Program Files\Common Files\Microsoft Shared\Windows Live;C:\Program Files (x86)\Common Files\Microsoft Shared\Windows Live;C:\windows\system32;C:\windows;C:\windows\System32\Wbem;C:\windows\System32\WindowsPowerShell\v1.0\;C:\Program Files (x86)\Intel\OpenCL SDK\2.0\bin\x86;C:\Program Files (x86)\Intel\OpenCL SDK\2.0\bin\x64;C:\Program Files (x86)\Windows Live\Shared;C:Python27;C;\Python27;%USERPROFILE%\AppData\Local\Microsoft\WindowsApps;;C:\Users\August's PC\Documents\Eclipse IDE;
USERNAME=August's PC
OS=Windows_NT
PROCESSOR_IDENTIFIER=AMD64 Family 21 Model 2 Stepping 0, AuthenticAMD



---------------  S Y S T E M  ---------------

OS: Windows 10.0 , 64 bit Build 14393 (10.0.14393.1198)

CPU:total 6 (initial active 6) (6 cores per cpu, 1 threads per core) family 21 model 2 stepping 0, cmov, cx8, fxsr, mmx, sse, sse2, sse3, ssse3, sse4.1, sse4.2, popcnt, avx, aes, clmul, mmxext, 3dnowpref, lzcnt, sse4a, tsc, tscinvbit, tscinv, bmi1

Memory: 4k page, physical 8350800k(3970952k free), swap 10053728k(4338236k free)

vm_info: Java HotSpot(TM) 64-Bit Server VM (25.144-b01) for windows-amd64 JRE (1.8.0_144-b01), built on Jul 21 2017 21:57:33 by "java_re" with MS VC++ 10.0 (VS2010)

time: Tue Oct 24 17:52:31 2017
elapsed time: 4 seconds (0d 0h 0m 4s)

