#
# A fatal error has been detected by the Java Runtime Environment:
#
#  EXCEPTION_ACCESS_VIOLATION (0xc0000005) at pc=0x00007ff856f7268d, pid=8600, tid=0x00000000000018a8
#
# JRE version: Java(TM) SE Runtime Environment (8.0_144-b01) (build 1.8.0_144-b01)
# Java VM: Java HotSpot(TM) 64-Bit Server VM (25.144-b01 mixed mode windows-amd64 compressed oops)
# Problematic frame:
# C  [dt_socket.dll+0x1268d]
#
# Failed to write core dump. Minidumps are not enabled by default on client versions of Windows
#
# If you would like to submit a bug report, please visit:
#   http://bugreport.java.com/bugreport/crash.jsp
# The crash happened outside the Java Virtual Machine in native code.
# See problematic frame for where to report the bug.
#

---------------  T H R E A D  ---------------

Current thread (0x0000000015e3a000):  JavaThread "Finalizer" daemon [_thread_in_native, id=6312, stack(0x00000000170a0000,0x00000000171a0000)]

siginfo: ExceptionCode=0xc0000005, reading address 0x0000000000000948

Registers:
RAX=0x0000000076b41d50, RBX=0x0000000015a52250, RCX=0x0000000000000001, RDX=0x00000000189604bc
RSP=0x000000001719eea8, RBP=0x000000001719ef28, RSI=0x00000000189604bc, RDI=0x00000000025c83fd
R8 =0x0000000000000001, R9 =0x00000000189604bc, R10=0x0000000000000000, R11=0x00000000765cbc50
R12=0x0000000000000000, R13=0x0000000015a52250, R14=0x000000001719ef58, R15=0x0000000015e3a000
RIP=0x00007ff856f7268d, EFLAGS=0x0000000000010206

Top of Stack: (sp=0x000000001719eea8)
0x000000001719eea8:   00000000025e100c 00000000025c83fd
0x000000001719eeb8:   00000000025e0a6b 0000000015e3a000
0x000000001719eec8:   0000000015a52250 00000000189604bc
0x000000001719eed8:   0000000015e3a000 00000000025e0a22
0x000000001719eee8:   000000001719eee8 0000000015a52250
0x000000001719eef8:   000000001719ef58 0000000015a57750
0x000000001719ef08:   0000000000000000 0000000015a52250
0x000000001719ef18:   0000000000000000 000000001719ef48
0x000000001719ef28:   000000001719efa0 00000000025c83fd
0x000000001719ef38:   00000000e2568040 00000000025d71b8
0x000000001719ef48:   00000000189604bc 00000000e0900268
0x000000001719ef58:   0000000000000001 000000001719ef60
0x000000001719ef68:   0000000015a523c4 000000001719efd0
0x000000001719ef78:   0000000015a57750 0000000000000000
0x000000001719ef88:   0000000015a52438 000000001719ef48
0x000000001719ef98:   000000001719efd0 000000001719f018 

Instructions: (pc=0x00007ff856f7268d)
0x00007ff856f7266d:   49 ff a2 e8 00 00 00 cc cc cc cc cc cc cc cc cc
0x00007ff856f7267d:   cc cc cc 48 8b 01 49 8b d1 41 8b c8 4c 8b 50 18
0x00007ff856f7268d:   49 ff a2 48 09 00 00 cc cc cc cc cc cc cc cc cc
0x00007ff856f7269d:   cc cc cc 48 8b 01 49 8b d1 41 8b c8 4c 8b 50 18 


Register to memory mapping:

RAX=0x0000000076b41d50 is an unknown value
RBX={method} {0x0000000015a52258} 'nglDeleteBuffers' '(IJ)V' in 'org/lwjgl/opengl/GL15'
RCX=0x0000000000000001 is an unknown value
RDX=0x00000000189604bc is an unknown value
RSP=0x000000001719eea8 is pointing into the stack for thread: 0x0000000015e3a000
RBP=0x000000001719ef28 is pointing into the stack for thread: 0x0000000015e3a000
RSI=0x00000000189604bc is an unknown value
RDI=0x00000000025c83fd is at code_begin+2301 in an Interpreter codelet
invoke return entry points  [0x00000000025c7b00, 0x00000000025c84e0]  2528 bytes
R8 =0x0000000000000001 is an unknown value
R9 =0x00000000189604bc is an unknown value
R10=0x0000000000000000 is an unknown value
R11=0x00000000765cbc50 is an unknown value
R12=0x0000000000000000 is an unknown value
R13={method} {0x0000000015a52258} 'nglDeleteBuffers' '(IJ)V' in 'org/lwjgl/opengl/GL15'
R14=0x000000001719ef58 is pointing into the stack for thread: 0x0000000015e3a000
R15=0x0000000015e3a000 is a thread


Stack: [0x00000000170a0000,0x00000000171a0000],  sp=0x000000001719eea8,  free space=1019k
Native frames: (J=compiled Java code, j=interpreted, Vv=VM code, C=native code)
C  [net.dll+0x1268d]

Java frames: (J=compiled Java code, j=interpreted, Vv=VM code)
j  org.lwjgl.opengl.GL15.nglDeleteBuffers(IJ)V+0
j  org.lwjgl.opengl.GL15.glDeleteBuffers(I)V+20
j  render.Model.finalize()V+4
J 748 C1 java.lang.ref.Finalizer.runFinalizer(Lsun/misc/JavaLangAccess;)V (62 bytes) @ 0x00000000028e4174 [0x00000000028e3be0+0x594]
J 747 C1 java.lang.ref.Finalizer.access$100(Ljava/lang/ref/Finalizer;Lsun/misc/JavaLangAccess;)V (6 bytes) @ 0x00000000028e4934 [0x00000000028e48c0+0x74]
j  java.lang.ref.Finalizer$FinalizerThread.run()V+45
v  ~StubRoutines::call_stub

---------------  P R O C E S S  ---------------

Java Threads: ( => current thread )
  0x000000001890d000 JavaThread "Java2D Disposer" daemon [_thread_blocked, id=3112, stack(0x000000001ec00000,0x000000001ed00000)]
  0x0000000015eae800 JavaThread "Service Thread" daemon [_thread_blocked, id=7000, stack(0x0000000018270000,0x0000000018370000)]
  0x0000000015e85000 JavaThread "C1 CompilerThread2" daemon [_thread_blocked, id=9080, stack(0x0000000017d70000,0x0000000017e70000)]
  0x0000000015e7f800 JavaThread "C2 CompilerThread1" daemon [_thread_blocked, id=4048, stack(0x0000000017c70000,0x0000000017d70000)]
  0x0000000015e7a800 JavaThread "C2 CompilerThread0" daemon [_thread_blocked, id=5428, stack(0x0000000017b70000,0x0000000017c70000)]
  0x0000000015e6d800 JavaThread "JDWP Command Reader" daemon [_thread_in_native, id=1208, stack(0x0000000017a70000,0x0000000017b70000)]
  0x0000000015e6c000 JavaThread "JDWP Event Helper Thread" daemon [_thread_blocked, id=5504, stack(0x0000000017970000,0x0000000017a70000)]
  0x0000000015e67800 JavaThread "JDWP Transport Listener: dt_socket" daemon [_thread_blocked, id=5440, stack(0x0000000017490000,0x0000000017590000)]
  0x0000000015e50800 JavaThread "Attach Listener" daemon [_thread_blocked, id=4936, stack(0x0000000017390000,0x0000000017490000)]
  0x0000000015e4f000 JavaThread "Signal Dispatcher" daemon [_thread_blocked, id=8496, stack(0x0000000017290000,0x0000000017390000)]
=>0x0000000015e3a000 JavaThread "Finalizer" daemon [_thread_in_native, id=6312, stack(0x00000000170a0000,0x00000000171a0000)]
  0x00000000025b4000 JavaThread "Reference Handler" daemon [_thread_blocked, id=8204, stack(0x0000000016fa0000,0x00000000170a0000)]
  0x00000000024c5800 JavaThread "main" [_thread_in_vm, id=7236, stack(0x00000000023c0000,0x00000000024c0000)]

Other Threads:
  0x0000000015e17800 VMThread [stack: 0x0000000016ea0000,0x0000000016fa0000] [id=2220]
  0x0000000017ef4000 WatcherThread [stack: 0x0000000018370000,0x0000000018470000] [id=5488]

VM state:not at safepoint (normal execution)

VM Mutex/Monitor currently owned by a thread:  ([mutex/lock_event])
[0x00000000024c2450] AdapterHandlerLibrary_lock - owner thread: 0x00000000024c5800

Heap:
 PSYoungGen      total 28672K, used 3139K [0x00000000e0900000, 0x00000000e2900000, 0x0000000100000000)
  eden space 24576K, 3% used [0x00000000e0900000,0x00000000e09f4988,0x00000000e2100000)
  from space 4096K, 52% used [0x00000000e2500000,0x00000000e271c2e0,0x00000000e2900000)
  to   space 4096K, 0% used [0x00000000e2100000,0x00000000e2100000,0x00000000e2500000)
 ParOldGen       total 65536K, used 9285K [0x00000000a1a00000, 0x00000000a5a00000, 0x00000000e0900000)
  object space 65536K, 14% used [0x00000000a1a00000,0x00000000a2311780,0x00000000a5a00000)
 Metaspace       used 11050K, capacity 11261K, committed 11392K, reserved 1058816K
  class space    used 957K, capacity 1037K, committed 1152K, reserved 1048576K

Card table byte_map: [0x0000000011980000,0x0000000011c80000] byte_map_base: 0x0000000011473000

Marking Bits: (ParMarkBitMap*) 0x0000000076bbd850
 Begin Bits: [0x0000000012280000, 0x0000000013a18000)
 End Bits:   [0x0000000013a18000, 0x00000000151b0000)

Polling page: 0x0000000000990000

CodeCache: size=245760Kb used=3445Kb max_used=3445Kb free=242314Kb
 bounds [0x00000000025c0000, 0x0000000002920000, 0x00000000115c0000]
 total_blobs=1718 nmethods=854 adapters=785
 compilation: enabled

Compilation events (10 events):
Event: 88.453 Thread 0x0000000015e85000 nmethod 829 0x0000000002912c50 code [0x0000000002912da0, 0x0000000002912ef0]
Event: 88.453 Thread 0x0000000015e85000  830       3       org.lwjgl.system.MemoryStack::setPointer (17 bytes)
Event: 88.453 Thread 0x0000000015e85000 nmethod 830 0x0000000002912610 code [0x00000000029127a0, 0x0000000002912ac8]
Event: 88.453 Thread 0x0000000015e85000  831       3       org.lwjgl.system.MemoryStack::checkPointer (23 bytes)
Event: 88.461 Thread 0x0000000015e85000 nmethod 831 0x00000000029153d0 code [0x0000000002915540, 0x00000000029157e8]
Event: 88.463 Thread 0x0000000015e85000  832       3       sun.misc.Unsafe::getAndAddLong (27 bytes)
Event: 88.463 Thread 0x0000000015e7f800 nmethod 818 0x0000000002918cd0 code [0x0000000002918e20, 0x0000000002919138]
Event: 88.463 Thread 0x0000000015e85000 nmethod 832 0x0000000002918850 code [0x00000000029189c0, 0x0000000002918bd0]
Event: 88.463 Thread 0x0000000015e85000  833       3       java.util.concurrent.atomic.AtomicLong::addAndGet (14 bytes)
Event: 88.464 Thread 0x0000000015e85000 nmethod 833 0x0000000002918510 code [0x0000000002918660, 0x00000000029187b0]

GC Heap History (4 events):
Event: 4.524 GC heap before
{Heap before GC invocations=1 (full 0):
 PSYoungGen      total 28672K, used 24576K [0x00000000e0900000, 0x00000000e2900000, 0x0000000100000000)
  eden space 24576K, 100% used [0x00000000e0900000,0x00000000e2100000,0x00000000e2100000)
  from space 4096K, 0% used [0x00000000e2500000,0x00000000e2500000,0x00000000e2900000)
  to   space 4096K, 0% used [0x00000000e2100000,0x00000000e2100000,0x00000000e2500000)
 ParOldGen       total 65536K, used 0K [0x00000000a1a00000, 0x00000000a5a00000, 0x00000000e0900000)
  object space 65536K, 0% used [0x00000000a1a00000,0x00000000a1a00000,0x00000000a5a00000)
 Metaspace       used 10891K, capacity 11131K, committed 11392K, reserved 1058816K
  class space    used 944K, capacity 1036K, committed 1152K, reserved 1048576K
Event: 4.531 GC heap after
Heap after GC invocations=1 (full 0):
 PSYoungGen      total 28672K, used 4077K [0x00000000e0900000, 0x00000000e2900000, 0x0000000100000000)
  eden space 24576K, 0% used [0x00000000e0900000,0x00000000e0900000,0x00000000e2100000)
  from space 4096K, 99% used [0x00000000e2100000,0x00000000e24fb738,0x00000000e2500000)
  to   space 4096K, 0% used [0x00000000e2500000,0x00000000e2500000,0x00000000e2900000)
 ParOldGen       total 65536K, used 9277K [0x00000000a1a00000, 0x00000000a5a00000, 0x00000000e0900000)
  object space 65536K, 14% used [0x00000000a1a00000,0x00000000a230f780,0x00000000a5a00000)
 Metaspace       used 10891K, capacity 11131K, committed 11392K, reserved 1058816K
  class space    used 944K, capacity 1036K, committed 1152K, reserved 1048576K
}
Event: 88.453 GC heap before
{Heap before GC invocations=2 (full 0):
 PSYoungGen      total 28672K, used 28653K [0x00000000e0900000, 0x00000000e2900000, 0x0000000100000000)
  eden space 24576K, 100% used [0x00000000e0900000,0x00000000e2100000,0x00000000e2100000)
  from space 4096K, 99% used [0x00000000e2100000,0x00000000e24fb738,0x00000000e2500000)
  to   space 4096K, 0% used [0x00000000e2500000,0x00000000e2500000,0x00000000e2900000)
 ParOldGen       total 65536K, used 9277K [0x00000000a1a00000, 0x00000000a5a00000, 0x00000000e0900000)
  object space 65536K, 14% used [0x00000000a1a00000,0x00000000a230f780,0x00000000a5a00000)
 Metaspace       used 11028K, capacity 11261K, committed 11392K, reserved 1058816K
  class space    used 957K, capacity 1037K, committed 1152K, reserved 1048576K
Event: 88.459 GC heap after
Heap after GC invocations=2 (full 0):
 PSYoungGen      total 28672K, used 2160K [0x00000000e0900000, 0x00000000e2900000, 0x0000000100000000)
  eden space 24576K, 0% used [0x00000000e0900000,0x00000000e0900000,0x00000000e2100000)
  from space 4096K, 52% used [0x00000000e2500000,0x00000000e271c2e0,0x00000000e2900000)
  to   space 4096K, 0% used [0x00000000e2100000,0x00000000e2100000,0x00000000e2500000)
 ParOldGen       total 65536K, used 9285K [0x00000000a1a00000, 0x00000000a5a00000, 0x00000000e0900000)
  object space 65536K, 14% used [0x00000000a1a00000,0x00000000a2311780,0x00000000a5a00000)
 Metaspace       used 11028K, capacity 11261K, committed 11392K, reserved 1058816K
  class space    used 957K, capacity 1037K, committed 1152K, reserved 1048576K
}

Deoptimization events (4 events):
Event: 0.323 Thread 0x00000000024c5800 Uncommon trap: reason=unstable_if action=reinterpret pc=0x00000000026cc97c method=java.lang.String.hashCode()I @ 14
Event: 0.485 Thread 0x00000000024c5800 Uncommon trap: reason=unstable_if action=reinterpret pc=0x000000000275e58c method=java.lang.String.indexOf([CII[CIII)I @ 134
Event: 9.952 Thread 0x00000000024c5800 Uncommon trap: reason=unstable_if action=reinterpret pc=0x00000000028f3710 method=java.awt.image.ComponentColorModel.getRGB(Ljava/lang/Object;)I @ 4
Event: 15.328 Thread 0x00000000024c5800 Uncommon trap: reason=unstable_if action=reinterpret pc=0x000000000290e17c method=java.awt.image.BufferedImage.getRGB(IIII[III)[I @ 163

Internal exceptions (10 events):
Event: 0.404 Thread 0x00000000024c5800 Exception <a 'java/lang/NoSuchMethodError': java.lang.Object.lambda$static$0(Ljava/lang/String;)Ljava/lang/Boolean;> (0x00000000e0bda058) thrown at [C:\re\workspace\8-2-build-windows-amd64-cygwin\jdk8u144\9417\hotspot\src\share\vm\interpreter\linkResolver
Event: 0.436 Thread 0x00000000024c5800 Exception <a 'java/lang/NoSuchFieldError': method resolution failed> (0x00000000e0c51f30) thrown at [C:\re\workspace\8-2-build-windows-amd64-cygwin\jdk8u144\9417\hotspot\src\share\vm\prims\methodHandles.cpp, line 1146]
Event: 0.443 Thread 0x00000000024c5800 Exception <a 'java/lang/NoSuchFieldError': method resolution failed> (0x00000000e0c5f340) thrown at [C:\re\workspace\8-2-build-windows-amd64-cygwin\jdk8u144\9417\hotspot\src\share\vm\prims\methodHandles.cpp, line 1146]
Event: 0.521 Thread 0x00000000024c5800 Exception <a 'java/security/PrivilegedActionException'> (0x00000000e0ddd438) thrown at [C:\re\workspace\8-2-build-windows-amd64-cygwin\jdk8u144\9417\hotspot\src\share\vm\prims\jvm.cpp, line 1390]
Event: 0.521 Thread 0x00000000024c5800 Exception <a 'java/security/PrivilegedActionException'> (0x00000000e0ddd648) thrown at [C:\re\workspace\8-2-build-windows-amd64-cygwin\jdk8u144\9417\hotspot\src\share\vm\prims\jvm.cpp, line 1390]
Event: 0.522 Thread 0x00000000024c5800 Exception <a 'java/security/PrivilegedActionException'> (0x00000000e0de14a0) thrown at [C:\re\workspace\8-2-build-windows-amd64-cygwin\jdk8u144\9417\hotspot\src\share\vm\prims\jvm.cpp, line 1390]
Event: 0.522 Thread 0x00000000024c5800 Exception <a 'java/security/PrivilegedActionException'> (0x00000000e0de16b0) thrown at [C:\re\workspace\8-2-build-windows-amd64-cygwin\jdk8u144\9417\hotspot\src\share\vm\prims\jvm.cpp, line 1390]
Event: 0.804 Thread 0x00000000024c5800 Exception <a 'sun/nio/fs/WindowsException'> (0x00000000e10ab6a8) thrown at [C:\re\workspace\8-2-build-windows-amd64-cygwin\jdk8u144\9417\hotspot\src\share\vm\prims\jni.cpp, line 709]
Event: 0.804 Thread 0x00000000024c5800 Exception <a 'sun/nio/fs/WindowsException'> (0x00000000e10abe90) thrown at [C:\re\workspace\8-2-build-windows-amd64-cygwin\jdk8u144\9417\hotspot\src\share\vm\prims\jni.cpp, line 709]
Event: 4.422 Thread 0x00000000024c5800 Exception <a 'java/io/FileNotFoundException'> (0x00000000e1ac8520) thrown at [C:\re\workspace\8-2-build-windows-amd64-cygwin\jdk8u144\9417\hotspot\src\share\vm\prims\jni.cpp, line 709]

Events (10 events):
Event: 88.463 Executing VM operation: RevokeBias
Event: 88.463 Executing VM operation: RevokeBias done
Event: 88.463 Executing VM operation: RevokeBias
Event: 88.463 Executing VM operation: RevokeBias done
Event: 88.463 Executing VM operation: RevokeBias
Event: 88.463 Executing VM operation: RevokeBias done
Event: 88.463 Executing VM operation: RevokeBias
Event: 88.463 Executing VM operation: RevokeBias done
Event: 88.464 Executing VM operation: RevokeBias
Event: 88.464 Executing VM operation: RevokeBias done


Dynamic libraries:
0x00007ff6e4670000 - 0x00007ff6e46a7000 	C:\Program Files\Java\jre1.8.0_144\bin\javaw.exe
0x00007ff8734f0000 - 0x00007ff8736c2000 	C:\windows\SYSTEM32\ntdll.dll
0x00007ff871470000 - 0x00007ff87151c000 	C:\windows\System32\KERNEL32.DLL
0x00007ff870470000 - 0x00007ff87068d000 	C:\windows\System32\KERNELBASE.dll
0x0000000077430000 - 0x00000000774e3000 	C:\Program Files\Bitdefender\Bitdefender 2017\Active Virus Control\Avc3_00162_026\avcuf64.dll
0x00007ff8716f0000 - 0x00007ff871792000 	C:\windows\System32\ADVAPI32.dll
0x00007ff873420000 - 0x00007ff8734be000 	C:\windows\System32\msvcrt.dll
0x00007ff870a80000 - 0x00007ff870ad9000 	C:\windows\System32\sechost.dll
0x00007ff871820000 - 0x00007ff871941000 	C:\windows\System32\RPCRT4.dll
0x00007ff871580000 - 0x00007ff8716e5000 	C:\windows\System32\USER32.dll
0x00007ff86f9f0000 - 0x00007ff86fa0e000 	C:\windows\System32\win32u.dll
0x00007ff8732a0000 - 0x00007ff8732d4000 	C:\windows\System32\GDI32.dll
0x00007ff8702a0000 - 0x00007ff870420000 	C:\windows\System32\gdi32full.dll
0x00007ff862b80000 - 0x00007ff862dfa000 	C:\windows\WinSxS\amd64_microsoft.windows.common-controls_6595b64144ccf1df_6.0.14393.953_none_42151e83c686086b\COMCTL32.dll
0x00007ff870ae0000 - 0x00007ff870da8000 	C:\windows\System32\combase.dll
0x00007ff8701a0000 - 0x00007ff870295000 	C:\windows\System32\ucrtbase.dll
0x00007ff870840000 - 0x00007ff8708aa000 	C:\windows\System32\bcryptPrimitives.dll
0x00007ff8734c0000 - 0x00007ff8734ee000 	C:\windows\System32\IMM32.DLL
0x0000000075f40000 - 0x0000000076012000 	C:\Program Files\Java\jre1.8.0_144\bin\msvcr100.dll
0x00000000763a0000 - 0x0000000076c3d000 	C:\Program Files\Java\jre1.8.0_144\bin\server\jvm.dll
0x00007ff871260000 - 0x00007ff871268000 	C:\windows\System32\PSAPI.DLL
0x00007ff86d700000 - 0x00007ff86d709000 	C:\windows\SYSTEM32\WSOCK32.dll
0x00007ff871400000 - 0x00007ff87146a000 	C:\windows\System32\WS2_32.dll
0x00007ff86dcc0000 - 0x00007ff86dce3000 	C:\windows\SYSTEM32\WINMM.dll
0x00007ff86a1f0000 - 0x00007ff86a1fa000 	C:\windows\SYSTEM32\VERSION.dll
0x00007ff86dc90000 - 0x00007ff86dcbb000 	C:\windows\SYSTEM32\WINMMBASE.dll
0x00007ff870420000 - 0x00007ff870462000 	C:\windows\System32\cfgmgr32.dll
0x00000000762b0000 - 0x00000000762bf000 	C:\Program Files\Java\jre1.8.0_144\bin\verify.dll
0x0000000076280000 - 0x00000000762a9000 	C:\Program Files\Java\jre1.8.0_144\bin\java.dll
0x00000000761a0000 - 0x00000000761d5000 	C:\Program Files\Java\jre1.8.0_144\bin\jdwp.dll
0x0000000076190000 - 0x0000000076198000 	C:\Program Files\Java\jre1.8.0_144\bin\npt.dll
0x0000000076260000 - 0x0000000076276000 	C:\Program Files\Java\jre1.8.0_144\bin\zip.dll
0x00007ff871960000 - 0x00007ff872e68000 	C:\windows\System32\SHELL32.dll
0x00007ff86fac0000 - 0x00007ff870198000 	C:\windows\System32\windows.storage.dll
0x00007ff86f990000 - 0x00007ff86f9dc000 	C:\windows\System32\powrprof.dll
0x00007ff8713a0000 - 0x00007ff8713f2000 	C:\windows\System32\shlwapi.dll
0x00007ff86f9e0000 - 0x00007ff86f9ef000 	C:\windows\System32\kernel.appcore.dll
0x00007ff86fa10000 - 0x00007ff86fab9000 	C:\windows\System32\shcore.dll
0x00007ff86f960000 - 0x00007ff86f974000 	C:\windows\System32\profapi.dll
0x0000000076180000 - 0x0000000076189000 	C:\Program Files\Java\jre1.8.0_144\bin\dt_socket.dll
0x00007ff852ec0000 - 0x00007ff852ed6000 	C:\windows\system32\napinsp.dll
0x00007ff852ee0000 - 0x00007ff852efa000 	C:\windows\system32\pnrpnsp.dll
0x00007ff865e80000 - 0x00007ff865e98000 	C:\windows\system32\NLAapi.dll
0x00007ff86f230000 - 0x00007ff86f28c000 	C:\windows\System32\mswsock.dll
0x00007ff86eff0000 - 0x00007ff86f091000 	C:\windows\SYSTEM32\DNSAPI.dll
0x00007ff871250000 - 0x00007ff871258000 	C:\windows\System32\NSI.dll
0x00007ff86efb0000 - 0x00007ff86efe8000 	C:\windows\SYSTEM32\IPHLPAPI.DLL
0x00007ff852eb0000 - 0x00007ff852ebe000 	C:\windows\System32\winrnr.dll
0x00000000774f0000 - 0x0000000077516000 	C:\Program Files\Bonjour\mdnsNSP.dll
0x00007ff854f60000 - 0x00007ff854f75000 	C:\windows\System32\wshbth.dll
0x00007ff862fc0000 - 0x00007ff86302a000 	C:\windows\System32\fwpuclnt.dll
0x00007ff86f8a0000 - 0x00007ff86f8cb000 	C:\windows\SYSTEM32\bcrypt.dll
0x00007ff861600000 - 0x00007ff86160a000 	C:\Windows\System32\rasadhlp.dll
0x0000000076240000 - 0x000000007625a000 	C:\Program Files\Java\jre1.8.0_144\bin\net.dll
0x0000000076220000 - 0x0000000076231000 	C:\Program Files\Java\jre1.8.0_144\bin\nio.dll
0x00007ff857d70000 - 0x00007ff857dc8000 	C:\Users\augus\AppData\Local\Temp\lwjglaugus\3.1.4-SNAPSHOT\lwjgl.dll
0x00007ff86ae30000 - 0x00007ff86ae7d000 	C:\Users\augus\AppData\Local\Temp\lwjglaugus\3.1.4-SNAPSHOT\glfw.dll
0x00007ff86e1c0000 - 0x00007ff86e255000 	C:\windows\system32\uxtheme.dll
0x00007ff857ca0000 - 0x00007ff857ce0000 	C:\windows\SYSTEM32\dinput8.dll
0x00007ff86c4d0000 - 0x00007ff86c4de000 	C:\windows\SYSTEM32\xinput1_4.dll
0x00007ff86e700000 - 0x00007ff86e728000 	C:\windows\SYSTEM32\DEVOBJ.dll
0x00007ff86dbd0000 - 0x00007ff86dbf6000 	C:\windows\SYSTEM32\dwmapi.dll
0x00007ff8710f0000 - 0x00007ff87124a000 	C:\windows\System32\MSCTF.dll
0x00007ff871270000 - 0x00007ff87132f000 	C:\windows\System32\OLEAUT32.dll
0x00007ff870690000 - 0x00007ff87072c000 	C:\windows\System32\msvcp_win.dll
0x00007ff8575e0000 - 0x00007ff857678000 	C:\Program Files\Common Files\microsoft shared\ink\tiptsf.dll
0x00007ff86e960000 - 0x00007ff86e96c000 	C:\windows\SYSTEM32\HID.DLL
0x00007ff872e70000 - 0x00007ff873299000 	C:\windows\System32\SETUPAPI.DLL
0x00007ff8707e0000 - 0x00007ff870835000 	C:\windows\System32\WINTRUST.dll
0x00007ff86f980000 - 0x00007ff86f990000 	C:\windows\System32\MSASN1.dll
0x00007ff8708b0000 - 0x00007ff870a79000 	C:\windows\System32\CRYPT32.dll
0x00007ff854d10000 - 0x00007ff854e33000 	C:\windows\SYSTEM32\opengl32.dll
0x00007ff854ce0000 - 0x00007ff854d0d000 	C:\windows\SYSTEM32\GLU32.dll
0x00007ff8512a0000 - 0x00007ff851397000 	C:\windows\SYSTEM32\DDRAW.dll
0x00007ff8550c0000 - 0x00007ff8550c8000 	C:\windows\SYSTEM32\DCIMAN32.dll
0x00007ff840af0000 - 0x00007ff84183a000 	C:\windows\System32\DriverStore\FileRepository\119748.inf_amd64_8e3972f5c88264c0\ig9icd64.dll
0x00007ff86d9b0000 - 0x00007ff86d9c3000 	C:\windows\SYSTEM32\WTSAPI32.dll
0x00007ff866ec0000 - 0x00007ff86801d000 	C:\windows\System32\DriverStore\FileRepository\119748.inf_amd64_8e3972f5c88264c0\igc64.dll
0x00007ff856f60000 - 0x00007ff856fbf000 	C:\Users\augus\AppData\Local\Temp\lwjglaugus\3.1.4-SNAPSHOT\lwjgl_opengl.dll
0x0000000075da0000 - 0x0000000075f38000 	C:\Program Files\Java\jre1.8.0_144\bin\awt.dll
0x00007ff86dfe0000 - 0x00007ff86e05a000 	C:\windows\SYSTEM32\apphelp.dll
0x0000000075d60000 - 0x0000000075d91000 	C:\Program Files\Java\jre1.8.0_144\bin\jpeg.dll
0x00007ff870db0000 - 0x00007ff870e4f000 	C:\windows\System32\clbcatq.dll
0x00007ff842600000 - 0x00007ff8427aa000 	C:\Windows\System32\uiautomationcore.dll
0x00007ff86f0b0000 - 0x00007ff86f0cf000 	C:\Windows\System32\USERENV.dll
0x00007ff86f7a0000 - 0x00007ff86f838000 	C:\windows\SYSTEM32\sxs.dll
0x00007ff8732e0000 - 0x00007ff873418000 	C:\windows\System32\ole32.dll
0x00007ff86a320000 - 0x00007ff86a4b2000 	C:\windows\SYSTEM32\dbghelp.dll
0x00007ff864c20000 - 0x00007ff864c49000 	C:\windows\SYSTEM32\dbgcore.DLL

VM Arguments:
jvm_args: -agentlib:jdwp=transport=dt_socket,suspend=y,address=localhost:51649 -Dfile.encoding=Cp1252 
java_command: src.GPlatform
java_class_path (initial): C:\Program Files\Java\jre1.8.0_144\lib\resources.jar;C:\Program Files\Java\jre1.8.0_144\lib\rt.jar;C:\Program Files\Java\jre1.8.0_144\lib\jsse.jar;C:\Program Files\Java\jre1.8.0_144\lib\jce.jar;C:\Program Files\Java\jre1.8.0_144\lib\charsets.jar;C:\Program Files\Java\jre1.8.0_144\lib\jfr.jar;C:\Program Files\Java\jre1.8.0_144\lib\ext\access-bridge-64.jar;C:\Program Files\Java\jre1.8.0_144\lib\ext\cldrdata.jar;C:\Program Files\Java\jre1.8.0_144\lib\ext\dnsns.jar;C:\Program Files\Java\jre1.8.0_144\lib\ext\jaccess.jar;C:\Program Files\Java\jre1.8.0_144\lib\ext\jfxrt.jar;C:\Program Files\Java\jre1.8.0_144\lib\ext\localedata.jar;C:\Program Files\Java\jre1.8.0_144\lib\ext\nashorn.jar;C:\Program Files\Java\jre1.8.0_144\lib\ext\sunec.jar;C:\Program Files\Java\jre1.8.0_144\lib\ext\sunjce_provider.jar;C:\Program Files\Java\jre1.8.0_144\lib\ext\sunmscapi.jar;C:\Program Files\Java\jre1.8.0_144\lib\ext\sunpkcs11.jar;C:\Program Files\Java\jre1.8.0_144\lib\ext\zipfs.jar;C:\Users\augus\Documents\GitHub\groupProject\ArcadeProject\bin;C:\Users\augus\Documents\LWJGL-3.1.4_built_1\joml-1.9.4.jar;C:\Users\augus\Documents\LWJGL-3.1.4_built_1\joml-1.9.4-javadoc.jar;C:\Users\augus\Documents\LWJGL-3.1.4_built_1\joml-1.9.4-sources.jar;C:\Users\augus\Documents\LWJGL-3.1.4_built_1\lwjgl.jar;C:\Users\augus\Documents\LWJGL-3.1.4_built_1\lwjgl-assimp.jar;C:\Users\augus\Documents\LWJGL-3.1.4_built_1\lwjgl-assimp-javadoc.jar;C:\Users\augus\Documents\LWJGL-3.1.4_built_1\lwjgl-assimp-natives-windows.jar;C:\Users\augus\Documents\LWJGL-3.1.4_built_1\lwjgl-assimp-sources.jar;C:\Users\augus\Documents\LWJGL-3.1.4_built_1\lwjgl-bgfx.jar;C:\Users\augus\Documents\LWJGL-3.1.4_built_1\lwjgl-bgfx-javadoc.jar;C:\Users\augus\Documents\LWJGL-3.1.4_built_1\lwjgl-bgfx-natives-windows.jar;C:\Users\augus\Documents\LWJGL-3.1.4_built_1\lwjgl-bgfx-sources.jar;C:\Users\augus\Documents\LWJGL-3.1.4_built_1\lwjgl-egl.jar;C:\Users\augus\Documents\LWJGL-3.1.4_built_1\lwjgl-egl-javadoc.jar;C:\Users\
Launcher Type: SUN_STANDARD

Environment Variables:
PATH=C:/Program Files/Java/jre1.8.0_144/bin/server;C:/Program Files/Java/jre1.8.0_144/bin;C:/Program Files/Java/jre1.8.0_144/lib/amd64;C:\Program Files\Microsoft MPI\Bin\;C:\ProgramData\Oracle\Java\javapath;C:\Program Files (x86)\Intel\iCLS Client\;C:\Program Files\Intel\iCLS Client\;C:\windows\system32;C:\windows;C:\windows\System32\Wbem;C:\windows\System32\WindowsPowerShell\v1.0\;C:\Program Files (x86)\Intel\Intel(R) Management Engine Components\DAL;C:\Program Files\Intel\Intel(R) Management Engine Components\DAL;C:\Program Files (x86)\Intel\Intel(R) Management Engine Components\IPT;C:\Program Files\Intel\Intel(R) Management Engine Components\IPT;C:\Program Files (x86)\Skype\Phone\;C:\Program Files\PuTTY\;C:\Program Files (x86)\GtkSharp\2.12\bin;C:\Program Files\Microsoft SQL Server\130\Tools\Binn\;C:\Users\augus\AppData\Local\Microsoft\WindowsApps;C:\Users\augus\AppData\Local\GitHubDesktop\bin;C:\Users\augus\AppData\Local\Programs\Git\cmd;C:\Users\augus\Documents\eclipse;
USERNAME=augus
OS=Windows_NT
PROCESSOR_IDENTIFIER=Intel64 Family 6 Model 78 Stepping 3, GenuineIntel



---------------  S Y S T E M  ---------------

OS: Windows 10.0 , 64 bit Build 14393 (10.0.14393.1198)

CPU:total 4 (initial active 4) (2 cores per cpu, 2 threads per core) family 6 model 78 stepping 3, cmov, cx8, fxsr, mmx, sse, sse2, sse3, ssse3, sse4.1, sse4.2, popcnt, avx, avx2, aes, clmul, erms, rtm, 3dnowpref, lzcnt, ht, tsc, tscinvbit, bmi1, bmi2, adx

Memory: 4k page, physical 6179744k(1910452k free), swap 7162784k(2095868k free)

vm_info: Java HotSpot(TM) 64-Bit Server VM (25.144-b01) for windows-amd64 JRE (1.8.0_144-b01), built on Jul 21 2017 21:57:33 by "java_re" with MS VC++ 10.0 (VS2010)

time: Tue Oct 24 13:54:04 2017
elapsed time: 88 seconds (0d 0h 1m 28s)

