#
# A fatal error has been detected by the Java Runtime Environment:
#
#  EXCEPTION_ACCESS_VIOLATION (0xc0000005) at pc=0x00007ffa0620268d, pid=9192, tid=0x00000000000011ac
#
# JRE version: Java(TM) SE Runtime Environment (8.0_144-b01) (build 1.8.0_144-b01)
# Java VM: Java HotSpot(TM) 64-Bit Server VM (25.144-b01 mixed mode windows-amd64 compressed oops)
# Problematic frame:
# C  [lwjgl_opengl.dll+0x1268d]
#
# Failed to write core dump. Minidumps are not enabled by default on client versions of Windows
#
# If you would like to submit a bug report, please visit:
#   http://bugreport.java.com/bugreport/crash.jsp
# The crash happened outside the Java Virtual Machine in native code.
# See problematic frame for where to report the bug.
#

---------------  T H R E A D  ---------------

Current thread (0x0000000017302000):  JavaThread "Finalizer" daemon [_thread_in_native, id=4524, stack(0x0000000018b90000,0x0000000018c90000)]

siginfo: ExceptionCode=0xc0000005, reading address 0x0000000000000948

Registers:
RAX=0x00000000559d1d50, RBX=0x0000000016ed6518, RCX=0x0000000000000001, RDX=0x000000001a453e7c
RSP=0x0000000018c8eff8, RBP=0x0000000018c8f078, RSI=0x0000000000000128, RDI=0x00000000025083fd
R8 =0x0000000000000001, R9 =0x000000001a453e7c, R10=0x0000000000000000, R11=0x000000005545bc50
R12=0x0000000000000000, R13=0x0000000016ed6518, R14=0x0000000018c8f0a8, R15=0x0000000017302000
RIP=0x00007ffa0620268d, EFLAGS=0x0000000000010206

Top of Stack: (sp=0x0000000018c8eff8)
0x0000000018c8eff8:   00000000025209cc 00000000025083fd
0x0000000018c8f008:   000000000252042b 0000000017302000
0x0000000018c8f018:   0000000016ed6518 0000000000000128
0x0000000018c8f028:   0000000017302000 00000000025203e2
0x0000000018c8f038:   0000000018c8f038 0000000016ed6518
0x0000000018c8f048:   0000000018c8f0a8 0000000016edb9b8
0x0000000018c8f058:   0000000000000000 0000000016ed6518
0x0000000018c8f068:   0000000000000000 0000000018c8f098
0x0000000018c8f078:   0000000018c8f0f0 00000000025083fd
0x0000000018c8f088:   00000000d7e12138 00000000025171b8
0x0000000018c8f098:   000000001a453e7c 00000000d58a2b00
0x0000000018c8f0a8:   0000000000000001 0000000018c8f0b0
0x0000000018c8f0b8:   0000000016ed668c 0000000018c8f120
0x0000000018c8f0c8:   0000000016edb9b8 0000000000000000
0x0000000018c8f0d8:   0000000016ed6700 0000000018c8f098
0x0000000018c8f0e8:   0000000018c8f120 0000000018c8f168 

Instructions: (pc=0x00007ffa0620268d)
0x00007ffa0620266d:   49 ff a2 e8 00 00 00 cc cc cc cc cc cc cc cc cc
0x00007ffa0620267d:   cc cc cc 48 8b 01 49 8b d1 41 8b c8 4c 8b 50 18
0x00007ffa0620268d:   49 ff a2 48 09 00 00 cc cc cc cc cc cc cc cc cc
0x00007ffa0620269d:   cc cc cc 48 8b 01 49 8b d1 41 8b c8 4c 8b 50 18 


Register to memory mapping:

RAX=0x00000000559d1d50 is an unknown value
RBX={method} {0x0000000016ed6520} 'nglDeleteBuffers' '(IJ)V' in 'org/lwjgl/opengl/GL15'
RCX=0x0000000000000001 is an unknown value
RDX=0x000000001a453e7c is an unknown value
RSP=0x0000000018c8eff8 is pointing into the stack for thread: 0x0000000017302000
RBP=0x0000000018c8f078 is pointing into the stack for thread: 0x0000000017302000
RSI=0x0000000000000128 is an unknown value
RDI=0x00000000025083fd is at code_begin+2301 in an Interpreter codelet
invoke return entry points  [0x0000000002507b00, 0x00000000025084e0]  2528 bytes
R8 =0x0000000000000001 is an unknown value
R9 =0x000000001a453e7c is an unknown value
R10=0x0000000000000000 is an unknown value
R11=0x000000005545bc50 is an unknown value
R12=0x0000000000000000 is an unknown value
R13={method} {0x0000000016ed6520} 'nglDeleteBuffers' '(IJ)V' in 'org/lwjgl/opengl/GL15'
R14=0x0000000018c8f0a8 is pointing into the stack for thread: 0x0000000017302000
R15=0x0000000017302000 is a thread


Stack: [0x0000000018b90000,0x0000000018c90000],  sp=0x0000000018c8eff8,  free space=1019k
Native frames: (J=compiled Java code, j=interpreted, Vv=VM code, C=native code)
C  [lwjgl_opengl.dll+0x1268d]

Java frames: (J=compiled Java code, j=interpreted, Vv=VM code)
j  org.lwjgl.opengl.GL15.nglDeleteBuffers(IJ)V+0
j  org.lwjgl.opengl.GL15.glDeleteBuffers(I)V+20
j  render.Model.finalize()V+4
J 786 C1 java.lang.ref.Finalizer.runFinalizer(Lsun/misc/JavaLangAccess;)V (62 bytes) @ 0x000000000284c834 [0x000000000284c2a0+0x594]
J 785 C1 java.lang.ref.Finalizer.access$100(Ljava/lang/ref/Finalizer;Lsun/misc/JavaLangAccess;)V (6 bytes) @ 0x000000000284cff4 [0x000000000284cf80+0x74]
j  java.lang.ref.Finalizer$FinalizerThread.run()V+45
v  ~StubRoutines::call_stub

---------------  P R O C E S S  ---------------

Java Threads: ( => current thread )
  0x0000000021929800 JavaThread "Java2D Disposer" daemon [_thread_blocked, id=7212, stack(0x00000000228f0000,0x00000000229f0000)]
  0x0000000019491000 JavaThread "Service Thread" daemon [_thread_blocked, id=12576, stack(0x0000000019e00000,0x0000000019f00000)]
  0x0000000019466000 JavaThread "C1 CompilerThread2" daemon [_thread_blocked, id=7636, stack(0x0000000019d00000,0x0000000019e00000)]
  0x0000000019463800 JavaThread "C2 CompilerThread1" daemon [_thread_blocked, id=400, stack(0x0000000019c00000,0x0000000019d00000)]
  0x0000000019410800 JavaThread "C2 CompilerThread0" daemon [_thread_blocked, id=4200, stack(0x0000000019b00000,0x0000000019c00000)]
  0x0000000019405800 JavaThread "JDWP Command Reader" daemon [_thread_in_native, id=3444, stack(0x0000000019a00000,0x0000000019b00000)]
  0x0000000019402800 JavaThread "JDWP Event Helper Thread" daemon [_thread_blocked, id=11160, stack(0x0000000019900000,0x0000000019a00000)]
  0x0000000017323800 JavaThread "JDWP Transport Listener: dt_socket" daemon [_thread_blocked, id=3252, stack(0x0000000019800000,0x0000000019900000)]
  0x0000000017318000 JavaThread "Attach Listener" daemon [_thread_blocked, id=772, stack(0x0000000018e80000,0x0000000018f80000)]
  0x0000000017316000 JavaThread "Signal Dispatcher" daemon [_thread_blocked, id=10708, stack(0x0000000018d80000,0x0000000018e80000)]
=>0x0000000017302000 JavaThread "Finalizer" daemon [_thread_in_native, id=4524, stack(0x0000000018b90000,0x0000000018c90000)]
  0x00000000172db000 JavaThread "Reference Handler" daemon [_thread_blocked, id=2176, stack(0x0000000018a90000,0x0000000018b90000)]
  0x0000000002405800 JavaThread "main" [_thread_in_native, id=15156, stack(0x0000000002300000,0x0000000002400000)]

Other Threads:
  0x00000000172d8000 VMThread [stack: 0x0000000018990000,0x0000000018a90000] [id=10424]
  0x00000000194af000 WatcherThread [stack: 0x0000000019f00000,0x000000001a000000] [id=11880]

VM state:not at safepoint (normal execution)

VM Mutex/Monitor currently owned by a thread: None

Heap:
 PSYoungGen      total 38400K, used 4613K [0x00000000d5800000, 0x00000000d8280000, 0x0000000100000000)
  eden space 33280K, 3% used [0x00000000d5800000,0x00000000d5949080,0x00000000d7880000)
  from space 5120K, 64% used [0x00000000d7d80000,0x00000000d80b85b0,0x00000000d8280000)
  to   space 5120K, 0% used [0x00000000d7880000,0x00000000d7880000,0x00000000d7d80000)
 ParOldGen       total 87552K, used 8488K [0x0000000080800000, 0x0000000085d80000, 0x00000000d5800000)
  object space 87552K, 9% used [0x0000000080800000,0x000000008104a250,0x0000000085d80000)
 Metaspace       used 11823K, capacity 11997K, committed 12160K, reserved 1060864K
  class space    used 988K, capacity 1069K, committed 1152K, reserved 1048576K

Card table byte_map: [0x00000000118c0000,0x0000000011cc0000] byte_map_base: 0x00000000114bc000

Marking Bits: (ParMarkBitMap*) 0x0000000055a4d850
 Begin Bits: [0x0000000012570000, 0x0000000014550000)
 End Bits:   [0x0000000014550000, 0x0000000016530000)

Polling page: 0x0000000000830000

CodeCache: size=245760Kb used=3971Kb max_used=3979Kb free=241788Kb
 bounds [0x0000000002500000, 0x00000000028f0000, 0x0000000011500000]
 total_blobs=1913 nmethods=1009 adapters=826
 compilation: enabled

Compilation events (10 events):
Event: 4.459 Thread 0x0000000019466000 nmethod 1004 0x00000000028d4210 code [0x00000000028d4380, 0x00000000028d47d0]
Event: 4.459 Thread 0x0000000019466000 1002       3       java.util.concurrent.atomic.AtomicLong::decrementAndGet (16 bytes)
Event: 4.460 Thread 0x0000000019466000 nmethod 1002 0x00000000028d9110 code [0x00000000028d9260, 0x00000000028d93d0]
Event: 4.463 Thread 0x0000000019463800 1005   !   4       java.lang.ref.Reference::tryHandlePending (115 bytes)
Event: 4.463 Thread 0x0000000019410800 1006  s    4       sun.misc.Cleaner::remove (89 bytes)
Event: 4.465 Thread 0x0000000019410800 nmethod 1006 0x00000000028dee90 code [0x00000000028defe0, 0x00000000028df2f8]
Event: 4.465 Thread 0x0000000019410800 1008       4       java.nio.Bits::unreserveMemory (63 bytes)
Event: 4.466 Thread 0x0000000019410800 nmethod 1008 0x00000000028d3f50 code [0x00000000028d4080, 0x00000000028d40f8]
Event: 4.466 Thread 0x0000000019410800 1007       4       java.nio.DirectByteBuffer$Deallocator::run (37 bytes)
Event: 4.468 Thread 0x0000000019410800 nmethod 1007 0x00000000028dead0 code [0x00000000028dec20, 0x00000000028ded68]

GC Heap History (4 events):
Event: 2.916 GC heap before
{Heap before GC invocations=1 (full 0):
 PSYoungGen      total 38400K, used 28890K [0x00000000d5800000, 0x00000000d8280000, 0x0000000100000000)
  eden space 33280K, 86% used [0x00000000d5800000,0x00000000d7436910,0x00000000d7880000)
  from space 5120K, 0% used [0x00000000d7d80000,0x00000000d7d80000,0x00000000d8280000)
  to   space 5120K, 0% used [0x00000000d7880000,0x00000000d7880000,0x00000000d7d80000)
 ParOldGen       total 87552K, used 0K [0x0000000080800000, 0x0000000085d80000, 0x00000000d5800000)
  object space 87552K, 0% used [0x0000000080800000,0x0000000080800000,0x0000000085d80000)
 Metaspace       used 11605K, capacity 11867K, committed 12160K, reserved 1060864K
  class space    used 975K, capacity 1068K, committed 1152K, reserved 1048576K
Event: 2.924 GC heap after
Heap after GC invocations=1 (full 0):
 PSYoungGen      total 38400K, used 5105K [0x00000000d5800000, 0x00000000d8280000, 0x0000000100000000)
  eden space 33280K, 0% used [0x00000000d5800000,0x00000000d5800000,0x00000000d7880000)
  from space 5120K, 99% used [0x00000000d7880000,0x00000000d7d7c5b0,0x00000000d7d80000)
  to   space 5120K, 0% used [0x00000000d7d80000,0x00000000d7d80000,0x00000000d8280000)
 ParOldGen       total 87552K, used 8480K [0x0000000080800000, 0x0000000085d80000, 0x00000000d5800000)
  object space 87552K, 9% used [0x0000000080800000,0x0000000081048250,0x0000000085d80000)
 Metaspace       used 11605K, capacity 11867K, committed 12160K, reserved 1060864K
  class space    used 975K, capacity 1068K, committed 1152K, reserved 1048576K
}
Event: 4.451 GC heap before
{Heap before GC invocations=2 (full 0):
 PSYoungGen      total 38400K, used 38385K [0x00000000d5800000, 0x00000000d8280000, 0x0000000100000000)
  eden space 33280K, 100% used [0x00000000d5800000,0x00000000d7880000,0x00000000d7880000)
  from space 5120K, 99% used [0x00000000d7880000,0x00000000d7d7c5b0,0x00000000d7d80000)
  to   space 5120K, 0% used [0x00000000d7d80000,0x00000000d7d80000,0x00000000d8280000)
 ParOldGen       total 87552K, used 8480K [0x0000000080800000, 0x0000000085d80000, 0x00000000d5800000)
  object space 87552K, 9% used [0x0000000080800000,0x0000000081048250,0x0000000085d80000)
 Metaspace       used 11822K, capacity 11997K, committed 12160K, reserved 1060864K
  class space    used 988K, capacity 1069K, committed 1152K, reserved 1048576K
Event: 4.458 GC heap after
Heap after GC invocations=2 (full 0):
 PSYoungGen      total 38400K, used 3297K [0x00000000d5800000, 0x00000000d8280000, 0x0000000100000000)
  eden space 33280K, 0% used [0x00000000d5800000,0x00000000d5800000,0x00000000d7880000)
  from space 5120K, 64% used [0x00000000d7d80000,0x00000000d80b85b0,0x00000000d8280000)
  to   space 5120K, 0% used [0x00000000d7880000,0x00000000d7880000,0x00000000d7d80000)
 ParOldGen       total 87552K, used 8488K [0x0000000080800000, 0x0000000085d80000, 0x00000000d5800000)
  object space 87552K, 9% used [0x0000000080800000,0x000000008104a250,0x0000000085d80000)
 Metaspace       used 11822K, capacity 11997K, committed 12160K, reserved 1060864K
  class space    used 988K, capacity 1069K, committed 1152K, reserved 1048576K
}

Deoptimization events (7 events):
Event: 0.210 Thread 0x0000000002405800 Uncommon trap: reason=unstable_if action=reinterpret pc=0x0000000002603b88 method=java.lang.String.hashCode()I @ 14
Event: 0.325 Thread 0x0000000002405800 Uncommon trap: reason=unstable_if action=reinterpret pc=0x0000000002685ce0 method=java.lang.String.indexOf([CII[CIII)I @ 134
Event: 3.020 Thread 0x0000000002405800 Uncommon trap: reason=unstable_if action=reinterpret pc=0x0000000002856144 method=render.Texture.<init>(Ljava/lang/String;)V @ 206
Event: 3.038 Thread 0x0000000002405800 Uncommon trap: reason=unstable_if action=reinterpret pc=0x0000000002850a08 method=java.awt.image.ComponentColorModel.getRGB(Ljava/lang/Object;)I @ 4
Event: 4.033 Thread 0x0000000002405800 Uncommon trap: reason=unstable_if action=reinterpret pc=0x00000000028c7a04 method=io.Input.isKeyDown(I)Z @ 9
Event: 4.458 Thread 0x0000000002405800 Uncommon trap: reason=unstable_if action=reinterpret pc=0x00000000028cf22c method=java.nio.Bits.tryReserveMemory(JI)Z @ 29
Event: 4.470 Thread 0x0000000017302000 Uncommon trap: reason=unstable_if action=reinterpret pc=0x00000000028b3634 method=java.lang.ThreadLocal.get()Ljava/lang/Object; @ 11

Internal exceptions (10 events):
Event: 0.294 Thread 0x0000000002405800 Exception <a 'java/lang/NoSuchFieldError': method resolution failed> (0x00000000d5bb0df8) thrown at [C:\re\workspace\8-2-build-windows-amd64-cygwin\jdk8u144\9417\hotspot\src\share\vm\prims\methodHandles.cpp, line 1146]
Event: 0.297 Thread 0x0000000002405800 Exception <a 'java/lang/NoSuchFieldError': method resolution failed> (0x00000000d5bbe1f8) thrown at [C:\re\workspace\8-2-build-windows-amd64-cygwin\jdk8u144\9417\hotspot\src\share\vm\prims\methodHandles.cpp, line 1146]
Event: 0.355 Thread 0x0000000002405800 Exception <a 'java/security/PrivilegedActionException'> (0x00000000d5d3c4e8) thrown at [C:\re\workspace\8-2-build-windows-amd64-cygwin\jdk8u144\9417\hotspot\src\share\vm\prims\jvm.cpp, line 1390]
Event: 0.355 Thread 0x0000000002405800 Exception <a 'java/security/PrivilegedActionException'> (0x00000000d5d3c6f8) thrown at [C:\re\workspace\8-2-build-windows-amd64-cygwin\jdk8u144\9417\hotspot\src\share\vm\prims\jvm.cpp, line 1390]
Event: 0.356 Thread 0x0000000002405800 Exception <a 'java/security/PrivilegedActionException'> (0x00000000d5d40550) thrown at [C:\re\workspace\8-2-build-windows-amd64-cygwin\jdk8u144\9417\hotspot\src\share\vm\prims\jvm.cpp, line 1390]
Event: 0.356 Thread 0x0000000002405800 Exception <a 'java/security/PrivilegedActionException'> (0x00000000d5d40760) thrown at [C:\re\workspace\8-2-build-windows-amd64-cygwin\jdk8u144\9417\hotspot\src\share\vm\prims\jvm.cpp, line 1390]
Event: 2.360 Thread 0x0000000002405800 Exception <a 'sun/nio/fs/WindowsException'> (0x00000000d6034e90) thrown at [C:\re\workspace\8-2-build-windows-amd64-cygwin\jdk8u144\9417\hotspot\src\share\vm\prims\jni.cpp, line 709]
Event: 2.361 Thread 0x0000000002405800 Exception <a 'sun/nio/fs/WindowsException'> (0x00000000d60356d0) thrown at [C:\re\workspace\8-2-build-windows-amd64-cygwin\jdk8u144\9417\hotspot\src\share\vm\prims\jni.cpp, line 709]
Event: 2.808 Thread 0x0000000002405800 Exception <a 'java/io/FileNotFoundException'> (0x00000000d6d0a300) thrown at [C:\re\workspace\8-2-build-windows-amd64-cygwin\jdk8u144\9417\hotspot\src\share\vm\prims\jni.cpp, line 709]
Event: 4.470 Thread 0x0000000017302000 Implicit null exception at 0x00000000028b34e1 to 0x00000000028b3615

Events (10 events):
Event: 4.237 Executing VM operation: EnableBiasedLocking
Event: 4.237 Executing VM operation: EnableBiasedLocking done
Event: 4.451 Executing VM operation: ParallelGCFailedAllocation
Event: 4.458 Executing VM operation: ParallelGCFailedAllocation done
Event: 4.458 Thread 0x0000000002405800 Uncommon trap: trap_request=0xffffff65 fr.pc=0x00000000028cf22c
Event: 4.458 Thread 0x0000000002405800 DEOPT PACKING pc=0x00000000028cf22c sp=0x00000000023ff460
Event: 4.458 Thread 0x0000000002405800 DEOPT UNPACKING pc=0x000000000254582a sp=0x00000000023ff318 mode 2
Event: 4.470 Thread 0x0000000017302000 Uncommon trap: trap_request=0xffffff65 fr.pc=0x00000000028b3634
Event: 4.470 Thread 0x0000000017302000 DEOPT PACKING pc=0x00000000028b3634 sp=0x0000000018c8f000
Event: 4.470 Thread 0x0000000017302000 DEOPT UNPACKING pc=0x000000000254582a sp=0x0000000018c8efb0 mode 2


Dynamic libraries:
0x00007ff7b5750000 - 0x00007ff7b5787000 	C:\Program Files\Java\jre1.8.0_144\bin\javaw.exe
0x00007ffa35290000 - 0x00007ffa35462000 	C:\WINDOWS\SYSTEM32\ntdll.dll
0x00007ffa34d00000 - 0x00007ffa34dac000 	C:\WINDOWS\System32\KERNEL32.DLL
0x00007ffa32230000 - 0x00007ffa3244d000 	C:\WINDOWS\System32\KERNELBASE.dll
0x0000000055b40000 - 0x0000000055bf3000 	C:\Program Files\Bitdefender\Bitdefender 2015\Active Virus Control\Avc3_00442_083\avcuf64.dll
0x00007ffa331a0000 - 0x00007ffa33242000 	C:\WINDOWS\System32\ADVAPI32.dll
0x00007ffa32960000 - 0x00007ffa329fe000 	C:\WINDOWS\System32\msvcrt.dll
0x00007ffa350c0000 - 0x00007ffa35119000 	C:\WINDOWS\System32\sechost.dll
0x00007ffa34900000 - 0x00007ffa34a21000 	C:\WINDOWS\System32\RPCRT4.dll
0x00007ffa34db0000 - 0x00007ffa34f15000 	C:\WINDOWS\System32\USER32.dll
0x00007ffa318e0000 - 0x00007ffa318fe000 	C:\WINDOWS\System32\win32u.dll
0x00007ffa32aa0000 - 0x00007ffa32ad4000 	C:\WINDOWS\System32\GDI32.dll
0x00007ffa32680000 - 0x00007ffa32800000 	C:\WINDOWS\System32\gdi32full.dll
0x00007ffa26740000 - 0x00007ffa269ba000 	C:\WINDOWS\WinSxS\amd64_microsoft.windows.common-controls_6595b64144ccf1df_6.0.14393.953_none_42151e83c686086b\COMCTL32.dll
0x00007ffa34a30000 - 0x00007ffa34cf8000 	C:\WINDOWS\System32\combase.dll
0x00007ffa31a50000 - 0x00007ffa31b45000 	C:\WINDOWS\System32\ucrtbase.dll
0x00007ffa31870000 - 0x00007ffa318da000 	C:\WINDOWS\System32\bcryptPrimitives.dll
0x00007ffa32c30000 - 0x00007ffa32c5e000 	C:\WINDOWS\System32\IMM32.DLL
0x0000000055060000 - 0x0000000055132000 	C:\Program Files\Java\jre1.8.0_144\bin\msvcr100.dll
0x0000000055230000 - 0x0000000055acd000 	C:\Program Files\Java\jre1.8.0_144\bin\server\jvm.dll
0x00007ffa348f0000 - 0x00007ffa348f8000 	C:\WINDOWS\System32\PSAPI.DLL
0x00007ffa22180000 - 0x00007ffa22189000 	C:\WINDOWS\SYSTEM32\WSOCK32.dll
0x00007ffa32bc0000 - 0x00007ffa32c2a000 	C:\WINDOWS\System32\WS2_32.dll
0x00007ffa2f5d0000 - 0x00007ffa2f5f3000 	C:\WINDOWS\SYSTEM32\WINMM.dll
0x00007ffa2dce0000 - 0x00007ffa2dcea000 	C:\WINDOWS\SYSTEM32\VERSION.dll
0x00007ffa2f5a0000 - 0x00007ffa2f5cb000 	C:\WINDOWS\SYSTEM32\WINMMBASE.dll
0x00007ffa31770000 - 0x00007ffa317b2000 	C:\WINDOWS\System32\cfgmgr32.dll
0x0000000055220000 - 0x000000005522f000 	C:\Program Files\Java\jre1.8.0_144\bin\verify.dll
0x00000000551f0000 - 0x0000000055219000 	C:\Program Files\Java\jre1.8.0_144\bin\java.dll
0x0000000055020000 - 0x0000000055055000 	C:\Program Files\Java\jre1.8.0_144\bin\jdwp.dll
0x0000000055010000 - 0x0000000055018000 	C:\Program Files\Java\jre1.8.0_144\bin\npt.dll
0x00000000551d0000 - 0x00000000551e6000 	C:\Program Files\Java\jre1.8.0_144\bin\zip.dll
0x00007ffa333e0000 - 0x00007ffa348e8000 	C:\WINDOWS\System32\SHELL32.dll
0x00007ffa31b50000 - 0x00007ffa32228000 	C:\WINDOWS\System32\windows.storage.dll
0x00007ffa316e0000 - 0x00007ffa3172c000 	C:\WINDOWS\System32\powrprof.dll
0x00007ffa32b60000 - 0x00007ffa32bb2000 	C:\WINDOWS\System32\shlwapi.dll
0x00007ffa31730000 - 0x00007ffa3173f000 	C:\WINDOWS\System32\kernel.appcore.dll
0x00007ffa317c0000 - 0x00007ffa31869000 	C:\WINDOWS\System32\shcore.dll
0x00007ffa31740000 - 0x00007ffa31754000 	C:\WINDOWS\System32\profapi.dll
0x0000000055000000 - 0x0000000055009000 	C:\Program Files\Java\jre1.8.0_144\bin\dt_socket.dll
0x00007ffa2eff0000 - 0x00007ffa2f008000 	C:\WINDOWS\system32\NLAapi.dll
0x00007ffa16460000 - 0x00007ffa16476000 	C:\WINDOWS\system32\napinsp.dll
0x00007ffa16480000 - 0x00007ffa1649a000 	C:\WINDOWS\system32\pnrpnsp.dll
0x00007ffa31010000 - 0x00007ffa3106c000 	C:\WINDOWS\System32\mswsock.dll
0x00007ffa30dd0000 - 0x00007ffa30e71000 	C:\WINDOWS\SYSTEM32\DNSAPI.dll
0x00007ffa33090000 - 0x00007ffa33098000 	C:\WINDOWS\System32\NSI.dll
0x00007ffa30d90000 - 0x00007ffa30dc8000 	C:\WINDOWS\SYSTEM32\IPHLPAPI.DLL
0x00007ffa164a0000 - 0x00007ffa164ae000 	C:\WINDOWS\System32\winrnr.dll
0x0000000002190000 - 0x00000000021b6000 	C:\Program Files\Bonjour\mdnsNSP.dll
0x00007ffa164b0000 - 0x00007ffa164c5000 	C:\WINDOWS\System32\wshbth.dll
0x00007ffa295f0000 - 0x00007ffa2965a000 	C:\WINDOWS\System32\fwpuclnt.dll
0x00007ffa312c0000 - 0x00007ffa312eb000 	C:\WINDOWS\SYSTEM32\bcrypt.dll
0x00007ffa23750000 - 0x00007ffa2375a000 	C:\Windows\System32\rasadhlp.dll
0x00000000551b0000 - 0x00000000551ca000 	C:\Program Files\Java\jre1.8.0_144\bin\net.dll
0x0000000055190000 - 0x00000000551a1000 	C:\Program Files\Java\jre1.8.0_144\bin\nio.dll
0x00007ffa15330000 - 0x00007ffa15388000 	C:\Users\August's PC\AppData\Local\Temp\lwjglAugust's PC\3.1.4-SNAPSHOT\lwjgl.dll
0x00007ffa11600000 - 0x00007ffa1164d000 	C:\Users\AUGUST~1\AppData\Local\Temp\lwjglAugust's PC\3.1.4-SNAPSHOT\glfw.dll
0x00007ffa2ff00000 - 0x00007ffa2ff95000 	C:\WINDOWS\system32\uxtheme.dll
0x00007ffa0a470000 - 0x00007ffa0a4b0000 	C:\WINDOWS\SYSTEM32\dinput8.dll
0x00007ffa23c00000 - 0x00007ffa23c0e000 	C:\WINDOWS\SYSTEM32\xinput1_4.dll
0x00007ffa30440000 - 0x00007ffa30468000 	C:\WINDOWS\SYSTEM32\DEVOBJ.dll
0x00007ffa2f4e0000 - 0x00007ffa2f506000 	C:\WINDOWS\SYSTEM32\dwmapi.dll
0x00007ffa35120000 - 0x00007ffa3527a000 	C:\WINDOWS\System32\MSCTF.dll
0x00007ffa33250000 - 0x00007ffa3330f000 	C:\WINDOWS\System32\OLEAUT32.dll
0x00007ffa31900000 - 0x00007ffa3199c000 	C:\WINDOWS\System32\msvcp_win.dll
0x00007ffa306e0000 - 0x00007ffa306ec000 	C:\WINDOWS\SYSTEM32\HID.DLL
0x00007ffa32c60000 - 0x00007ffa33089000 	C:\WINDOWS\System32\SETUPAPI.DLL
0x00007ffa32620000 - 0x00007ffa32675000 	C:\WINDOWS\System32\WINTRUST.dll
0x00007ffa31760000 - 0x00007ffa31770000 	C:\WINDOWS\System32\MSASN1.dll
0x00007ffa32450000 - 0x00007ffa32619000 	C:\WINDOWS\System32\CRYPT32.dll
0x00007ff9fc8e0000 - 0x00007ff9fca03000 	C:\WINDOWS\SYSTEM32\opengl32.dll
0x00007ffa11c60000 - 0x00007ffa11c8d000 	C:\WINDOWS\SYSTEM32\GLU32.dll
0x00007ff9fd8f0000 - 0x00007ff9fd9e7000 	C:\WINDOWS\SYSTEM32\DDRAW.dll
0x00007ffa20970000 - 0x00007ffa20978000 	C:\WINDOWS\SYSTEM32\DCIMAN32.dll
0x0000000052d90000 - 0x0000000054ff9000 	C:\WINDOWS\SYSTEM32\nvoglv64.DLL
0x00007ffa2f320000 - 0x00007ffa2f333000 	C:\WINDOWS\SYSTEM32\WTSAPI32.dll
0x00007ffa30470000 - 0x00007ffa304a2000 	C:\WINDOWS\SYSTEM32\ntmarta.dll
0x00007ffa24be0000 - 0x00007ffa24dbc000 	C:\WINDOWS\system32\nvspcap64.dll
0x00007ffa32820000 - 0x00007ffa32958000 	C:\WINDOWS\System32\ole32.dll
0x00007ffa2e810000 - 0x00007ffa2e8dd000 	C:\WINDOWS\SYSTEM32\WINHTTP.dll
0x00007ffa30960000 - 0x00007ffa309b6000 	C:\WINDOWS\SYSTEM32\WINSTA.dll
0x00007ffa061f0000 - 0x00007ffa0624f000 	C:\Users\August's PC\AppData\Local\Temp\lwjglAugust's PC\3.1.4-SNAPSHOT\lwjgl_opengl.dll
0x0000000052bf0000 - 0x0000000052d88000 	C:\Program Files\Java\jre1.8.0_144\bin\awt.dll
0x00007ffa2fd60000 - 0x00007ffa2fdda000 	C:\WINDOWS\SYSTEM32\apphelp.dll
0x0000000052bb0000 - 0x0000000052be1000 	C:\Program Files\Java\jre1.8.0_144\bin\jpeg.dll
0x00007ffa20200000 - 0x00007ffa20392000 	C:\WINDOWS\SYSTEM32\dbghelp.dll
0x00007ffa201d0000 - 0x00007ffa201f9000 	C:\WINDOWS\SYSTEM32\dbgcore.DLL

VM Arguments:
jvm_args: -agentlib:jdwp=transport=dt_socket,suspend=y,address=localhost:55305 -Dfile.encoding=Cp1252 
java_command: src.GPlatform
java_class_path (initial): C:\Program Files\Java\jre1.8.0_144\lib\resources.jar;C:\Program Files\Java\jre1.8.0_144\lib\rt.jar;C:\Program Files\Java\jre1.8.0_144\lib\jsse.jar;C:\Program Files\Java\jre1.8.0_144\lib\jce.jar;C:\Program Files\Java\jre1.8.0_144\lib\charsets.jar;C:\Program Files\Java\jre1.8.0_144\lib\jfr.jar;C:\Program Files\Java\jre1.8.0_144\lib\ext\access-bridge-64.jar;C:\Program Files\Java\jre1.8.0_144\lib\ext\cldrdata.jar;C:\Program Files\Java\jre1.8.0_144\lib\ext\dnsns.jar;C:\Program Files\Java\jre1.8.0_144\lib\ext\jaccess.jar;C:\Program Files\Java\jre1.8.0_144\lib\ext\jfxrt.jar;C:\Program Files\Java\jre1.8.0_144\lib\ext\localedata.jar;C:\Program Files\Java\jre1.8.0_144\lib\ext\nashorn.jar;C:\Program Files\Java\jre1.8.0_144\lib\ext\sunec.jar;C:\Program Files\Java\jre1.8.0_144\lib\ext\sunjce_provider.jar;C:\Program Files\Java\jre1.8.0_144\lib\ext\sunmscapi.jar;C:\Program Files\Java\jre1.8.0_144\lib\ext\sunpkcs11.jar;C:\Program Files\Java\jre1.8.0_144\lib\ext\zipfs.jar;C:\Users\August's PC\Documents\GitHub\groupProject\ArcadeProject\bin;C:\Users\August's PC\Documents\LWJGL-3.1.4\joml-1.9.4.jar;C:\Users\August's PC\Documents\LWJGL-3.1.4\joml-1.9.4-javadoc.jar;C:\Users\August's PC\Documents\LWJGL-3.1.4\joml-1.9.4-sources.jar;C:\Users\August's PC\Documents\LWJGL-3.1.4\lwjgl.jar;C:\Users\August's PC\Documents\LWJGL-3.1.4\lwjgl-assimp.jar;C:\Users\August's PC\Documents\LWJGL-3.1.4\lwjgl-assimp-javadoc.jar;C:\Users\August's PC\Documents\LWJGL-3.1.4\lwjgl-assimp-natives-windows.jar;C:\Users\August's PC\Documents\LWJGL-3.1.4\lwjgl-assimp-sources.jar;C:\Users\August's PC\Documents\LWJGL-3.1.4\lwjgl-bgfx.jar;C:\Users\August's PC\Documents\LWJGL-3.1.4\lwjgl-bgfx-javadoc.jar;C:\Users\August's PC\Documents\LWJGL-3.1.4\lwjgl-bgfx-natives-windows.jar;C:\Users\August's PC\Documents\LWJGL-3.1.4\lwjgl-bgfx-sources.jar;C:\Users\August's PC\Documents\LWJGL-3.1.4\lwjgl-egl.jar;C:\Users\August's PC\Documents\LWJGL-3.1.4\lwjgl-egl-javadoc.jar;C:\Users\August's PC\Documents\
Launcher Type: SUN_STANDARD

Environment Variables:
PATH=C:/Program Files/Java/jre1.8.0_144/bin/server;C:/Program Files/Java/jre1.8.0_144/bin;C:/Program Files/Java/jre1.8.0_144/lib/amd64;C:\Program Files\Microsoft MPI\Bin\;C:\ProgramData\Oracle\Java\javapath;C:\Program Files\Common Files\Microsoft Shared\Windows Live;C:\Program Files (x86)\Common Files\Microsoft Shared\Windows Live;C:\windows\system32;C:\windows;C:\windows\System32\Wbem;C:\windows\System32\WindowsPowerShell\v1.0\;C:\Program Files (x86)\Intel\OpenCL SDK\2.0\bin\x86;C:\Program Files (x86)\Intel\OpenCL SDK\2.0\bin\x64;C:\Program Files (x86)\Windows Live\Shared;C:\Program Files\Microsoft SQL Server\110\Tools\Binn\;C:\Program Files (x86)\GtkSharp\2.12\bin;C:\WINDOWS\system32;C:\WINDOWS;C:\WINDOWS\System32\Wbem;C:\WINDOWS\System32\WindowsPowerShell\v1.0\;C:\Program Files (x86)\Skype\Phone\;C:\Program Files (x86)\NVIDIA Corporation\PhysX\Common;C:\Program Files\PuTTY\;%SystemRoot%\system32\WindowsPowerShell\v1.0\;C:\Program Files\Common Files\Microsoft Shared\Windows Live;C:\Program Files (x86)\Common Files\Microsoft Shared\Windows Live;C:\windows\system32;C:\windows;C:\windows\System32\Wbem;C:\windows\System32\WindowsPowerShell\v1.0\;C:\Program Files (x86)\Intel\OpenCL SDK\2.0\bin\x86;C:\Program Files (x86)\Intel\OpenCL SDK\2.0\bin\x64;C:\Program Files (x86)\Windows Live\Shared;C:Python27;C;\Python27;%USERPROFILE%\AppData\Local\Microsoft\WindowsApps;;C:\Users\August's PC\Documents\Eclipse IDE;
USERNAME=August's PC
OS=Windows_NT
PROCESSOR_IDENTIFIER=AMD64 Family 21 Model 2 Stepping 0, AuthenticAMD



---------------  S Y S T E M  ---------------

OS: Windows 10.0 , 64 bit Build 14393 (10.0.14393.1198)

CPU:total 6 (initial active 6) (6 cores per cpu, 1 threads per core) family 21 model 2 stepping 0, cmov, cx8, fxsr, mmx, sse, sse2, sse3, ssse3, sse4.1, sse4.2, popcnt, avx, aes, clmul, mmxext, 3dnowpref, lzcnt, sse4a, tsc, tscinvbit, tscinv, bmi1

Memory: 4k page, physical 8350800k(3332124k free), swap 10054212k(2423664k free)

vm_info: Java HotSpot(TM) 64-Bit Server VM (25.144-b01) for windows-amd64 JRE (1.8.0_144-b01), built on Jul 21 2017 21:57:33 by "java_re" with MS VC++ 10.0 (VS2010)

time: Sun Oct 22 21:03:36 2017
elapsed time: 4 seconds (0d 0h 0m 4s)

