#
# A fatal error has been detected by the Java Runtime Environment:
#
#  EXCEPTION_ACCESS_VIOLATION (0xc0000005) at pc=0x00007ff856f7268d, pid=3348, tid=0x0000000000001b94
#
# JRE version: Java(TM) SE Runtime Environment (8.0_144-b01) (build 1.8.0_144-b01)
# Java VM: Java HotSpot(TM) 64-Bit Server VM (25.144-b01 mixed mode windows-amd64 compressed oops)
# Problematic frame:
# C  [lwjgl_opengl.dll+0x1268d]
#
# Failed to write core dump. Minidumps are not enabled by default on client versions of Windows
#
# If you would like to submit a bug report, please visit:
#   http://bugreport.java.com/bugreport/crash.jsp
# The crash happened outside the Java Virtual Machine in native code.
# See problematic frame for where to report the bug.
#

---------------  T H R E A D  ---------------

Current thread (0x0000000015fcb000):  JavaThread "Finalizer" daemon [_thread_in_native, id=7060, stack(0x0000000017230000,0x0000000017330000)]

siginfo: ExceptionCode=0xc0000005, reading address 0x0000000000000948

Registers:
RAX=0x0000000076b41d50, RBX=0x0000000015bd0ef8, RCX=0x0000000000000001, RDX=0x0000000018313f2c
RSP=0x000000001732ee88, RBP=0x000000001732ef08, RSI=0x0000000000000d76, RDI=0x000000000275835d
R8 =0x0000000000000001, R9 =0x0000000018313f2c, R10=0x0000000000000000, R11=0x00000000765cbc50
R12=0x0000000000000000, R13=0x0000000015bd0ef8, R14=0x000000001732ef38, R15=0x0000000015fcb000
RIP=0x00007ff856f7268d, EFLAGS=0x0000000000010206

Top of Stack: (sp=0x000000001732ee88)
0x000000001732ee88:   0000000002767f74 000000000275835d
0x000000001732ee98:   0000000002767ceb 0000000015fcb000
0x000000001732eea8:   0000000015bd0ef8 0000000000000d76
0x000000001732eeb8:   0000000015fcb000 0000000002767ca2
0x000000001732eec8:   000000001732eec8 0000000015bd0ef8
0x000000001732eed8:   000000001732ef38 0000000015bd6428
0x000000001732eee8:   0000000000000000 0000000015bd0ef8
0x000000001732eef8:   0000000000000000 000000001732ef28
0x000000001732ef08:   000000001732ef80 000000000275835d
0x000000001732ef18:   00000000e2521a58 00000000027619d8
0x000000001732ef28:   0000000018313f2c 00000000e097afc8
0x000000001732ef38:   0000000000000001 000000001732ef40
0x000000001732ef48:   0000000015bd106c 000000001732efb0
0x000000001732ef58:   0000000015bd6428 0000000000000000
0x000000001732ef68:   0000000015bd10e0 000000001732ef28
0x000000001732ef78:   000000001732efb0 000000001732eff8 

Instructions: (pc=0x00007ff856f7268d)
0x00007ff856f7266d:   49 ff a2 e8 00 00 00 cc cc cc cc cc cc cc cc cc
0x00007ff856f7267d:   cc cc cc 48 8b 01 49 8b d1 41 8b c8 4c 8b 50 18
0x00007ff856f7268d:   49 ff a2 48 09 00 00 cc cc cc cc cc cc cc cc cc
0x00007ff856f7269d:   cc cc cc 48 8b 01 49 8b d1 41 8b c8 4c 8b 50 18 


Register to memory mapping:

RAX=0x0000000076b41d50 is an unknown value
RBX={method} {0x0000000015bd0f00} 'nglDeleteBuffers' '(IJ)V' in 'org/lwjgl/opengl/GL15'
RCX=0x0000000000000001 is an unknown value
RDX=0x0000000018313f2c is an unknown value
RSP=0x000000001732ee88 is pointing into the stack for thread: 0x0000000015fcb000
RBP=0x000000001732ef08 is pointing into the stack for thread: 0x0000000015fcb000
RSI=0x0000000000000d76 is an unknown value
RDI=0x000000000275835d is at code_begin+2301 in an Interpreter codelet
invoke return entry points  [0x0000000002757a60, 0x0000000002758440]  2528 bytes
R8 =0x0000000000000001 is an unknown value
R9 =0x0000000018313f2c is an unknown value
R10=0x0000000000000000 is an unknown value
R11=0x00000000765cbc50 is an unknown value
R12=0x0000000000000000 is an unknown value
R13={method} {0x0000000015bd0f00} 'nglDeleteBuffers' '(IJ)V' in 'org/lwjgl/opengl/GL15'
R14=0x000000001732ef38 is pointing into the stack for thread: 0x0000000015fcb000
R15=0x0000000015fcb000 is a thread


Stack: [0x0000000017230000,0x0000000017330000],  sp=0x000000001732ee88,  free space=1019k
Native frames: (J=compiled Java code, j=interpreted, Vv=VM code, C=native code)
C  [lwjgl_opengl.dll+0x1268d]

Java frames: (J=compiled Java code, j=interpreted, Vv=VM code)
j  org.lwjgl.opengl.GL15.nglDeleteBuffers(IJ)V+0
j  org.lwjgl.opengl.GL15.glDeleteBuffers(I)V+20
j  render.Model.finalize()V+4
J 736 C1 java.lang.ref.Finalizer.runFinalizer(Lsun/misc/JavaLangAccess;)V (62 bytes) @ 0x0000000002a618cc [0x0000000002a61340+0x58c]
J 735 C1 java.lang.ref.Finalizer.access$100(Ljava/lang/ref/Finalizer;Lsun/misc/JavaLangAccess;)V (6 bytes) @ 0x0000000002a6201c [0x0000000002a61fc0+0x5c]
j  java.lang.ref.Finalizer$FinalizerThread.run()V+45
v  ~StubRoutines::call_stub

---------------  P R O C E S S  ---------------

Java Threads: ( => current thread )
  0x00000000183ea000 JavaThread "Java2D Disposer" daemon [_thread_blocked, id=6492, stack(0x000000001e9e0000,0x000000001eae0000)]
  0x0000000017948800 JavaThread "Service Thread" daemon [_thread_blocked, id=6132, stack(0x0000000017d20000,0x0000000017e20000)]
  0x0000000015feb800 JavaThread "C1 CompilerThread2" daemon [_thread_blocked, id=10136, stack(0x0000000017820000,0x0000000017920000)]
  0x0000000015fe6800 JavaThread "C2 CompilerThread1" daemon [_thread_blocked, id=9960, stack(0x0000000017720000,0x0000000017820000)]
  0x0000000015fe1000 JavaThread "C2 CompilerThread0" daemon [_thread_blocked, id=4904, stack(0x0000000017620000,0x0000000017720000)]
  0x0000000015fdf000 JavaThread "Attach Listener" daemon [_thread_blocked, id=5452, stack(0x0000000017520000,0x0000000017620000)]
  0x0000000015fe8800 JavaThread "Signal Dispatcher" daemon [_thread_blocked, id=8332, stack(0x0000000017420000,0x0000000017520000)]
=>0x0000000015fcb000 JavaThread "Finalizer" daemon [_thread_in_native, id=7060, stack(0x0000000017230000,0x0000000017330000)]
  0x0000000002743800 JavaThread "Reference Handler" daemon [_thread_blocked, id=9036, stack(0x0000000017130000,0x0000000017230000)]
  0x0000000002655000 JavaThread "main" [_thread_in_native, id=7532, stack(0x0000000002550000,0x0000000002650000)]

Other Threads:
  0x0000000015fa8000 VMThread [stack: 0x0000000017030000,0x0000000017130000] [id=4296]
  0x0000000017993800 WatcherThread [stack: 0x0000000017e20000,0x0000000017f20000] [id=5728]

VM state:not at safepoint (normal execution)

VM Mutex/Monitor currently owned by a thread: None

Heap:
 PSYoungGen      total 28672K, used 6030K [0x00000000e0900000, 0x00000000e2900000, 0x0000000100000000)
  eden space 24576K, 8% used [0x00000000e0900000,0x00000000e0aeb8b8,0x00000000e2100000)
  from space 4096K, 99% used [0x00000000e2500000,0x00000000e28f82e0,0x00000000e2900000)
  to   space 4096K, 0% used [0x00000000e2100000,0x00000000e2100000,0x00000000e2500000)
 ParOldGen       total 65536K, used 9239K [0x00000000a1a00000, 0x00000000a5a00000, 0x00000000e0900000)
  object space 65536K, 14% used [0x00000000a1a00000,0x00000000a2305c68,0x00000000a5a00000)
 Metaspace       used 10987K, capacity 11193K, committed 11392K, reserved 1058816K
  class space    used 955K, capacity 1037K, committed 1152K, reserved 1048576K

Card table byte_map: [0x0000000011b10000,0x0000000011e10000] byte_map_base: 0x0000000011603000

Marking Bits: (ParMarkBitMap*) 0x0000000076bbd850
 Begin Bits: [0x0000000012410000, 0x0000000013ba8000)
 End Bits:   [0x0000000013ba8000, 0x0000000015340000)

Polling page: 0x00000000009e0000

CodeCache: size=245760Kb used=3734Kb max_used=3745Kb free=242025Kb
 bounds [0x0000000002750000, 0x0000000002b00000, 0x0000000011750000]
 total_blobs=1828 nmethods=956 adapters=785
 compilation: enabled

Compilation events (10 events):
Event: 1.581 Thread 0x0000000015fe6800 nmethod 941 0x0000000002ad2390 code [0x0000000002ad24c0, 0x0000000002ad2578]
Event: 1.581 Thread 0x0000000015fe1000 nmethod 940 0x0000000002ad0750 code [0x0000000002ad08a0, 0x0000000002ad0978]
Event: 1.589 Thread 0x0000000015feb800 nmethod 942% 0x0000000002ae3a50 code [0x0000000002ae4480, 0x0000000002aea6a8]
Event: 1.589 Thread 0x0000000015fe6800  943       4       java.lang.ThreadLocal::get (38 bytes)
Event: 1.590 Thread 0x0000000015fe1000  944   !   4       org.lwjgl.system.MemoryAccess$MemoryAccessorUnsafe::setup (60 bytes)
Event: 1.592 Thread 0x0000000015fe6800 nmethod 943 0x0000000002ae20d0 code [0x0000000002ae2220, 0x0000000002ae2358]
Event: 1.592 Thread 0x0000000015fe6800  945       4       org.joml.MemUtil$MemUtilNIO::copy (129 bytes)
Event: 1.593 Thread 0x0000000015fe1000 nmethod 944 0x0000000002ae1c90 code [0x0000000002ae1de0, 0x0000000002ae1f78]
Event: 1.593 Thread 0x0000000015fe1000  946 %     4       src.GPlatform::main @ 502 (806 bytes)
Event: 1.593 Thread 0x0000000015fe6800 nmethod 945 0x0000000002ae1950 code [0x0000000002ae1a80, 0x0000000002ae1bb8]

GC Heap History (4 events):
Event: 1.276 GC heap before
{Heap before GC invocations=1 (full 0):
 PSYoungGen      total 28672K, used 24576K [0x00000000e0900000, 0x00000000e2900000, 0x0000000100000000)
  eden space 24576K, 100% used [0x00000000e0900000,0x00000000e2100000,0x00000000e2100000)
  from space 4096K, 0% used [0x00000000e2500000,0x00000000e2500000,0x00000000e2900000)
  to   space 4096K, 0% used [0x00000000e2100000,0x00000000e2100000,0x00000000e2500000)
 ParOldGen       total 65536K, used 0K [0x00000000a1a00000, 0x00000000a5a00000, 0x00000000e0900000)
  object space 65536K, 0% used [0x00000000a1a00000,0x00000000a1a00000,0x00000000a5a00000)
 Metaspace       used 10766K, capacity 10999K, committed 11136K, reserved 1058816K
  class space    used 942K, capacity 1036K, committed 1152K, reserved 1048576K
Event: 1.284 GC heap after
Heap after GC invocations=1 (full 0):
 PSYoungGen      total 28672K, used 4081K [0x00000000e0900000, 0x00000000e2900000, 0x0000000100000000)
  eden space 24576K, 0% used [0x00000000e0900000,0x00000000e0900000,0x00000000e2100000)
  from space 4096K, 99% used [0x00000000e2100000,0x00000000e24fc5b0,0x00000000e2500000)
  to   space 4096K, 0% used [0x00000000e2500000,0x00000000e2500000,0x00000000e2900000)
 ParOldGen       total 65536K, used 9159K [0x00000000a1a00000, 0x00000000a5a00000, 0x00000000e0900000)
  object space 65536K, 13% used [0x00000000a1a00000,0x00000000a22f1c68,0x00000000a5a00000)
 Metaspace       used 10766K, capacity 10999K, committed 11136K, reserved 1058816K
  class space    used 942K, capacity 1036K, committed 1152K, reserved 1048576K
}
Event: 1.573 GC heap before
{Heap before GC invocations=2 (full 0):
 PSYoungGen      total 28672K, used 28657K [0x00000000e0900000, 0x00000000e2900000, 0x0000000100000000)
  eden space 24576K, 100% used [0x00000000e0900000,0x00000000e2100000,0x00000000e2100000)
  from space 4096K, 99% used [0x00000000e2100000,0x00000000e24fc5b0,0x00000000e2500000)
  to   space 4096K, 0% used [0x00000000e2500000,0x00000000e2500000,0x00000000e2900000)
 ParOldGen       total 65536K, used 9159K [0x00000000a1a00000, 0x00000000a5a00000, 0x00000000e0900000)
  object space 65536K, 13% used [0x00000000a1a00000,0x00000000a22f1c68,0x00000000a5a00000)
 Metaspace       used 10986K, capacity 11193K, committed 11392K, reserved 1058816K
  class space    used 955K, capacity 1037K, committed 1152K, reserved 1048576K
Event: 1.577 GC heap after
Heap after GC invocations=2 (full 0):
 PSYoungGen      total 28672K, used 4064K [0x00000000e0900000, 0x00000000e2900000, 0x0000000100000000)
  eden space 24576K, 0% used [0x00000000e0900000,0x00000000e0900000,0x00000000e2100000)
  from space 4096K, 99% used [0x00000000e2500000,0x00000000e28f82e0,0x00000000e2900000)
  to   space 4096K, 0% used [0x00000000e2100000,0x00000000e2100000,0x00000000e2500000)
 ParOldGen       total 65536K, used 9239K [0x00000000a1a00000, 0x00000000a5a00000, 0x00000000e0900000)
  object space 65536K, 14% used [0x00000000a1a00000,0x00000000a2305c68,0x00000000a5a00000)
 Metaspace       used 10986K, capacity 11193K, committed 11392K, reserved 1058816K
  class space    used 955K, capacity 1037K, committed 1152K, reserved 1048576K
}

Deoptimization events (6 events):
Event: 0.119 Thread 0x0000000002655000 Uncommon trap: reason=unstable_if action=reinterpret pc=0x0000000002852df8 method=java.lang.String.hashCode()I @ 14
Event: 0.242 Thread 0x0000000002655000 Uncommon trap: reason=unstable_if action=reinterpret pc=0x00000000028e3b1c method=java.lang.String.indexOf([CII[CIII)I @ 134
Event: 1.367 Thread 0x0000000002655000 Uncommon trap: reason=unstable_if action=reinterpret pc=0x0000000002a71180 method=render.Texture.<init>(Ljava/lang/String;)V @ 206
Event: 1.418 Thread 0x0000000002655000 Uncommon trap: reason=unstable_if action=reinterpret pc=0x0000000002a6f9bc method=java.awt.image.ComponentColorModel.getRGB(Ljava/lang/Object;)I @ 4
Event: 1.454 Thread 0x0000000002655000 Uncommon trap: reason=unstable_if action=reinterpret pc=0x0000000002a8f228 method=java.awt.image.BufferedImage.getRGB(IIII[III)[I @ 163
Event: 1.572 Thread 0x0000000002655000 Uncommon trap: reason=unstable_if action=reinterpret pc=0x0000000002ad1e14 method=src.GPlatform.main([Ljava/lang/String;)V @ 755

Internal exceptions (10 events):
Event: 0.190 Thread 0x0000000002655000 Exception <a 'java/lang/NoSuchMethodError': java.lang.Object.lambda$static$0(Ljava/lang/String;)Ljava/lang/Boolean;> (0x00000000e0b5d9b0) thrown at [C:\re\workspace\8-2-build-windows-amd64-cygwin\jdk8u144\9417\hotspot\src\share\vm\interpreter\linkResolver
Event: 0.207 Thread 0x0000000002655000 Exception <a 'java/lang/NoSuchFieldError': method resolution failed> (0x00000000e0bd57e8) thrown at [C:\re\workspace\8-2-build-windows-amd64-cygwin\jdk8u144\9417\hotspot\src\share\vm\prims\methodHandles.cpp, line 1146]
Event: 0.209 Thread 0x0000000002655000 Exception <a 'java/lang/NoSuchFieldError': method resolution failed> (0x00000000e0be2be8) thrown at [C:\re\workspace\8-2-build-windows-amd64-cygwin\jdk8u144\9417\hotspot\src\share\vm\prims\methodHandles.cpp, line 1146]
Event: 0.270 Thread 0x0000000002655000 Exception <a 'java/security/PrivilegedActionException'> (0x00000000e0d60af8) thrown at [C:\re\workspace\8-2-build-windows-amd64-cygwin\jdk8u144\9417\hotspot\src\share\vm\prims\jvm.cpp, line 1390]
Event: 0.270 Thread 0x0000000002655000 Exception <a 'java/security/PrivilegedActionException'> (0x00000000e0d60d08) thrown at [C:\re\workspace\8-2-build-windows-amd64-cygwin\jdk8u144\9417\hotspot\src\share\vm\prims\jvm.cpp, line 1390]
Event: 0.270 Thread 0x0000000002655000 Exception <a 'java/security/PrivilegedActionException'> (0x00000000e0d64b60) thrown at [C:\re\workspace\8-2-build-windows-amd64-cygwin\jdk8u144\9417\hotspot\src\share\vm\prims\jvm.cpp, line 1390]
Event: 0.270 Thread 0x0000000002655000 Exception <a 'java/security/PrivilegedActionException'> (0x00000000e0d64d70) thrown at [C:\re\workspace\8-2-build-windows-amd64-cygwin\jdk8u144\9417\hotspot\src\share\vm\prims\jvm.cpp, line 1390]
Event: 0.748 Thread 0x0000000002655000 Exception <a 'sun/nio/fs/WindowsException'> (0x00000000e102d8c0) thrown at [C:\re\workspace\8-2-build-windows-amd64-cygwin\jdk8u144\9417\hotspot\src\share\vm\prims\jni.cpp, line 709]
Event: 0.749 Thread 0x0000000002655000 Exception <a 'sun/nio/fs/WindowsException'> (0x00000000e102e0a8) thrown at [C:\re\workspace\8-2-build-windows-amd64-cygwin\jdk8u144\9417\hotspot\src\share\vm\prims\jni.cpp, line 709]
Event: 1.161 Thread 0x0000000002655000 Exception <a 'java/io/FileNotFoundException'> (0x00000000e1a49848) thrown at [C:\re\workspace\8-2-build-windows-amd64-cygwin\jdk8u144\9417\hotspot\src\share\vm\prims\jni.cpp, line 709]

Events (10 events):
Event: 1.454 Thread 0x0000000002655000 DEOPT UNPACKING pc=0x000000000279582a sp=0x000000000264f0d8 mode 2
Event: 1.455 loading class io/Timer
Event: 1.455 loading class io/Timer done
Event: 1.572 Thread 0x0000000002655000 DEOPT PACKING pc=0x0000000002a99765 sp=0x000000000264f170
Event: 1.572 Thread 0x0000000002655000 DEOPT UNPACKING pc=0x000000000279787f sp=0x000000000264f118 mode 0
Event: 1.572 Thread 0x0000000002655000 Uncommon trap: trap_request=0xffffff65 fr.pc=0x0000000002ad1e14
Event: 1.572 Thread 0x0000000002655000 DEOPT PACKING pc=0x0000000002ad1e14 sp=0x000000000264f460
Event: 1.572 Thread 0x0000000002655000 DEOPT UNPACKING pc=0x000000000279582a sp=0x000000000264f3a8 mode 2
Event: 1.573 Executing VM operation: ParallelGCFailedAllocation
Event: 1.577 Executing VM operation: ParallelGCFailedAllocation done


Dynamic libraries:
0x00007ff6e4670000 - 0x00007ff6e46a7000 	C:\Program Files\Java\jre1.8.0_144\bin\javaw.exe
0x00007ff8734f0000 - 0x00007ff8736c2000 	C:\windows\SYSTEM32\ntdll.dll
0x00007ff871470000 - 0x00007ff87151c000 	C:\windows\System32\KERNEL32.DLL
0x00007ff870470000 - 0x00007ff87068d000 	C:\windows\System32\KERNELBASE.dll
0x0000000077430000 - 0x00000000774e3000 	C:\Program Files\Bitdefender\Bitdefender 2017\Active Virus Control\Avc3_00162_026\avcuf64.dll
0x00007ff8716f0000 - 0x00007ff871792000 	C:\windows\System32\ADVAPI32.dll
0x00007ff873420000 - 0x00007ff8734be000 	C:\windows\System32\msvcrt.dll
0x00007ff870a80000 - 0x00007ff870ad9000 	C:\windows\System32\sechost.dll
0x00007ff871820000 - 0x00007ff871941000 	C:\windows\System32\RPCRT4.dll
0x00007ff871580000 - 0x00007ff8716e5000 	C:\windows\System32\USER32.dll
0x00007ff86f9f0000 - 0x00007ff86fa0e000 	C:\windows\System32\win32u.dll
0x00007ff8732a0000 - 0x00007ff8732d4000 	C:\windows\System32\GDI32.dll
0x00007ff8702a0000 - 0x00007ff870420000 	C:\windows\System32\gdi32full.dll
0x00007ff862b80000 - 0x00007ff862dfa000 	C:\windows\WinSxS\amd64_microsoft.windows.common-controls_6595b64144ccf1df_6.0.14393.953_none_42151e83c686086b\COMCTL32.dll
0x00007ff870ae0000 - 0x00007ff870da8000 	C:\windows\System32\combase.dll
0x00007ff8701a0000 - 0x00007ff870295000 	C:\windows\System32\ucrtbase.dll
0x00007ff870840000 - 0x00007ff8708aa000 	C:\windows\System32\bcryptPrimitives.dll
0x00007ff8734c0000 - 0x00007ff8734ee000 	C:\windows\System32\IMM32.DLL
0x0000000075f40000 - 0x0000000076012000 	C:\Program Files\Java\jre1.8.0_144\bin\msvcr100.dll
0x00000000763a0000 - 0x0000000076c3d000 	C:\Program Files\Java\jre1.8.0_144\bin\server\jvm.dll
0x00007ff871260000 - 0x00007ff871268000 	C:\windows\System32\PSAPI.DLL
0x00007ff86d700000 - 0x00007ff86d709000 	C:\windows\SYSTEM32\WSOCK32.dll
0x00007ff871400000 - 0x00007ff87146a000 	C:\windows\System32\WS2_32.dll
0x00007ff86dcc0000 - 0x00007ff86dce3000 	C:\windows\SYSTEM32\WINMM.dll
0x00007ff86a1f0000 - 0x00007ff86a1fa000 	C:\windows\SYSTEM32\VERSION.dll
0x00007ff86dc90000 - 0x00007ff86dcbb000 	C:\windows\SYSTEM32\WINMMBASE.dll
0x00007ff870420000 - 0x00007ff870462000 	C:\windows\System32\cfgmgr32.dll
0x00000000762b0000 - 0x00000000762bf000 	C:\Program Files\Java\jre1.8.0_144\bin\verify.dll
0x0000000076280000 - 0x00000000762a9000 	C:\Program Files\Java\jre1.8.0_144\bin\java.dll
0x0000000076260000 - 0x0000000076276000 	C:\Program Files\Java\jre1.8.0_144\bin\zip.dll
0x00007ff871960000 - 0x00007ff872e68000 	C:\windows\System32\SHELL32.dll
0x00007ff86fac0000 - 0x00007ff870198000 	C:\windows\System32\windows.storage.dll
0x00007ff86f990000 - 0x00007ff86f9dc000 	C:\windows\System32\powrprof.dll
0x00007ff8713a0000 - 0x00007ff8713f2000 	C:\windows\System32\shlwapi.dll
0x00007ff86f9e0000 - 0x00007ff86f9ef000 	C:\windows\System32\kernel.appcore.dll
0x00007ff86fa10000 - 0x00007ff86fab9000 	C:\windows\System32\shcore.dll
0x00007ff86f960000 - 0x00007ff86f974000 	C:\windows\System32\profapi.dll
0x0000000076240000 - 0x000000007625a000 	C:\Program Files\Java\jre1.8.0_144\bin\net.dll
0x00007ff86f230000 - 0x00007ff86f28c000 	C:\windows\system32\mswsock.dll
0x0000000076220000 - 0x0000000076231000 	C:\Program Files\Java\jre1.8.0_144\bin\nio.dll
0x00007ff857d70000 - 0x00007ff857dc8000 	C:\Users\augus\AppData\Local\Temp\lwjglaugus\3.1.4-SNAPSHOT\lwjgl.dll
0x00007ff86ae30000 - 0x00007ff86ae7d000 	C:\Users\augus\AppData\Local\Temp\lwjglaugus\3.1.4-SNAPSHOT\glfw.dll
0x00007ff86e1c0000 - 0x00007ff86e255000 	C:\windows\system32\uxtheme.dll
0x00007ff857ca0000 - 0x00007ff857ce0000 	C:\windows\SYSTEM32\dinput8.dll
0x00007ff86c4d0000 - 0x00007ff86c4de000 	C:\windows\SYSTEM32\xinput1_4.dll
0x00007ff86e700000 - 0x00007ff86e728000 	C:\windows\SYSTEM32\DEVOBJ.dll
0x00007ff86dbd0000 - 0x00007ff86dbf6000 	C:\windows\SYSTEM32\dwmapi.dll
0x00007ff8710f0000 - 0x00007ff87124a000 	C:\windows\System32\MSCTF.dll
0x00007ff871270000 - 0x00007ff87132f000 	C:\windows\System32\OLEAUT32.dll
0x00007ff870690000 - 0x00007ff87072c000 	C:\windows\System32\msvcp_win.dll
0x00007ff8575e0000 - 0x00007ff857678000 	C:\Program Files\Common Files\microsoft shared\ink\tiptsf.dll
0x00007ff86e960000 - 0x00007ff86e96c000 	C:\windows\SYSTEM32\HID.DLL
0x00007ff872e70000 - 0x00007ff873299000 	C:\windows\System32\SETUPAPI.DLL
0x00007ff8707e0000 - 0x00007ff870835000 	C:\windows\System32\WINTRUST.dll
0x00007ff86f980000 - 0x00007ff86f990000 	C:\windows\System32\MSASN1.dll
0x00007ff8708b0000 - 0x00007ff870a79000 	C:\windows\System32\CRYPT32.dll
0x00007ff854d10000 - 0x00007ff854e33000 	C:\windows\SYSTEM32\opengl32.dll
0x00007ff854ce0000 - 0x00007ff854d0d000 	C:\windows\SYSTEM32\GLU32.dll
0x00007ff8512a0000 - 0x00007ff851397000 	C:\windows\SYSTEM32\DDRAW.dll
0x00007ff8550c0000 - 0x00007ff8550c8000 	C:\windows\SYSTEM32\DCIMAN32.dll
0x00007ff840af0000 - 0x00007ff84183a000 	C:\windows\System32\DriverStore\FileRepository\119748.inf_amd64_8e3972f5c88264c0\ig9icd64.dll
0x00007ff86d9b0000 - 0x00007ff86d9c3000 	C:\windows\SYSTEM32\WTSAPI32.dll
0x00007ff866ec0000 - 0x00007ff86801d000 	C:\windows\System32\DriverStore\FileRepository\119748.inf_amd64_8e3972f5c88264c0\igc64.dll
0x00007ff856f60000 - 0x00007ff856fbf000 	C:\Users\augus\AppData\Local\Temp\lwjglaugus\3.1.4-SNAPSHOT\lwjgl_opengl.dll
0x0000000075da0000 - 0x0000000075f38000 	C:\Program Files\Java\jre1.8.0_144\bin\awt.dll
0x00007ff86dfe0000 - 0x00007ff86e05a000 	C:\windows\SYSTEM32\apphelp.dll
0x0000000075d60000 - 0x0000000075d91000 	C:\Program Files\Java\jre1.8.0_144\bin\jpeg.dll
0x00007ff870db0000 - 0x00007ff870e4f000 	C:\windows\System32\clbcatq.dll
0x00007ff842600000 - 0x00007ff8427aa000 	C:\Windows\System32\uiautomationcore.dll
0x00007ff86f0b0000 - 0x00007ff86f0cf000 	C:\Windows\System32\USERENV.dll
0x00007ff86f7a0000 - 0x00007ff86f838000 	C:\windows\SYSTEM32\sxs.dll
0x00007ff8613b0000 - 0x00007ff861415000 	C:\Windows\System32\OLEACC.dll
0x00007ff8732e0000 - 0x00007ff873418000 	C:\windows\System32\ole32.dll
0x00007ff86a320000 - 0x00007ff86a4b2000 	C:\windows\SYSTEM32\dbghelp.dll
0x00007ff864c20000 - 0x00007ff864c49000 	C:\windows\SYSTEM32\dbgcore.DLL

VM Arguments:
jvm_args: -Dfile.encoding=Cp1252 
java_command: src.GPlatform
java_class_path (initial): C:\Program Files\Java\jre1.8.0_144\lib\resources.jar;C:\Program Files\Java\jre1.8.0_144\lib\rt.jar;C:\Program Files\Java\jre1.8.0_144\lib\jsse.jar;C:\Program Files\Java\jre1.8.0_144\lib\jce.jar;C:\Program Files\Java\jre1.8.0_144\lib\charsets.jar;C:\Program Files\Java\jre1.8.0_144\lib\jfr.jar;C:\Program Files\Java\jre1.8.0_144\lib\ext\access-bridge-64.jar;C:\Program Files\Java\jre1.8.0_144\lib\ext\cldrdata.jar;C:\Program Files\Java\jre1.8.0_144\lib\ext\dnsns.jar;C:\Program Files\Java\jre1.8.0_144\lib\ext\jaccess.jar;C:\Program Files\Java\jre1.8.0_144\lib\ext\jfxrt.jar;C:\Program Files\Java\jre1.8.0_144\lib\ext\localedata.jar;C:\Program Files\Java\jre1.8.0_144\lib\ext\nashorn.jar;C:\Program Files\Java\jre1.8.0_144\lib\ext\sunec.jar;C:\Program Files\Java\jre1.8.0_144\lib\ext\sunjce_provider.jar;C:\Program Files\Java\jre1.8.0_144\lib\ext\sunmscapi.jar;C:\Program Files\Java\jre1.8.0_144\lib\ext\sunpkcs11.jar;C:\Program Files\Java\jre1.8.0_144\lib\ext\zipfs.jar;C:\Users\augus\Documents\GitHub\groupProject\ArcadeProject\bin;C:\Users\augus\Documents\LWJGL-3.1.4_built_1\joml-1.9.4.jar;C:\Users\augus\Documents\LWJGL-3.1.4_built_1\joml-1.9.4-javadoc.jar;C:\Users\augus\Documents\LWJGL-3.1.4_built_1\joml-1.9.4-sources.jar;C:\Users\augus\Documents\LWJGL-3.1.4_built_1\lwjgl.jar;C:\Users\augus\Documents\LWJGL-3.1.4_built_1\lwjgl-assimp.jar;C:\Users\augus\Documents\LWJGL-3.1.4_built_1\lwjgl-assimp-javadoc.jar;C:\Users\augus\Documents\LWJGL-3.1.4_built_1\lwjgl-assimp-natives-windows.jar;C:\Users\augus\Documents\LWJGL-3.1.4_built_1\lwjgl-assimp-sources.jar;C:\Users\augus\Documents\LWJGL-3.1.4_built_1\lwjgl-bgfx.jar;C:\Users\augus\Documents\LWJGL-3.1.4_built_1\lwjgl-bgfx-javadoc.jar;C:\Users\augus\Documents\LWJGL-3.1.4_built_1\lwjgl-bgfx-natives-windows.jar;C:\Users\augus\Documents\LWJGL-3.1.4_built_1\lwjgl-bgfx-sources.jar;C:\Users\augus\Documents\LWJGL-3.1.4_built_1\lwjgl-egl.jar;C:\Users\augus\Documents\LWJGL-3.1.4_built_1\lwjgl-egl-javadoc.jar;C:\Users\
Launcher Type: SUN_STANDARD

Environment Variables:
PATH=C:/Program Files/Java/jre1.8.0_144/bin/server;C:/Program Files/Java/jre1.8.0_144/bin;C:/Program Files/Java/jre1.8.0_144/lib/amd64;C:\Program Files\Microsoft MPI\Bin\;C:\ProgramData\Oracle\Java\javapath;C:\Program Files (x86)\Intel\iCLS Client\;C:\Program Files\Intel\iCLS Client\;C:\windows\system32;C:\windows;C:\windows\System32\Wbem;C:\windows\System32\WindowsPowerShell\v1.0\;C:\Program Files (x86)\Intel\Intel(R) Management Engine Components\DAL;C:\Program Files\Intel\Intel(R) Management Engine Components\DAL;C:\Program Files (x86)\Intel\Intel(R) Management Engine Components\IPT;C:\Program Files\Intel\Intel(R) Management Engine Components\IPT;C:\Program Files (x86)\Skype\Phone\;C:\Program Files\PuTTY\;C:\Program Files (x86)\GtkSharp\2.12\bin;C:\Program Files\Microsoft SQL Server\130\Tools\Binn\;C:\Users\augus\AppData\Local\Microsoft\WindowsApps;C:\Users\augus\AppData\Local\GitHubDesktop\bin;C:\Users\augus\AppData\Local\Programs\Git\cmd;C:\Users\augus\Documents\eclipse;
USERNAME=augus
OS=Windows_NT
PROCESSOR_IDENTIFIER=Intel64 Family 6 Model 78 Stepping 3, GenuineIntel



---------------  S Y S T E M  ---------------

OS: Windows 10.0 , 64 bit Build 14393 (10.0.14393.1198)

CPU:total 4 (initial active 4) (2 cores per cpu, 2 threads per core) family 6 model 78 stepping 3, cmov, cx8, fxsr, mmx, sse, sse2, sse3, ssse3, sse4.1, sse4.2, popcnt, avx, avx2, aes, clmul, erms, rtm, 3dnowpref, lzcnt, ht, tsc, tscinvbit, bmi1, bmi2, adx

Memory: 4k page, physical 6179744k(2011260k free), swap 7162784k(2519872k free)

vm_info: Java HotSpot(TM) 64-Bit Server VM (25.144-b01) for windows-amd64 JRE (1.8.0_144-b01), built on Jul 21 2017 21:57:33 by "java_re" with MS VC++ 10.0 (VS2010)

time: Tue Oct 24 13:47:54 2017
elapsed time: 1 seconds (0d 0h 0m 1s)

