#
# A fatal error has been detected by the Java Runtime Environment:
#
#  EXCEPTION_ACCESS_VIOLATION (0xc0000005) at pc=0x00007ff856f7268d, pid=4028, tid=0x0000000000001b9c
#
# JRE version: Java(TM) SE Runtime Environment (8.0_144-b01) (build 1.8.0_144-b01)
# Java VM: Java HotSpot(TM) 64-Bit Server VM (25.144-b01 mixed mode windows-amd64 compressed oops)
# Problematic frame:
# C  [lwjgl_opengl.dll+0x1268d]
#
# Failed to write core dump. Minidumps are not enabled by default on client versions of Windows
#
# If you would like to submit a bug report, please visit:
#   http://bugreport.java.com/bugreport/crash.jsp
# The crash happened outside the Java Virtual Machine in native code.
# See problematic frame for where to report the bug.
#

---------------  T H R E A D  ---------------

Current thread (0x0000000016360000):  JavaThread "Finalizer" daemon [_thread_in_native, id=7068, stack(0x00000000175f0000,0x00000000176f0000)]

siginfo: ExceptionCode=0xc0000005, reading address 0x0000000000000948

Registers:
RAX=0x0000000076b41d50, RBX=0x0000000015f60ef8, RCX=0x0000000000000001, RDX=0x0000000018addf9c
RSP=0x00000000176ef008, RBP=0x00000000176ef088, RSI=0x00000000000004b8, RDI=0x0000000002ae835d
R8 =0x0000000000000001, R9 =0x0000000018addf9c, R10=0x0000000000000000, R11=0x00000000765cbc50
R12=0x0000000000000000, R13=0x0000000015f60ef8, R14=0x00000000176ef0b8, R15=0x0000000016360000
RIP=0x00007ff856f7268d, EFLAGS=0x0000000000010206

Top of Stack: (sp=0x00000000176ef008)
0x00000000176ef008:   0000000002af7f74 0000000002ae835d
0x00000000176ef018:   0000000002af7ceb 0000000016360000
0x00000000176ef028:   0000000015f60ef8 00000000000004b8
0x00000000176ef038:   0000000016360000 0000000002af7ca2
0x00000000176ef048:   00000000176ef048 0000000015f60ef8
0x00000000176ef058:   00000000176ef0b8 0000000015f66428
0x00000000176ef068:   0000000000000000 0000000015f60ef8
0x00000000176ef078:   0000000000000000 00000000176ef0a8
0x00000000176ef088:   00000000176ef100 0000000002ae835d
0x00000000176ef098:   00000000e25265f0 0000000002af19d8
0x00000000176ef0a8:   0000000018addf9c 00000000e097afa0
0x00000000176ef0b8:   0000000000000001 00000000176ef0c0
0x00000000176ef0c8:   0000000015f6106c 00000000176ef130
0x00000000176ef0d8:   0000000015f66428 0000000000000000
0x00000000176ef0e8:   0000000015f610e0 00000000176ef0a8
0x00000000176ef0f8:   00000000176ef130 00000000176ef178 

Instructions: (pc=0x00007ff856f7268d)
0x00007ff856f7266d:   49 ff a2 e8 00 00 00 cc cc cc cc cc cc cc cc cc
0x00007ff856f7267d:   cc cc cc 48 8b 01 49 8b d1 41 8b c8 4c 8b 50 18
0x00007ff856f7268d:   49 ff a2 48 09 00 00 cc cc cc cc cc cc cc cc cc
0x00007ff856f7269d:   cc cc cc 48 8b 01 49 8b d1 41 8b c8 4c 8b 50 18 


Register to memory mapping:

RAX=0x0000000076b41d50 is an unknown value
RBX={method} {0x0000000015f60f00} 'nglDeleteBuffers' '(IJ)V' in 'org/lwjgl/opengl/GL15'
RCX=0x0000000000000001 is an unknown value
RDX=0x0000000018addf9c is an unknown value
RSP=0x00000000176ef008 is pointing into the stack for thread: 0x0000000016360000
RBP=0x00000000176ef088 is pointing into the stack for thread: 0x0000000016360000
RSI=0x00000000000004b8 is an unknown value
RDI=0x0000000002ae835d is at code_begin+2301 in an Interpreter codelet
invoke return entry points  [0x0000000002ae7a60, 0x0000000002ae8440]  2528 bytes
R8 =0x0000000000000001 is an unknown value
R9 =0x0000000018addf9c is an unknown value
R10=0x0000000000000000 is an unknown value
R11=0x00000000765cbc50 is an unknown value
R12=0x0000000000000000 is an unknown value
R13={method} {0x0000000015f60f00} 'nglDeleteBuffers' '(IJ)V' in 'org/lwjgl/opengl/GL15'
R14=0x00000000176ef0b8 is pointing into the stack for thread: 0x0000000016360000
R15=0x0000000016360000 is a thread


Stack: [0x00000000175f0000,0x00000000176f0000],  sp=0x00000000176ef008,  free space=1020k
Native frames: (J=compiled Java code, j=interpreted, Vv=VM code, C=native code)
C  [lwjgl_opengl.dll+0x1268d]

Java frames: (J=compiled Java code, j=interpreted, Vv=VM code)
j  org.lwjgl.opengl.GL15.nglDeleteBuffers(IJ)V+0
j  org.lwjgl.opengl.GL15.glDeleteBuffers(I)V+20
j  render.Model.finalize()V+4
J 733 C1 java.lang.ref.Finalizer.runFinalizer(Lsun/misc/JavaLangAccess;)V (62 bytes) @ 0x0000000002de74cc [0x0000000002de6f40+0x58c]
J 732 C1 java.lang.ref.Finalizer.access$100(Ljava/lang/ref/Finalizer;Lsun/misc/JavaLangAccess;)V (6 bytes) @ 0x0000000002de445c [0x0000000002de4400+0x5c]
j  java.lang.ref.Finalizer$FinalizerThread.run()V+45
v  ~StubRoutines::call_stub

---------------  P R O C E S S  ---------------

Java Threads: ( => current thread )
  0x0000000017e41000 JavaThread "Java2D Disposer" daemon [_thread_blocked, id=5320, stack(0x000000001ed50000,0x000000001ee50000)]
  0x0000000017d0b800 JavaThread "Service Thread" daemon [_thread_blocked, id=4520, stack(0x00000000180e0000,0x00000000181e0000)]
  0x000000001637a000 JavaThread "C1 CompilerThread2" daemon [_thread_blocked, id=10124, stack(0x0000000017be0000,0x0000000017ce0000)]
  0x0000000016376800 JavaThread "C2 CompilerThread1" daemon [_thread_blocked, id=3552, stack(0x0000000017ae0000,0x0000000017be0000)]
  0x0000000016371800 JavaThread "C2 CompilerThread0" daemon [_thread_in_native, id=6780, stack(0x00000000179e0000,0x0000000017ae0000)]
  0x0000000016370000 JavaThread "Attach Listener" daemon [_thread_blocked, id=3828, stack(0x00000000178e0000,0x00000000179e0000)]
  0x000000001636f000 JavaThread "Signal Dispatcher" daemon [_thread_blocked, id=7572, stack(0x00000000177e0000,0x00000000178e0000)]
=>0x0000000016360000 JavaThread "Finalizer" daemon [_thread_in_native, id=7068, stack(0x00000000175f0000,0x00000000176f0000)]
  0x0000000002ad5000 JavaThread "Reference Handler" daemon [_thread_blocked, id=7008, stack(0x00000000174f0000,0x00000000175f0000)]
  0x00000000029e5000 JavaThread "main" [_thread_in_Java, id=9792, stack(0x00000000028e0000,0x00000000029e0000)]

Other Threads:
  0x0000000016338000 VMThread [stack: 0x00000000173f0000,0x00000000174f0000] [id=9884]
  0x0000000017d68000 WatcherThread [stack: 0x00000000181e0000,0x00000000182e0000] [id=8640]

VM state:not at safepoint (normal execution)

VM Mutex/Monitor currently owned by a thread: None

Heap:
 PSYoungGen      total 28672K, used 5287K [0x00000000e0900000, 0x00000000e4100000, 0x0000000100000000)
  eden space 24576K, 12% used [0x00000000e0900000,0x00000000e0be14d0,0x00000000e2100000)
  from space 4096K, 57% used [0x00000000e2500000,0x00000000e2748880,0x00000000e2900000)
  to   space 4096K, 0% used [0x00000000e2100000,0x00000000e2100000,0x00000000e2500000)
 ParOldGen       total 65536K, used 9309K [0x00000000a1a00000, 0x00000000a5a00000, 0x00000000e0900000)
  object space 65536K, 14% used [0x00000000a1a00000,0x00000000a2317580,0x00000000a5a00000)
 Metaspace       used 10986K, capacity 11193K, committed 11392K, reserved 1058816K
  class space    used 955K, capacity 1037K, committed 1152K, reserved 1048576K

Card table byte_map: [0x0000000011ea0000,0x00000000121a0000] byte_map_base: 0x0000000011993000

Marking Bits: (ParMarkBitMap*) 0x0000000076bbd850
 Begin Bits: [0x00000000127a0000, 0x0000000013f38000)
 End Bits:   [0x0000000013f38000, 0x00000000156d0000)

Polling page: 0x0000000000f10000

CodeCache: size=245760Kb used=3646Kb max_used=3658Kb free=242113Kb
 bounds [0x0000000002ae0000, 0x0000000002e80000, 0x0000000011ae0000]
 total_blobs=1834 nmethods=962 adapters=785
 compilation: enabled

Compilation events (10 events):
Event: 1.344 Thread 0x000000001637a000  938       3       java.util.concurrent.atomic.AtomicLong::decrementAndGet (16 bytes)
Event: 1.345 Thread 0x000000001637a000 nmethod 938 0x0000000002e5de10 code [0x0000000002e5df60, 0x0000000002e5e0d0]
Event: 1.345 Thread 0x000000001637a000  942       1       java.util.concurrent.atomic.AtomicLong::addAndGet (14 bytes)
Event: 1.346 Thread 0x000000001637a000 nmethod 942 0x0000000002e5db50 code [0x0000000002e5dca0, 0x0000000002e5ddb0]
Event: 1.346 Thread 0x000000001637a000  941       3       java.nio.Bits::unreserveMemory (63 bytes)
Event: 1.347 Thread 0x000000001637a000 nmethod 941 0x0000000002e62510 code [0x0000000002e62680, 0x0000000002e62ad0]
Event: 1.347 Thread 0x000000001637a000  939  s    3       sun.misc.Cleaner::remove (89 bytes)
Event: 1.348 Thread 0x0000000016371800 nmethod 935 0x0000000002e5d650 code [0x0000000002e5d7a0, 0x0000000002e5d958]
Event: 1.348 Thread 0x0000000016376800 nmethod 940 0x0000000002e622d0 code [0x0000000002e62400, 0x0000000002e62498]
Event: 1.348 Thread 0x000000001637a000 nmethod 939 0x0000000002e61b50 code [0x0000000002e61cc0, 0x0000000002e621b0]

GC Heap History (4 events):
Event: 1.003 GC heap before
{Heap before GC invocations=1 (full 0):
 PSYoungGen      total 28672K, used 24576K [0x00000000e0900000, 0x00000000e2900000, 0x0000000100000000)
  eden space 24576K, 100% used [0x00000000e0900000,0x00000000e2100000,0x00000000e2100000)
  from space 4096K, 0% used [0x00000000e2500000,0x00000000e2500000,0x00000000e2900000)
  to   space 4096K, 0% used [0x00000000e2100000,0x00000000e2100000,0x00000000e2500000)
 ParOldGen       total 65536K, used 0K [0x00000000a1a00000, 0x00000000a5a00000, 0x00000000e0900000)
  object space 65536K, 0% used [0x00000000a1a00000,0x00000000a1a00000,0x00000000a5a00000)
 Metaspace       used 10765K, capacity 10999K, committed 11136K, reserved 1058816K
  class space    used 941K, capacity 1036K, committed 1152K, reserved 1048576K
Event: 1.009 GC heap after
Heap after GC invocations=1 (full 0):
 PSYoungGen      total 28672K, used 4091K [0x00000000e0900000, 0x00000000e2900000, 0x0000000100000000)
  eden space 24576K, 0% used [0x00000000e0900000,0x00000000e0900000,0x00000000e2100000)
  from space 4096K, 99% used [0x00000000e2100000,0x00000000e24fee80,0x00000000e2500000)
  to   space 4096K, 0% used [0x00000000e2500000,0x00000000e2500000,0x00000000e2900000)
 ParOldGen       total 65536K, used 9301K [0x00000000a1a00000, 0x00000000a5a00000, 0x00000000e0900000)
  object space 65536K, 14% used [0x00000000a1a00000,0x00000000a2315580,0x00000000a5a00000)
 Metaspace       used 10765K, capacity 10999K, committed 11136K, reserved 1058816K
  class space    used 941K, capacity 1036K, committed 1152K, reserved 1048576K
}
Event: 1.333 GC heap before
{Heap before GC invocations=2 (full 0):
 PSYoungGen      total 28672K, used 28667K [0x00000000e0900000, 0x00000000e2900000, 0x0000000100000000)
  eden space 24576K, 100% used [0x00000000e0900000,0x00000000e2100000,0x00000000e2100000)
  from space 4096K, 99% used [0x00000000e2100000,0x00000000e24fee80,0x00000000e2500000)
  to   space 4096K, 0% used [0x00000000e2500000,0x00000000e2500000,0x00000000e2900000)
 ParOldGen       total 65536K, used 9301K [0x00000000a1a00000, 0x00000000a5a00000, 0x00000000e0900000)
  object space 65536K, 14% used [0x00000000a1a00000,0x00000000a2315580,0x00000000a5a00000)
 Metaspace       used 10984K, capacity 11193K, committed 11392K, reserved 1058816K
  class space    used 954K, capacity 1037K, committed 1152K, reserved 1048576K
Event: 1.342 GC heap after
Heap after GC invocations=2 (full 0):
 PSYoungGen      total 28672K, used 2338K [0x00000000e0900000, 0x00000000e4100000, 0x0000000100000000)
  eden space 24576K, 0% used [0x00000000e0900000,0x00000000e0900000,0x00000000e2100000)
  from space 4096K, 57% used [0x00000000e2500000,0x00000000e2748880,0x00000000e2900000)
  to   space 4096K, 0% used [0x00000000e2100000,0x00000000e2100000,0x00000000e2500000)
 ParOldGen       total 65536K, used 9309K [0x00000000a1a00000, 0x00000000a5a00000, 0x00000000e0900000)
  object space 65536K, 14% used [0x00000000a1a00000,0x00000000a2317580,0x00000000a5a00000)
 Metaspace       used 10984K, capacity 11193K, committed 11392K, reserved 1058816K
  class space    used 954K, capacity 1037K, committed 1152K, reserved 1048576K
}

Deoptimization events (5 events):
Event: 0.121 Thread 0x00000000029e5000 Uncommon trap: reason=unstable_if action=reinterpret pc=0x0000000002bf0cb8 method=java.lang.String.hashCode()I @ 14
Event: 0.229 Thread 0x00000000029e5000 Uncommon trap: reason=unstable_if action=reinterpret pc=0x0000000002c75a5c method=java.lang.String.indexOf([CII[CIII)I @ 134
Event: 1.095 Thread 0x00000000029e5000 Uncommon trap: reason=unstable_if action=reinterpret pc=0x0000000002dee1c0 method=render.Texture.<init>(Ljava/lang/String;)V @ 206
Event: 1.122 Thread 0x00000000029e5000 Uncommon trap: reason=unstable_if action=reinterpret pc=0x0000000002df403c method=java.awt.image.ComponentColorModel.getRGB(Ljava/lang/Object;)I @ 4
Event: 1.351 Thread 0x0000000016360000 Uncommon trap: reason=unstable_if action=reinterpret pc=0x0000000002e5feec method=java.lang.ThreadLocal.get()Ljava/lang/Object; @ 11

Internal exceptions (10 events):
Event: 0.197 Thread 0x00000000029e5000 Exception <a 'java/lang/NoSuchFieldError': method resolution failed> (0x00000000e0bd4e68) thrown at [C:\re\workspace\8-2-build-windows-amd64-cygwin\jdk8u144\9417\hotspot\src\share\vm\prims\methodHandles.cpp, line 1146]
Event: 0.199 Thread 0x00000000029e5000 Exception <a 'java/lang/NoSuchFieldError': method resolution failed> (0x00000000e0be2288) thrown at [C:\re\workspace\8-2-build-windows-amd64-cygwin\jdk8u144\9417\hotspot\src\share\vm\prims\methodHandles.cpp, line 1146]
Event: 0.259 Thread 0x00000000029e5000 Exception <a 'java/security/PrivilegedActionException'> (0x00000000e0d60558) thrown at [C:\re\workspace\8-2-build-windows-amd64-cygwin\jdk8u144\9417\hotspot\src\share\vm\prims\jvm.cpp, line 1390]
Event: 0.259 Thread 0x00000000029e5000 Exception <a 'java/security/PrivilegedActionException'> (0x00000000e0d60768) thrown at [C:\re\workspace\8-2-build-windows-amd64-cygwin\jdk8u144\9417\hotspot\src\share\vm\prims\jvm.cpp, line 1390]
Event: 0.260 Thread 0x00000000029e5000 Exception <a 'java/security/PrivilegedActionException'> (0x00000000e0d645c0) thrown at [C:\re\workspace\8-2-build-windows-amd64-cygwin\jdk8u144\9417\hotspot\src\share\vm\prims\jvm.cpp, line 1390]
Event: 0.260 Thread 0x00000000029e5000 Exception <a 'java/security/PrivilegedActionException'> (0x00000000e0d647d0) thrown at [C:\re\workspace\8-2-build-windows-amd64-cygwin\jdk8u144\9417\hotspot\src\share\vm\prims\jvm.cpp, line 1390]
Event: 0.516 Thread 0x00000000029e5000 Exception <a 'sun/nio/fs/WindowsException'> (0x00000000e102e470) thrown at [C:\re\workspace\8-2-build-windows-amd64-cygwin\jdk8u144\9417\hotspot\src\share\vm\prims\jni.cpp, line 709]
Event: 0.517 Thread 0x00000000029e5000 Exception <a 'sun/nio/fs/WindowsException'> (0x00000000e102ec58) thrown at [C:\re\workspace\8-2-build-windows-amd64-cygwin\jdk8u144\9417\hotspot\src\share\vm\prims\jni.cpp, line 709]
Event: 0.899 Thread 0x00000000029e5000 Exception <a 'java/io/FileNotFoundException'> (0x00000000e1a4b4e0) thrown at [C:\re\workspace\8-2-build-windows-amd64-cygwin\jdk8u144\9417\hotspot\src\share\vm\prims\jni.cpp, line 709]
Event: 1.351 Thread 0x0000000016360000 Implicit null exception at 0x0000000002e5fe1c to 0x0000000002e5fed5

Events (10 events):
Event: 1.257 Thread 0x00000000029e5000 DEOPT UNPACKING pc=0x0000000002b2787f sp=0x00000000029df1f8 mode 0
Event: 1.277 Thread 0x00000000029e5000 DEOPT PACKING pc=0x0000000002e1d563 sp=0x00000000029df280
Event: 1.277 Thread 0x00000000029e5000 DEOPT UNPACKING pc=0x0000000002b2787f sp=0x00000000029df1f8 mode 0
Event: 1.278 Thread 0x00000000029e5000 DEOPT PACKING pc=0x0000000002e1d535 sp=0x00000000029df280
Event: 1.278 Thread 0x00000000029e5000 DEOPT UNPACKING pc=0x0000000002b2787f sp=0x00000000029df1f8 mode 0
Event: 1.333 Executing VM operation: ParallelGCFailedAllocation
Event: 1.342 Executing VM operation: ParallelGCFailedAllocation done
Event: 1.351 Thread 0x0000000016360000 Uncommon trap: trap_request=0xffffff65 fr.pc=0x0000000002e5feec
Event: 1.351 Thread 0x0000000016360000 DEOPT PACKING pc=0x0000000002e5feec sp=0x00000000176ef020
Event: 1.351 Thread 0x0000000016360000 DEOPT UNPACKING pc=0x0000000002b2582a sp=0x00000000176eefc0 mode 2


Dynamic libraries:
0x00007ff6e4670000 - 0x00007ff6e46a7000 	C:\Program Files\Java\jre1.8.0_144\bin\javaw.exe
0x00007ff8734f0000 - 0x00007ff8736c2000 	C:\windows\SYSTEM32\ntdll.dll
0x00007ff871470000 - 0x00007ff87151c000 	C:\windows\System32\KERNEL32.DLL
0x00007ff870470000 - 0x00007ff87068d000 	C:\windows\System32\KERNELBASE.dll
0x0000000077430000 - 0x00000000774e3000 	C:\Program Files\Bitdefender\Bitdefender 2017\Active Virus Control\Avc3_00162_026\avcuf64.dll
0x00007ff8716f0000 - 0x00007ff871792000 	C:\windows\System32\ADVAPI32.dll
0x00007ff873420000 - 0x00007ff8734be000 	C:\windows\System32\msvcrt.dll
0x00007ff870a80000 - 0x00007ff870ad9000 	C:\windows\System32\sechost.dll
0x00007ff871820000 - 0x00007ff871941000 	C:\windows\System32\RPCRT4.dll
0x00007ff871580000 - 0x00007ff8716e5000 	C:\windows\System32\USER32.dll
0x00007ff86f9f0000 - 0x00007ff86fa0e000 	C:\windows\System32\win32u.dll
0x00007ff8732a0000 - 0x00007ff8732d4000 	C:\windows\System32\GDI32.dll
0x00007ff8702a0000 - 0x00007ff870420000 	C:\windows\System32\gdi32full.dll
0x00007ff862b80000 - 0x00007ff862dfa000 	C:\windows\WinSxS\amd64_microsoft.windows.common-controls_6595b64144ccf1df_6.0.14393.953_none_42151e83c686086b\COMCTL32.dll
0x00007ff870ae0000 - 0x00007ff870da8000 	C:\windows\System32\combase.dll
0x00007ff8701a0000 - 0x00007ff870295000 	C:\windows\System32\ucrtbase.dll
0x00007ff870840000 - 0x00007ff8708aa000 	C:\windows\System32\bcryptPrimitives.dll
0x00007ff8734c0000 - 0x00007ff8734ee000 	C:\windows\System32\IMM32.DLL
0x0000000075f40000 - 0x0000000076012000 	C:\Program Files\Java\jre1.8.0_144\bin\msvcr100.dll
0x00000000763a0000 - 0x0000000076c3d000 	C:\Program Files\Java\jre1.8.0_144\bin\server\jvm.dll
0x00007ff871260000 - 0x00007ff871268000 	C:\windows\System32\PSAPI.DLL
0x00007ff86d700000 - 0x00007ff86d709000 	C:\windows\SYSTEM32\WSOCK32.dll
0x00007ff871400000 - 0x00007ff87146a000 	C:\windows\System32\WS2_32.dll
0x00007ff86dcc0000 - 0x00007ff86dce3000 	C:\windows\SYSTEM32\WINMM.dll
0x00007ff86a1f0000 - 0x00007ff86a1fa000 	C:\windows\SYSTEM32\VERSION.dll
0x00007ff86dc90000 - 0x00007ff86dcbb000 	C:\windows\SYSTEM32\WINMMBASE.dll
0x00007ff870420000 - 0x00007ff870462000 	C:\windows\System32\cfgmgr32.dll
0x00000000762b0000 - 0x00000000762bf000 	C:\Program Files\Java\jre1.8.0_144\bin\verify.dll
0x0000000076280000 - 0x00000000762a9000 	C:\Program Files\Java\jre1.8.0_144\bin\java.dll
0x0000000076260000 - 0x0000000076276000 	C:\Program Files\Java\jre1.8.0_144\bin\zip.dll
0x00007ff871960000 - 0x00007ff872e68000 	C:\windows\System32\SHELL32.dll
0x00007ff86fac0000 - 0x00007ff870198000 	C:\windows\System32\windows.storage.dll
0x00007ff86f990000 - 0x00007ff86f9dc000 	C:\windows\System32\powrprof.dll
0x00007ff8713a0000 - 0x00007ff8713f2000 	C:\windows\System32\shlwapi.dll
0x00007ff86f9e0000 - 0x00007ff86f9ef000 	C:\windows\System32\kernel.appcore.dll
0x00007ff86fa10000 - 0x00007ff86fab9000 	C:\windows\System32\shcore.dll
0x00007ff86f960000 - 0x00007ff86f974000 	C:\windows\System32\profapi.dll
0x0000000076240000 - 0x000000007625a000 	C:\Program Files\Java\jre1.8.0_144\bin\net.dll
0x00007ff86f230000 - 0x00007ff86f28c000 	C:\windows\system32\mswsock.dll
0x0000000076220000 - 0x0000000076231000 	C:\Program Files\Java\jre1.8.0_144\bin\nio.dll
0x00007ff857d70000 - 0x00007ff857dc8000 	C:\Users\augus\AppData\Local\Temp\lwjglaugus\3.1.4-SNAPSHOT\lwjgl.dll
0x00007ff86ae30000 - 0x00007ff86ae7d000 	C:\Users\augus\AppData\Local\Temp\lwjglaugus\3.1.4-SNAPSHOT\glfw.dll
0x00007ff86e1c0000 - 0x00007ff86e255000 	C:\windows\system32\uxtheme.dll
0x00007ff857ca0000 - 0x00007ff857ce0000 	C:\windows\SYSTEM32\dinput8.dll
0x00007ff86c4d0000 - 0x00007ff86c4de000 	C:\windows\SYSTEM32\xinput1_4.dll
0x00007ff86e700000 - 0x00007ff86e728000 	C:\windows\SYSTEM32\DEVOBJ.dll
0x00007ff86dbd0000 - 0x00007ff86dbf6000 	C:\windows\SYSTEM32\dwmapi.dll
0x00007ff8710f0000 - 0x00007ff87124a000 	C:\windows\System32\MSCTF.dll
0x00007ff871270000 - 0x00007ff87132f000 	C:\windows\System32\OLEAUT32.dll
0x00007ff870690000 - 0x00007ff87072c000 	C:\windows\System32\msvcp_win.dll
0x00007ff8575e0000 - 0x00007ff857678000 	C:\Program Files\Common Files\microsoft shared\ink\tiptsf.dll
0x00007ff86e960000 - 0x00007ff86e96c000 	C:\windows\SYSTEM32\HID.DLL
0x00007ff872e70000 - 0x00007ff873299000 	C:\windows\System32\SETUPAPI.DLL
0x00007ff8707e0000 - 0x00007ff870835000 	C:\windows\System32\WINTRUST.dll
0x00007ff86f980000 - 0x00007ff86f990000 	C:\windows\System32\MSASN1.dll
0x00007ff8708b0000 - 0x00007ff870a79000 	C:\windows\System32\CRYPT32.dll
0x00007ff854d10000 - 0x00007ff854e33000 	C:\windows\SYSTEM32\opengl32.dll
0x00007ff854ce0000 - 0x00007ff854d0d000 	C:\windows\SYSTEM32\GLU32.dll
0x00007ff8512a0000 - 0x00007ff851397000 	C:\windows\SYSTEM32\DDRAW.dll
0x00007ff8550c0000 - 0x00007ff8550c8000 	C:\windows\SYSTEM32\DCIMAN32.dll
0x00007ff840af0000 - 0x00007ff84183a000 	C:\windows\System32\DriverStore\FileRepository\119748.inf_amd64_8e3972f5c88264c0\ig9icd64.dll
0x00007ff86d9b0000 - 0x00007ff86d9c3000 	C:\windows\SYSTEM32\WTSAPI32.dll
0x00007ff866ec0000 - 0x00007ff86801d000 	C:\windows\System32\DriverStore\FileRepository\119748.inf_amd64_8e3972f5c88264c0\igc64.dll
0x00007ff856f60000 - 0x00007ff856fbf000 	C:\Users\augus\AppData\Local\Temp\lwjglaugus\3.1.4-SNAPSHOT\lwjgl_opengl.dll
0x0000000075da0000 - 0x0000000075f38000 	C:\Program Files\Java\jre1.8.0_144\bin\awt.dll
0x00007ff86dfe0000 - 0x00007ff86e05a000 	C:\windows\SYSTEM32\apphelp.dll
0x0000000075d60000 - 0x0000000075d91000 	C:\Program Files\Java\jre1.8.0_144\bin\jpeg.dll
0x00007ff870db0000 - 0x00007ff870e4f000 	C:\windows\System32\clbcatq.dll
0x00007ff842600000 - 0x00007ff8427aa000 	C:\Windows\System32\uiautomationcore.dll
0x00007ff86f0b0000 - 0x00007ff86f0cf000 	C:\Windows\System32\USERENV.dll
0x00007ff86f7a0000 - 0x00007ff86f838000 	C:\windows\SYSTEM32\sxs.dll
0x00007ff8613b0000 - 0x00007ff861415000 	C:\Windows\System32\OLEACC.dll
0x00007ff8732e0000 - 0x00007ff873418000 	C:\windows\System32\ole32.dll
0x00007ff86a320000 - 0x00007ff86a4b2000 	C:\windows\SYSTEM32\dbghelp.dll
0x00007ff864c20000 - 0x00007ff864c49000 	C:\windows\SYSTEM32\dbgcore.DLL

VM Arguments:
jvm_args: -Dfile.encoding=Cp1252 
java_command: src.GPlatform
java_class_path (initial): C:\Program Files\Java\jre1.8.0_144\lib\resources.jar;C:\Program Files\Java\jre1.8.0_144\lib\rt.jar;C:\Program Files\Java\jre1.8.0_144\lib\jsse.jar;C:\Program Files\Java\jre1.8.0_144\lib\jce.jar;C:\Program Files\Java\jre1.8.0_144\lib\charsets.jar;C:\Program Files\Java\jre1.8.0_144\lib\jfr.jar;C:\Program Files\Java\jre1.8.0_144\lib\ext\access-bridge-64.jar;C:\Program Files\Java\jre1.8.0_144\lib\ext\cldrdata.jar;C:\Program Files\Java\jre1.8.0_144\lib\ext\dnsns.jar;C:\Program Files\Java\jre1.8.0_144\lib\ext\jaccess.jar;C:\Program Files\Java\jre1.8.0_144\lib\ext\jfxrt.jar;C:\Program Files\Java\jre1.8.0_144\lib\ext\localedata.jar;C:\Program Files\Java\jre1.8.0_144\lib\ext\nashorn.jar;C:\Program Files\Java\jre1.8.0_144\lib\ext\sunec.jar;C:\Program Files\Java\jre1.8.0_144\lib\ext\sunjce_provider.jar;C:\Program Files\Java\jre1.8.0_144\lib\ext\sunmscapi.jar;C:\Program Files\Java\jre1.8.0_144\lib\ext\sunpkcs11.jar;C:\Program Files\Java\jre1.8.0_144\lib\ext\zipfs.jar;C:\Users\augus\Documents\GitHub\groupProject\ArcadeProject\bin;C:\Users\augus\Documents\LWJGL-3.1.4_built_1\joml-1.9.4.jar;C:\Users\augus\Documents\LWJGL-3.1.4_built_1\joml-1.9.4-javadoc.jar;C:\Users\augus\Documents\LWJGL-3.1.4_built_1\joml-1.9.4-sources.jar;C:\Users\augus\Documents\LWJGL-3.1.4_built_1\lwjgl.jar;C:\Users\augus\Documents\LWJGL-3.1.4_built_1\lwjgl-assimp.jar;C:\Users\augus\Documents\LWJGL-3.1.4_built_1\lwjgl-assimp-javadoc.jar;C:\Users\augus\Documents\LWJGL-3.1.4_built_1\lwjgl-assimp-natives-windows.jar;C:\Users\augus\Documents\LWJGL-3.1.4_built_1\lwjgl-assimp-sources.jar;C:\Users\augus\Documents\LWJGL-3.1.4_built_1\lwjgl-bgfx.jar;C:\Users\augus\Documents\LWJGL-3.1.4_built_1\lwjgl-bgfx-javadoc.jar;C:\Users\augus\Documents\LWJGL-3.1.4_built_1\lwjgl-bgfx-natives-windows.jar;C:\Users\augus\Documents\LWJGL-3.1.4_built_1\lwjgl-bgfx-sources.jar;C:\Users\augus\Documents\LWJGL-3.1.4_built_1\lwjgl-egl.jar;C:\Users\augus\Documents\LWJGL-3.1.4_built_1\lwjgl-egl-javadoc.jar;C:\Users\
Launcher Type: SUN_STANDARD

Environment Variables:
PATH=C:/Program Files/Java/jre1.8.0_144/bin/server;C:/Program Files/Java/jre1.8.0_144/bin;C:/Program Files/Java/jre1.8.0_144/lib/amd64;C:\Program Files\Microsoft MPI\Bin\;C:\ProgramData\Oracle\Java\javapath;C:\Program Files (x86)\Intel\iCLS Client\;C:\Program Files\Intel\iCLS Client\;C:\windows\system32;C:\windows;C:\windows\System32\Wbem;C:\windows\System32\WindowsPowerShell\v1.0\;C:\Program Files (x86)\Intel\Intel(R) Management Engine Components\DAL;C:\Program Files\Intel\Intel(R) Management Engine Components\DAL;C:\Program Files (x86)\Intel\Intel(R) Management Engine Components\IPT;C:\Program Files\Intel\Intel(R) Management Engine Components\IPT;C:\Program Files (x86)\Skype\Phone\;C:\Program Files\PuTTY\;C:\Program Files (x86)\GtkSharp\2.12\bin;C:\Program Files\Microsoft SQL Server\130\Tools\Binn\;C:\Users\augus\AppData\Local\Microsoft\WindowsApps;C:\Users\augus\AppData\Local\GitHubDesktop\bin;C:\Users\augus\AppData\Local\Programs\Git\cmd;C:\Users\augus\Documents\eclipse;
USERNAME=augus
OS=Windows_NT
PROCESSOR_IDENTIFIER=Intel64 Family 6 Model 78 Stepping 3, GenuineIntel



---------------  S Y S T E M  ---------------

OS: Windows 10.0 , 64 bit Build 14393 (10.0.14393.1198)

CPU:total 4 (initial active 4) (2 cores per cpu, 2 threads per core) family 6 model 78 stepping 3, cmov, cx8, fxsr, mmx, sse, sse2, sse3, ssse3, sse4.1, sse4.2, popcnt, avx, avx2, aes, clmul, erms, rtm, 3dnowpref, lzcnt, ht, tsc, tscinvbit, bmi1, bmi2, adx

Memory: 4k page, physical 6179744k(1872716k free), swap 7162784k(1927904k free)

vm_info: Java HotSpot(TM) 64-Bit Server VM (25.144-b01) for windows-amd64 JRE (1.8.0_144-b01), built on Jul 21 2017 21:57:33 by "java_re" with MS VC++ 10.0 (VS2010)

time: Tue Oct 24 14:05:31 2017
elapsed time: 1 seconds (0d 0h 0m 1s)

